Using pre-set license
Built from '2021.3/staging' branch; Version is '2021.3.8f1 (b30333d56e81) revision 11731763'; Using compiler version '192829333'; Build Type 'Release'
OS: 'Windows 10  (10.0.19044) 64bit Professional' Language: 'ru' Physical Memory: 32694 MB
BatchMode: 1, IsHumanControllingUs: 0, StartBugReporterOnCrash: 0, Is64bit: 1, IsPro: 1

COMMAND LINE ARGUMENTS:
C:\Program Files\Unity\Hub\Editor\2021.3.8f1\Editor\Unity.exe
-adb2
-batchMode
-noUpm
-name
AssetImportWorker4
-projectPath
C:/Users/KOBAN13/Documents/GitHub/Hunt-Dev
-logFile
Logs/AssetImportWorker4.log
-srvPort
65360
Successfully changed project path to: C:/Users/KOBAN13/Documents/GitHub/Hunt-Dev
C:/Users/KOBAN13/Documents/GitHub/Hunt-Dev
[UnityMemory] Configuration Parameters - Can be set up in boot.config
    "memorysetup-bucket-allocator-granularity=16"
    "memorysetup-bucket-allocator-bucket-count=8"
    "memorysetup-bucket-allocator-block-size=33554432"
    "memorysetup-bucket-allocator-block-count=8"
    "memorysetup-main-allocator-block-size=16777216"
    "memorysetup-thread-allocator-block-size=16777216"
    "memorysetup-gfx-main-allocator-block-size=16777216"
    "memorysetup-gfx-thread-allocator-block-size=16777216"
    "memorysetup-cache-allocator-block-size=4194304"
    "memorysetup-typetree-allocator-block-size=2097152"
    "memorysetup-profiler-bucket-allocator-granularity=16"
    "memorysetup-profiler-bucket-allocator-bucket-count=8"
    "memorysetup-profiler-bucket-allocator-block-size=33554432"
    "memorysetup-profiler-bucket-allocator-block-count=8"
    "memorysetup-profiler-allocator-block-size=16777216"
    "memorysetup-profiler-editor-allocator-block-size=1048576"
    "memorysetup-temp-allocator-size-main=16777216"
    "memorysetup-job-temp-allocator-block-size=2097152"
    "memorysetup-job-temp-allocator-block-size-background=1048576"
    "memorysetup-job-temp-allocator-reduction-small-platforms=262144"
    "memorysetup-temp-allocator-size-background-worker=32768"
    "memorysetup-temp-allocator-size-job-worker=262144"
    "memorysetup-temp-allocator-size-preload-manager=33554432"
    "memorysetup-temp-allocator-size-nav-mesh-worker=65536"
    "memorysetup-temp-allocator-size-audio-worker=65536"
    "memorysetup-temp-allocator-size-cloud-worker=32768"
    "memorysetup-temp-allocator-size-gi-baking-worker=262144"
    "memorysetup-temp-allocator-size-gfx=262144"
Refreshing native plugins compatible for Editor in 5382.67 ms, found 3 plugins.
Preloading 0 native plugins for Editor in 0.00 ms.
Initialize engine version: 2021.3.8f1 (b30333d56e81)
[Subsystems] Discovering subsystems at path C:/Program Files/Unity/Hub/Editor/2021.3.8f1/Editor/Data/Resources/UnitySubsystems
[Subsystems] Discovering subsystems at path C:/Users/KOBAN13/Documents/GitHub/Hunt-Dev/Assets
GfxDevice: creating device client; threaded=0; jobified=0
Direct3D:
    Version:  Direct3D 11.0 [level 11.1]
    Renderer: AMD Radeon RX 6700 XT (ID=0x73df)
    Vendor:   ATI
    VRAM:     12243 MB
    Driver:   31.0.14033.1012
Initialize mono
Mono path[0] = 'C:/Program Files/Unity/Hub/Editor/2021.3.8f1/Editor/Data/Managed'
Mono path[1] = 'C:/Program Files/Unity/Hub/Editor/2021.3.8f1/Editor/Data/MonoBleedingEdge/lib/mono/unityjit-win32'
Mono config path = 'C:/Program Files/Unity/Hub/Editor/2021.3.8f1/Editor/Data/MonoBleedingEdge/etc'
Using monoOptions --debugger-agent=transport=dt_socket,embedding=1,server=y,suspend=n,address=127.0.0.1:56604
Begin MonoManager ReloadAssembly
Registering precompiled unity dll's ...
Register platform support module: C:/Program Files/Unity/Hub/Editor/2021.3.8f1/Editor/Data/PlaybackEngines/WebGLSupport/UnityEditor.WebGL.Extensions.dll
Register platform support module: C:/Program Files/Unity/Hub/Editor/2021.3.8f1/Editor/Data/PlaybackEngines/WindowsStandaloneSupport/UnityEditor.WindowsStandalone.Extensions.dll
Registered in 0.010724 seconds.
Native extension for WindowsStandalone target not found
Native extension for WebGL target not found
Refreshing native plugins compatible for Editor in 98.04 ms, found 3 plugins.
Preloading 0 native plugins for Editor in 0.00 ms.
Mono: successfully reloaded assembly
- Completed reload, in  0.612 seconds
Domain Reload Profiling:
	ReloadAssembly (613ms)
		BeginReloadAssembly (138ms)
			ExecutionOrderSort (0ms)
			DisableScriptedObjects (0ms)
			BackupInstance (0ms)
			ReleaseScriptingObjects (0ms)
			CreateAndSetChildDomain (1ms)
		EndReloadAssembly (371ms)
			LoadAssemblies (134ms)
			RebuildTransferFunctionScriptingTraits (0ms)
			SetupTypeCache (75ms)
			ReleaseScriptCaches (0ms)
			RebuildScriptCaches (20ms)
			SetupLoadedEditorAssemblies (232ms)
				LogAssemblyErrors (0ms)
				InitializePlatformSupportModulesInManaged (7ms)
				SetLoadedEditorAssemblies (0ms)
				RefreshPlugins (98ms)
				BeforeProcessingInitializeOnLoad (1ms)
				ProcessInitializeOnLoadAttributes (93ms)
				ProcessInitializeOnLoadMethodAttributes (33ms)
				AfterProcessingInitializeOnLoad (0ms)
				EditorAssembliesLoaded (0ms)
			ExecutionOrderSort2 (0ms)
			AwakeInstancesAfterBackupRestoration (0ms)
Platform modules already initialized, skipping
Registering precompiled user dll's ...
Registered in 0.014919 seconds.
Begin MonoManager ReloadAssembly
Symbol file LoadedFromMemory doesn't match image C:\Users\KOBAN13\Documents\GitHub\Hunt-Dev\Library\PackageCache\com.unity.visualscripting@1.8.0\Editor\VisualScripting.Core\Dependencies\YamlDotNet\Unity.VisualScripting.YamlDotNet.dll
Symbol file LoadedFromMemory doesn't match image C:\Users\KOBAN13\Documents\GitHub\Hunt-Dev\Library\PackageCache\com.unity.visualscripting@1.8.0\Editor\VisualScripting.Core\Dependencies\DotNetZip\Unity.VisualScripting.IonicZip.dll
Native extension for WindowsStandalone target not found
Native extension for WebGL target not found
Refreshing native plugins compatible for Editor in 0.97 ms, found 3 plugins.
Preloading 0 native plugins for Editor in 0.00 ms.
Mono: successfully reloaded assembly
Package Manager log level set to [2]
- Completed reload, in  6.611 seconds
Domain Reload Profiling:
	ReloadAssembly (6611ms)
		BeginReloadAssembly (89ms)
			ExecutionOrderSort (0ms)
			DisableScriptedObjects (4ms)
			BackupInstance (0ms)
			ReleaseScriptingObjects (0ms)
			CreateAndSetChildDomain (16ms)
		EndReloadAssembly (6413ms)
			LoadAssemblies (133ms)
			RebuildTransferFunctionScriptingTraits (0ms)
			SetupTypeCache (230ms)
			ReleaseScriptCaches (1ms)
			RebuildScriptCaches (35ms)
			SetupLoadedEditorAssemblies (5981ms)
				LogAssemblyErrors (0ms)
				InitializePlatformSupportModulesInManaged (6ms)
				SetLoadedEditorAssemblies (0ms)
				RefreshPlugins (1ms)
				BeforeProcessingInitializeOnLoad (65ms)
				ProcessInitializeOnLoadAttributes (5887ms)
				ProcessInitializeOnLoadMethodAttributes (14ms)
				AfterProcessingInitializeOnLoad (8ms)
				EditorAssembliesLoaded (0ms)
			ExecutionOrderSort2 (0ms)
			AwakeInstancesAfterBackupRestoration (4ms)
Platform modules already initialized, skipping
========================================================================
Worker process is ready to serve import requests
Launched and connected shader compiler UnityShaderCompiler.exe after 0.06 seconds
Refreshing native plugins compatible for Editor in 1.18 ms, found 3 plugins.
Preloading 0 native plugins for Editor in 0.00 ms.
Unloading 3225 Unused Serialized files (Serialized files now loaded: 0)
Unloading 37 unused Assets / (56.2 KB). Loaded Objects now: 3704.
Memory consumption went from 141.0 MB to 140.9 MB.
Total: 2.448500 ms (FindLiveObjects: 0.221700 ms CreateObjectMapping: 0.087400 ms MarkObjects: 2.064200 ms  DeleteObjects: 0.074200 ms)

AssetImportParameters requested are different than current active one (requested -> active):
  custom:video-decoder-ogg-theora: a1e56fd34408186e4bbccfd4996cb3dc -> 
  custom:container-muxer-webm: aa71ff27fc2769a1b78a27578f13a17b -> 
  custom:container-demuxer-webm: 4f35f7cbe854078d1ac9338744f61a02 -> 
  custom:video-encoder-webm-vp8: eb34c28f22e8b96e1ab97ce403110664 -> 
  custom:audio-encoder-webm-vorbis: bf7c407c2cedff20999df2af8eb42d56 -> 
  custom:framework-win-MediaFoundation: 216162199b28c13a410421893ffa2e32 -> 
  custom:container-demuxer-ogg: 62fdf1f143b41e24485cea50d1cbac27 -> 
  custom:video-decoder-webm-vp8: 9c59270c3fd7afecdb556c50c9e8de78 -> 
  custom:audio-decoder-ogg-vorbis: bf7c407c2cedff20999df2af8eb42d56 -> 
========================================================================
Received Import Request.
  Time since last request: 10863.900090 seconds.
  path: Assets/Low poly characters/Low Poly Survival Characters
  artifactKey: Guid(5832fc9d3d23456449d1f46c79f1bd1b) Importer(815301076,1909f56bfc062723c751e8b465ee728b)
Start importing Assets/Low poly characters/Low Poly Survival Characters using Guid(5832fc9d3d23456449d1f46c79f1bd1b) Importer(815301076,1909f56bfc062723c751e8b465ee728b)  -> (artifact id: '9ce7aabbbf0099e9848a484832183b4b') in 0.006589 seconds 
========================================================================
Received Import Request.
  Time since last request: 2.698832 seconds.
  path: Assets/Low poly characters/Low Poly Survival Characters/Prefabs
  artifactKey: Guid(320b07e0c3664f2409a5d5d7b771d77c) Importer(815301076,1909f56bfc062723c751e8b465ee728b)
Start importing Assets/Low poly characters/Low Poly Survival Characters/Prefabs using Guid(320b07e0c3664f2409a5d5d7b771d77c) Importer(815301076,1909f56bfc062723c751e8b465ee728b)  -> (artifact id: '53a2319af13297cb52465ca737770630') in 0.001545 seconds 
========================================================================
Received Import Request.
  Time since last request: 1.432579 seconds.
  path: Assets/Low poly characters/Low Poly Survival Characters/Prefabs/Bullets
  artifactKey: Guid(038a0aa7e1900fa418b4b23f0357a33d) Importer(815301076,1909f56bfc062723c751e8b465ee728b)
Start importing Assets/Low poly characters/Low Poly Survival Characters/Prefabs/Bullets using Guid(038a0aa7e1900fa418b4b23f0357a33d) Importer(815301076,1909f56bfc062723c751e8b465ee728b)  -> (artifact id: '61a330584c7883f5e216ff1d66421d86') in 0.001095 seconds 
========================================================================
Received Import Request.
  Time since last request: 0.065659 seconds.
  path: Assets/Low poly characters/Low Poly Survival Characters/Prefabs/Bullets/9mm Bullet.prefab
  artifactKey: Guid(1f0a19d1bcaa2bb4881afe332f3c7aac) Importer(815301076,1909f56bfc062723c751e8b465ee728b)
Start importing Assets/Low poly characters/Low Poly Survival Characters/Prefabs/Bullets/9mm Bullet.prefab using Guid(1f0a19d1bcaa2bb4881afe332f3c7aac) Importer(815301076,1909f56bfc062723c751e8b465ee728b)  -> (artifact id: 'aa1caa802d50fb5c665ec297a70b9243') in 0.091415 seconds 
========================================================================
Received Import Request.
  Time since last request: 6.030917 seconds.
  path: Assets/Low poly characters/Low Poly Survival Characters/Prefabs/Weapons
  artifactKey: Guid(587018aaa14b6ae40b6e039588f51217) Importer(815301076,1909f56bfc062723c751e8b465ee728b)
Start importing Assets/Low poly characters/Low Poly Survival Characters/Prefabs/Weapons using Guid(587018aaa14b6ae40b6e039588f51217) Importer(815301076,1909f56bfc062723c751e8b465ee728b)  -> (artifact id: 'f9c6fa901e7f8a9406f547695adebf67') in 0.001237 seconds 
========================================================================
Received Import Request.
  Time since last request: 0.071608 seconds.
  path: Assets/Low poly characters/Low Poly Survival Characters/Prefabs/Weapons/9mm Pistol & 9mm Magazine.prefab
  artifactKey: Guid(508efed665643404993579b56e5f0feb) Importer(815301076,1909f56bfc062723c751e8b465ee728b)
Start importing Assets/Low poly characters/Low Poly Survival Characters/Prefabs/Weapons/9mm Pistol & 9mm Magazine.prefab using Guid(508efed665643404993579b56e5f0feb) Importer(815301076,1909f56bfc062723c751e8b465ee728b)  -> (artifact id: 'b925b85cd91758a8c10f709636b76099') in 0.014906 seconds 
========================================================================
Received Import Request.
  Time since last request: 0.000026 seconds.
  path: Assets/Low poly characters/Low Poly Survival Characters/Prefabs/Weapons/Rusty Pipe.prefab
  artifactKey: Guid(009d02ea3013a47469d882d369e9a110) Importer(815301076,1909f56bfc062723c751e8b465ee728b)
Start importing Assets/Low poly characters/Low Poly Survival Characters/Prefabs/Weapons/Rusty Pipe.prefab using Guid(009d02ea3013a47469d882d369e9a110) Importer(815301076,1909f56bfc062723c751e8b465ee728b)  -> (artifact id: '438b6f3773aa11a131a53ecbc0a8ad8b') in 0.015182 seconds 
========================================================================
Received Import Request.
  Time since last request: 0.000016 seconds.
  path: Assets/Low poly characters/Low Poly Survival Characters/Prefabs/Weapons/Remington 870.prefab
  artifactKey: Guid(dfc974d3838a4a641a4e8d64440095a7) Importer(815301076,1909f56bfc062723c751e8b465ee728b)
Start importing Assets/Low poly characters/Low Poly Survival Characters/Prefabs/Weapons/Remington 870.prefab using Guid(dfc974d3838a4a641a4e8d64440095a7) Importer(815301076,1909f56bfc062723c751e8b465ee728b)  -> (artifact id: 'd7eb1e19f19af82c935a36a20d6db2ab') in 0.012917 seconds 
========================================================================
Received Import Request.
  Time since last request: 0.000017 seconds.
  path: Assets/Low poly characters/Low Poly Survival Characters/Prefabs/Weapons/Baseball Bat.prefab
  artifactKey: Guid(d818c9353e717534f88855931ecaf564) Importer(815301076,1909f56bfc062723c751e8b465ee728b)
Start importing Assets/Low poly characters/Low Poly Survival Characters/Prefabs/Weapons/Baseball Bat.prefab using Guid(d818c9353e717534f88855931ecaf564) Importer(815301076,1909f56bfc062723c751e8b465ee728b)  -> (artifact id: '62f5366c6bc3f8ebc9305a658a8698ee') in 0.016993 seconds 
========================================================================
Received Import Request.
  Time since last request: 0.000030 seconds.
  path: Assets/Low poly characters/Low Poly Survival Characters/Prefabs/Weapons/M4A1 & Magazine.prefab
  artifactKey: Guid(4aa0e666cac3bd04eb9162cfd3f0de19) Importer(815301076,1909f56bfc062723c751e8b465ee728b)
Start importing Assets/Low poly characters/Low Poly Survival Characters/Prefabs/Weapons/M4A1 & Magazine.prefab using Guid(4aa0e666cac3bd04eb9162cfd3f0de19) Importer(815301076,1909f56bfc062723c751e8b465ee728b)  -> (artifact id: 'b19f1a1ef0c03f027b80cd5c2fcadfe0') in 0.011094 seconds 
========================================================================
Received Import Request.
  Time since last request: 17.410786 seconds.
  path: Assets/Low poly characters/Low Poly Survival Characters/Meshes
  artifactKey: Guid(5e2fd0aa5472cca49821031920f47120) Importer(815301076,1909f56bfc062723c751e8b465ee728b)
Start importing Assets/Low poly characters/Low Poly Survival Characters/Meshes using Guid(5e2fd0aa5472cca49821031920f47120) Importer(815301076,1909f56bfc062723c751e8b465ee728b)  -> (artifact id: '3531ac04e9c423ea5555ee4b5971151f') in 0.001473 seconds 
========================================================================
Received Import Request.
  Time since last request: 1.692773 seconds.
  path: Assets/Low poly characters/Low Poly Survival Characters/Meshes/Bullets
  artifactKey: Guid(869f8f7ae8c44e64786851bac63e5c2e) Importer(815301076,1909f56bfc062723c751e8b465ee728b)
Start importing Assets/Low poly characters/Low Poly Survival Characters/Meshes/Bullets using Guid(869f8f7ae8c44e64786851bac63e5c2e) Importer(815301076,1909f56bfc062723c751e8b465ee728b)  -> (artifact id: 'b2667c2b85b8cf85059cd3bdca8c5801') in 0.001357 seconds 
========================================================================
Received Import Request.
  Time since last request: 0.000021 seconds.
  path: Assets/Low poly characters/Low Poly Survival Characters/Meshes/Bullets/Shotgun Shells.fbx
  artifactKey: Guid(82eaac8a2ffc72947a452843f77ee991) Importer(815301076,1909f56bfc062723c751e8b465ee728b)
Start importing Assets/Low poly characters/Low Poly Survival Characters/Meshes/Bullets/Shotgun Shells.fbx using Guid(82eaac8a2ffc72947a452843f77ee991) Importer(815301076,1909f56bfc062723c751e8b465ee728b)  -> (artifact id: '5ab6712781f28a641a9a61d991fdf276') in 0.993588 seconds 
========================================================================
Received Import Request.
  Time since last request: 16194.061776 seconds.
  path: Assets/Scripts/Prefabs/Гильза.fbx
  artifactKey: Guid(c21f4b14bfb7b4d45b8d651a8edc3e6a) Importer(815301076,1909f56bfc062723c751e8b465ee728b)
Start importing Assets/Scripts/Prefabs/Гильза.fbx using Guid(c21f4b14bfb7b4d45b8d651a8edc3e6a) Importer(815301076,1909f56bfc062723c751e8b465ee728b)  -> (artifact id: '0847ea66e69d622ed498936626cdc9ca') in 0.029494 seconds 
========================================================================
Received Prepare
Registering precompiled user dll's ...
Registered in 0.003654 seconds.
Begin MonoManager ReloadAssembly
Symbol file LoadedFromMemory doesn't match image C:\Users\KOBAN13\Documents\GitHub\Hunt-Dev\Library\PackageCache\com.unity.visualscripting@1.8.0\Editor\VisualScripting.Core\Dependencies\YamlDotNet\Unity.VisualScripting.YamlDotNet.dll
Symbol file LoadedFromMemory doesn't match image C:\Users\KOBAN13\Documents\GitHub\Hunt-Dev\Library\PackageCache\com.unity.visualscripting@1.8.0\Editor\VisualScripting.Core\Dependencies\DotNetZip\Unity.VisualScripting.IonicZip.dll
Native extension for WindowsStandalone target not found
Native extension for WebGL target not found
Refreshing native plugins compatible for Editor in 1.10 ms, found 3 plugins.
Preloading 0 native plugins for Editor in 0.00 ms.
Mono: successfully reloaded assembly
- Completed reload, in  0.772 seconds
Domain Reload Profiling:
	ReloadAssembly (773ms)
		BeginReloadAssembly (126ms)
			ExecutionOrderSort (0ms)
			DisableScriptedObjects (5ms)
			BackupInstance (0ms)
			ReleaseScriptingObjects (0ms)
			CreateAndSetChildDomain (34ms)
		EndReloadAssembly (563ms)
			LoadAssemblies (76ms)
			RebuildTransferFunctionScriptingTraits (0ms)
			SetupTypeCache (163ms)
			ReleaseScriptCaches (1ms)
			RebuildScriptCaches (35ms)
			SetupLoadedEditorAssemblies (259ms)
				LogAssemblyErrors (0ms)
				InitializePlatformSupportModulesInManaged (13ms)
				SetLoadedEditorAssemblies (0ms)
				RefreshPlugins (1ms)
				BeforeProcessingInitializeOnLoad (58ms)
				ProcessInitializeOnLoadAttributes (161ms)
				ProcessInitializeOnLoadMethodAttributes (15ms)
				AfterProcessingInitializeOnLoad (9ms)
				EditorAssembliesLoaded (0ms)
			ExecutionOrderSort2 (0ms)
			AwakeInstancesAfterBackupRestoration (5ms)
Platform modules already initialized, skipping
Refreshing native plugins compatible for Editor in 3.72 ms, found 3 plugins.
Preloading 0 native plugins for Editor in 0.00 ms.
Unloading 3204 Unused Serialized files (Serialized files now loaded: 0)
Unloading 30 unused Assets / (24.7 KB). Loaded Objects now: 3751.
Memory consumption went from 144.1 MB to 144.1 MB.
Total: 2.324800 ms (FindLiveObjects: 0.199100 ms CreateObjectMapping: 0.069700 ms MarkObjects: 2.036800 ms  DeleteObjects: 0.018500 ms)

AssetImportParameters requested are different than current active one (requested -> active):
  custom:video-decoder-ogg-theora: a1e56fd34408186e4bbccfd4996cb3dc -> 
  custom:container-muxer-webm: aa71ff27fc2769a1b78a27578f13a17b -> 
  custom:container-demuxer-webm: 4f35f7cbe854078d1ac9338744f61a02 -> 
  custom:video-encoder-webm-vp8: eb34c28f22e8b96e1ab97ce403110664 -> 
  custom:audio-encoder-webm-vorbis: bf7c407c2cedff20999df2af8eb42d56 -> 
  custom:framework-win-MediaFoundation: 216162199b28c13a410421893ffa2e32 -> 
  custom:container-demuxer-ogg: 62fdf1f143b41e24485cea50d1cbac27 -> 
  custom:video-decoder-webm-vp8: 9c59270c3fd7afecdb556c50c9e8de78 -> 
  custom:audio-decoder-ogg-vorbis: bf7c407c2cedff20999df2af8eb42d56 -> 
========================================================================
Received Import Request.
  Time since last request: 688.000462 seconds.
  path: Assets/Scripts/Prefabs/New Prefab.prefab
  artifactKey: Guid(63bfc67c133a952409d3cdfc116c6cbb) Importer(815301076,1909f56bfc062723c751e8b465ee728b)
Start importing Assets/Scripts/Prefabs/New Prefab.prefab using Guid(63bfc67c133a952409d3cdfc116c6cbb) Importer(815301076,1909f56bfc062723c751e8b465ee728b)  -> (artifact id: '0944a68035ffb47a619bbf2d907e8105') in 0.021559 seconds 
========================================================================
Received Import Request.
  Time since last request: 18.035052 seconds.
  path: Assets/Scripts/Prefabs/New Prefab.prefab
  artifactKey: Guid(63bfc67c133a952409d3cdfc116c6cbb) Importer(815301076,1909f56bfc062723c751e8b465ee728b)
Start importing Assets/Scripts/Prefabs/New Prefab.prefab using Guid(63bfc67c133a952409d3cdfc116c6cbb) Importer(815301076,1909f56bfc062723c751e8b465ee728b)  -> (artifact id: 'ecaad4a8875cce7978c1941b32298b51') in 0.042903 seconds 
========================================================================
Received Import Request.
  Time since last request: 125.548298 seconds.
  path: Assets/Scripts/Prefabs/Гильза.prefab
  artifactKey: Guid(fed7ffb6ec1029342b286eb1df9d79d5) Importer(815301076,1909f56bfc062723c751e8b465ee728b)
Start importing Assets/Scripts/Prefabs/Гильза.prefab using Guid(fed7ffb6ec1029342b286eb1df9d79d5) Importer(815301076,1909f56bfc062723c751e8b465ee728b)  -> (artifact id: 'ed78ad55f87657ddce19cba869fe5f64') in 0.011070 seconds 
========================================================================
Received Import Request.
  Time since last request: 220.604334 seconds.
  path: Assets/Scripts/Prefabs/Пулькаfbx.prefab
  artifactKey: Guid(caef45c8f34ec2e4aa9f9139f5180691) Importer(815301076,1909f56bfc062723c751e8b465ee728b)
Start importing Assets/Scripts/Prefabs/Пулькаfbx.prefab using Guid(caef45c8f34ec2e4aa9f9139f5180691) Importer(815301076,1909f56bfc062723c751e8b465ee728b)  -> (artifact id: '76d549fdabb0304e5e9a971cd1193727') in 0.009551 seconds 
========================================================================
Received Import Request.
  Time since last request: 93.194794 seconds.
  path: Assets/Scripts/Prefabs/Пулькаfbx.prefab
  artifactKey: Guid(caef45c8f34ec2e4aa9f9139f5180691) Importer(815301076,1909f56bfc062723c751e8b465ee728b)
Start importing Assets/Scripts/Prefabs/Пулькаfbx.prefab using Guid(caef45c8f34ec2e4aa9f9139f5180691) Importer(815301076,1909f56bfc062723c751e8b465ee728b)  -> (artifact id: '838d95a05a5bac195fa387dcd0da2a3a') in 0.012936 seconds 
========================================================================
Received Import Request.
  Time since last request: 6.810131 seconds.
  path: Assets/Scripts/Prefabs/Пулькаfbx.prefab
  artifactKey: Guid(caef45c8f34ec2e4aa9f9139f5180691) Importer(815301076,1909f56bfc062723c751e8b465ee728b)
Start importing Assets/Scripts/Prefabs/Пулькаfbx.prefab using Guid(caef45c8f34ec2e4aa9f9139f5180691) Importer(815301076,1909f56bfc062723c751e8b465ee728b)  -> (artifact id: '5063a54eae85d6df74249588d441ae11') in 0.008283 seconds 
