Using pre-set license
Built from '2021.3/staging' branch; Version is '2021.3.8f1 (b30333d56e81) revision 11731763'; Using compiler version '192829333'; Build Type 'Release'
OS: 'Windows 10  (10.0.19044) 64bit Professional' Language: 'ru' Physical Memory: 32665 MB
BatchMode: 1, IsHumanControllingUs: 0, StartBugReporterOnCrash: 0, Is64bit: 1, IsPro: 1

COMMAND LINE ARGUMENTS:
C:\Program Files\Unity\Hub\Editor\2021.3.8f1\Editor\Unity.exe
-adb2
-batchMode
-noUpm
-name
AssetImportWorker11
-projectPath
C:/Users/500DX/OneDrive/Documents/GitHub/Hunt-Dev2
-logFile
Logs/AssetImportWorker11.log
-srvPort
50037
Successfully changed project path to: C:/Users/500DX/OneDrive/Documents/GitHub/Hunt-Dev2
C:/Users/500DX/OneDrive/Documents/GitHub/Hunt-Dev2
[UnityMemory] Configuration Parameters - Can be set up in boot.config
    "memorysetup-bucket-allocator-granularity=16"
    "memorysetup-bucket-allocator-bucket-count=8"
    "memorysetup-bucket-allocator-block-size=33554432"
    "memorysetup-bucket-allocator-block-count=8"
    "memorysetup-main-allocator-block-size=16777216"
    "memorysetup-thread-allocator-block-size=16777216"
    "memorysetup-gfx-main-allocator-block-size=16777216"
    "memorysetup-gfx-thread-allocator-block-size=16777216"
    "memorysetup-cache-allocator-block-size=4194304"
    "memorysetup-typetree-allocator-block-size=2097152"
    "memorysetup-profiler-bucket-allocator-granularity=16"
    "memorysetup-profiler-bucket-allocator-bucket-count=8"
    "memorysetup-profiler-bucket-allocator-block-size=33554432"
    "memorysetup-profiler-bucket-allocator-block-count=8"
    "memorysetup-profiler-allocator-block-size=16777216"
    "memorysetup-profiler-editor-allocator-block-size=1048576"
    "memorysetup-temp-allocator-size-main=16777216"
    "memorysetup-job-temp-allocator-block-size=2097152"
    "memorysetup-job-temp-allocator-block-size-background=1048576"
    "memorysetup-job-temp-allocator-reduction-small-platforms=262144"
    "memorysetup-temp-allocator-size-background-worker=32768"
    "memorysetup-temp-allocator-size-job-worker=262144"
    "memorysetup-temp-allocator-size-preload-manager=33554432"
    "memorysetup-temp-allocator-size-nav-mesh-worker=65536"
    "memorysetup-temp-allocator-size-audio-worker=65536"
    "memorysetup-temp-allocator-size-cloud-worker=32768"
    "memorysetup-temp-allocator-size-gi-baking-worker=262144"
    "memorysetup-temp-allocator-size-gfx=262144"
Refreshing native plugins compatible for Editor in 120.59 ms, found 3 plugins.
Preloading 0 native plugins for Editor in 0.00 ms.
Initialize engine version: 2021.3.8f1 (b30333d56e81)
[Subsystems] Discovering subsystems at path C:/Program Files/Unity/Hub/Editor/2021.3.8f1/Editor/Data/Resources/UnitySubsystems
[Subsystems] Discovering subsystems at path C:/Users/500DX/OneDrive/Documents/GitHub/Hunt-Dev2/Assets
GfxDevice: creating device client; threaded=0; jobified=0
Direct3D:
    Version:  Direct3D 11.0 [level 11.1]
    Renderer: NVIDIA GeForce RTX 3070 Ti (ID=0x2482)
    Vendor:   NVIDIA
    VRAM:     8041 MB
    Driver:   31.0.15.1694
Initialize mono
Mono path[0] = 'C:/Program Files/Unity/Hub/Editor/2021.3.8f1/Editor/Data/Managed'
Mono path[1] = 'C:/Program Files/Unity/Hub/Editor/2021.3.8f1/Editor/Data/MonoBleedingEdge/lib/mono/unityjit-win32'
Mono config path = 'C:/Program Files/Unity/Hub/Editor/2021.3.8f1/Editor/Data/MonoBleedingEdge/etc'
Using monoOptions --debugger-agent=transport=dt_socket,embedding=1,server=y,suspend=n,address=127.0.0.1:56088
Begin MonoManager ReloadAssembly
Registering precompiled unity dll's ...
Register platform support module: C:/Program Files/Unity/Hub/Editor/2021.3.8f1/Editor/Data/PlaybackEngines/WindowsStandaloneSupport/UnityEditor.WindowsStandalone.Extensions.dll
Registered in 0.007489 seconds.
Native extension for WindowsStandalone target not found
Refreshing native plugins compatible for Editor in 111.33 ms, found 3 plugins.
Preloading 0 native plugins for Editor in 0.00 ms.
Mono: successfully reloaded assembly
- Completed reload, in  0.626 seconds
Domain Reload Profiling:
	ReloadAssembly (627ms)
		BeginReloadAssembly (75ms)
			ExecutionOrderSort (0ms)
			DisableScriptedObjects (0ms)
			BackupInstance (0ms)
			ReleaseScriptingObjects (0ms)
			CreateAndSetChildDomain (1ms)
		EndReloadAssembly (450ms)
			LoadAssemblies (73ms)
			RebuildTransferFunctionScriptingTraits (0ms)
			SetupTypeCache (93ms)
			ReleaseScriptCaches (0ms)
			RebuildScriptCaches (23ms)
			SetupLoadedEditorAssemblies (285ms)
				LogAssemblyErrors (0ms)
				InitializePlatformSupportModulesInManaged (7ms)
				SetLoadedEditorAssemblies (0ms)
				RefreshPlugins (111ms)
				BeforeProcessingInitializeOnLoad (1ms)
				ProcessInitializeOnLoadAttributes (120ms)
				ProcessInitializeOnLoadMethodAttributes (45ms)
				AfterProcessingInitializeOnLoad (0ms)
				EditorAssembliesLoaded (0ms)
			ExecutionOrderSort2 (0ms)
			AwakeInstancesAfterBackupRestoration (0ms)
Platform modules already initialized, skipping
Registering precompiled user dll's ...
Registered in 0.004184 seconds.
Begin MonoManager ReloadAssembly
Symbol file LoadedFromMemory doesn't match image C:\Users\500DX\OneDrive\Documents\GitHub\Hunt-Dev2\Library\PackageCache\com.unity.visualscripting@1.8.0\Editor\VisualScripting.Core\Dependencies\YamlDotNet\Unity.VisualScripting.YamlDotNet.dll
Symbol file LoadedFromMemory doesn't match image C:\Users\500DX\OneDrive\Documents\GitHub\Hunt-Dev2\Library\PackageCache\com.unity.visualscripting@1.8.0\Editor\VisualScripting.Core\Dependencies\DotNetZip\Unity.VisualScripting.IonicZip.dll
Native extension for WindowsStandalone target not found
Refreshing native plugins compatible for Editor in 1.16 ms, found 3 plugins.
Preloading 0 native plugins for Editor in 0.00 ms.
Mono: successfully reloaded assembly
Package Manager log level set to [2]
- Completed reload, in  1.006 seconds
Domain Reload Profiling:
	ReloadAssembly (1007ms)
		BeginReloadAssembly (102ms)
			ExecutionOrderSort (0ms)
			DisableScriptedObjects (5ms)
			BackupInstance (0ms)
			ReleaseScriptingObjects (0ms)
			CreateAndSetChildDomain (16ms)
		EndReloadAssembly (800ms)
			LoadAssemblies (75ms)
			RebuildTransferFunctionScriptingTraits (0ms)
			SetupTypeCache (182ms)
			ReleaseScriptCaches (0ms)
			RebuildScriptCaches (47ms)
			SetupLoadedEditorAssemblies (459ms)
				LogAssemblyErrors (0ms)
				InitializePlatformSupportModulesInManaged (6ms)
				SetLoadedEditorAssemblies (0ms)
				RefreshPlugins (1ms)
				BeforeProcessingInitializeOnLoad (71ms)
				ProcessInitializeOnLoadAttributes (356ms)
				ProcessInitializeOnLoadMethodAttributes (17ms)
				AfterProcessingInitializeOnLoad (8ms)
				EditorAssembliesLoaded (0ms)
			ExecutionOrderSort2 (0ms)
			AwakeInstancesAfterBackupRestoration (10ms)
Platform modules already initialized, skipping
========================================================================
Worker process is ready to serve import requests
Launched and connected shader compiler UnityShaderCompiler.exe after 0.09 seconds
Refreshing native plugins compatible for Editor in 1.18 ms, found 3 plugins.
Preloading 0 native plugins for Editor in 0.00 ms.
Unloading 3227 Unused Serialized files (Serialized files now loaded: 0)
Unloading 37 unused Assets / (56.5 KB). Loaded Objects now: 3707.
Memory consumption went from 142.3 MB to 142.3 MB.
Total: 3.153000 ms (FindLiveObjects: 0.309500 ms CreateObjectMapping: 0.259100 ms MarkObjects: 2.500100 ms  DeleteObjects: 0.083600 ms)

AssetImportParameters requested are different than current active one (requested -> active):
  custom:video-decoder-ogg-theora: a1e56fd34408186e4bbccfd4996cb3dc -> 
  custom:container-muxer-webm: aa71ff27fc2769a1b78a27578f13a17b -> 
  custom:container-demuxer-webm: 4f35f7cbe854078d1ac9338744f61a02 -> 
  custom:video-encoder-webm-vp8: eb34c28f22e8b96e1ab97ce403110664 -> 
  custom:audio-encoder-webm-vorbis: bf7c407c2cedff20999df2af8eb42d56 -> 
  custom:framework-win-MediaFoundation: 216162199b28c13a410421893ffa2e32 -> 
  custom:container-demuxer-ogg: 62fdf1f143b41e24485cea50d1cbac27 -> 
  custom:video-decoder-webm-vp8: 9c59270c3fd7afecdb556c50c9e8de78 -> 
  custom:audio-decoder-ogg-vorbis: bf7c407c2cedff20999df2af8eb42d56 -> 
========================================================================
Received Import Request.
  Time since last request: 60356.512000 seconds.
  path: Assets/polyperfect/Poly Universal Pack/- Prefabs/Sports
  artifactKey: Guid(6a189cfc335555e44a1c194debd0bbc1) Importer(815301076,1909f56bfc062723c751e8b465ee728b)
Start importing Assets/polyperfect/Poly Universal Pack/- Prefabs/Sports using Guid(6a189cfc335555e44a1c194debd0bbc1) Importer(815301076,1909f56bfc062723c751e8b465ee728b)  -> (artifact id: '80ad80f733ef28d354edf47b3e5441d3') in 0.004950 seconds 
========================================================================
Received Import Request.
  Time since last request: 0.571563 seconds.
  path: Assets/polyperfect/Poly Universal Pack/- Prefabs/People
  artifactKey: Guid(62f90dd37d587034ca9652e887fd91aa) Importer(815301076,1909f56bfc062723c751e8b465ee728b)
Start importing Assets/polyperfect/Poly Universal Pack/- Prefabs/People using Guid(62f90dd37d587034ca9652e887fd91aa) Importer(815301076,1909f56bfc062723c751e8b465ee728b)  -> (artifact id: '6f557045e0ef7d7ae7d4d5e52b88f11a') in 0.001119 seconds 
========================================================================
Received Import Request.
  Time since last request: 1.738742 seconds.
  path: Assets/polyperfect/Poly Universal Pack/- Prefabs/Guns
  artifactKey: Guid(b914b535950c6c04bbf462c56d37663b) Importer(815301076,1909f56bfc062723c751e8b465ee728b)
Start importing Assets/polyperfect/Poly Universal Pack/- Prefabs/Guns using Guid(b914b535950c6c04bbf462c56d37663b) Importer(815301076,1909f56bfc062723c751e8b465ee728b)  -> (artifact id: 'b2c27269961fffec86e4b76e0af10db5') in 0.001174 seconds 
========================================================================
Received Import Request.
  Time since last request: 0.083697 seconds.
  path: Assets/polyperfect/Poly Universal Pack/- Prefabs/Guns/ak-47.prefab
  artifactKey: Guid(a83a805c4cc2a6146a831744060ed258) Importer(815301076,1909f56bfc062723c751e8b465ee728b)
Start importing Assets/polyperfect/Poly Universal Pack/- Prefabs/Guns/ak-47.prefab using Guid(a83a805c4cc2a6146a831744060ed258) Importer(815301076,1909f56bfc062723c751e8b465ee728b)  -> (artifact id: '16e5b3481314b744e6943f6304e86ee1') in 0.155247 seconds 
========================================================================
Received Import Request.
  Time since last request: 0.000024 seconds.
  path: Assets/polyperfect/Poly Universal Pack/- Prefabs/Guns/karabinier-98k.prefab
  artifactKey: Guid(27970213075487843a773c15f5da1631) Importer(815301076,1909f56bfc062723c751e8b465ee728b)
Start importing Assets/polyperfect/Poly Universal Pack/- Prefabs/Guns/karabinier-98k.prefab using Guid(27970213075487843a773c15f5da1631) Importer(815301076,1909f56bfc062723c751e8b465ee728b)  -> (artifact id: '5686a5ec76e6392de8c8353803d6af69') in 0.026634 seconds 
========================================================================
Received Import Request.
  Time since last request: 14.022769 seconds.
  path: Assets/polyperfect/Poly Universal Pack/- Prefabs/Guns/Throwables
  artifactKey: Guid(3d4b6607200c3d144915a9bc123bcb16) Importer(815301076,1909f56bfc062723c751e8b465ee728b)
Start importing Assets/polyperfect/Poly Universal Pack/- Prefabs/Guns/Throwables using Guid(3d4b6607200c3d144915a9bc123bcb16) Importer(815301076,1909f56bfc062723c751e8b465ee728b)  -> (artifact id: '9df6eafc308d5232a47ec59a70d4bd25') in 0.001440 seconds 
========================================================================
Received Import Request.
  Time since last request: 0.099821 seconds.
  path: Assets/polyperfect/Poly Universal Pack/- Prefabs/Guns/Throwables/grenade-frag.prefab
  artifactKey: Guid(56bddcd40d9e8434b82b2b8662a6d79c) Importer(815301076,1909f56bfc062723c751e8b465ee728b)
Start importing Assets/polyperfect/Poly Universal Pack/- Prefabs/Guns/Throwables/grenade-frag.prefab using Guid(56bddcd40d9e8434b82b2b8662a6d79c) Importer(815301076,1909f56bfc062723c751e8b465ee728b)  -> (artifact id: '65723b3ff3bd5763a0f9e5df77d4f0b9') in 0.019816 seconds 
========================================================================
Received Import Request.
  Time since last request: 0.000021 seconds.
  path: Assets/polyperfect/Poly Universal Pack/- Prefabs/Guns/Throwables/grenade-stun.prefab
  artifactKey: Guid(da666d24779083843b89dc8a2f30fac8) Importer(815301076,1909f56bfc062723c751e8b465ee728b)
Start importing Assets/polyperfect/Poly Universal Pack/- Prefabs/Guns/Throwables/grenade-stun.prefab using Guid(da666d24779083843b89dc8a2f30fac8) Importer(815301076,1909f56bfc062723c751e8b465ee728b)  -> (artifact id: 'c68bfaa0b785a941b9ee6be7f905222e') in 0.024857 seconds 
========================================================================
Received Import Request.
  Time since last request: 2.259573 seconds.
  path: Assets/polyperfect/Poly Universal Pack/- Prefabs/Guns/Shooting Range
  artifactKey: Guid(c4eaab9c4cc48aa448071079ade8828c) Importer(815301076,1909f56bfc062723c751e8b465ee728b)
Start importing Assets/polyperfect/Poly Universal Pack/- Prefabs/Guns/Shooting Range using Guid(c4eaab9c4cc48aa448071079ade8828c) Importer(815301076,1909f56bfc062723c751e8b465ee728b)  -> (artifact id: '81c43b8e55aa65f3839a47ac2b610913') in 0.001519 seconds 
========================================================================
Received Import Request.
  Time since last request: 0.118726 seconds.
  path: Assets/polyperfect/Poly Universal Pack/- Prefabs/Guns/Shooting Range/shed-shooting-range.prefab
  artifactKey: Guid(1f44d97ea2cb87f4aabcf2ecf6fd828f) Importer(815301076,1909f56bfc062723c751e8b465ee728b)
Start importing Assets/polyperfect/Poly Universal Pack/- Prefabs/Guns/Shooting Range/shed-shooting-range.prefab using Guid(1f44d97ea2cb87f4aabcf2ecf6fd828f) Importer(815301076,1909f56bfc062723c751e8b465ee728b)  -> (artifact id: '9477e46d0183a5a444113921fd48455c') in 0.026090 seconds 
========================================================================
Received Import Request.
  Time since last request: 0.000013 seconds.
  path: Assets/polyperfect/Poly Universal Pack/- Prefabs/Guns/Shooting Range/tire.prefab
  artifactKey: Guid(af506cbae48346b40b68088a28ddf08b) Importer(815301076,1909f56bfc062723c751e8b465ee728b)
Start importing Assets/polyperfect/Poly Universal Pack/- Prefabs/Guns/Shooting Range/tire.prefab using Guid(af506cbae48346b40b68088a28ddf08b) Importer(815301076,1909f56bfc062723c751e8b465ee728b)  -> (artifact id: 'e8502498b1d0aa9f10c4989b15fe72ee') in 0.021501 seconds 
========================================================================
Received Import Request.
  Time since last request: 1.950262 seconds.
  path: Assets/polyperfect/Poly Universal Pack/- Prefabs/Drinks
  artifactKey: Guid(aa903862e54fdea45b58a068e65db2f4) Importer(815301076,1909f56bfc062723c751e8b465ee728b)
Start importing Assets/polyperfect/Poly Universal Pack/- Prefabs/Drinks using Guid(aa903862e54fdea45b58a068e65db2f4) Importer(815301076,1909f56bfc062723c751e8b465ee728b)  -> (artifact id: '0136b58122f1b0e7eeaf441b110680f7') in 0.001278 seconds 
========================================================================
Received Prepare
Registering precompiled user dll's ...
Registered in 0.004039 seconds.
Begin MonoManager ReloadAssembly
Symbol file LoadedFromMemory doesn't match image C:\Users\500DX\OneDrive\Documents\GitHub\Hunt-Dev2\Library\PackageCache\com.unity.visualscripting@1.8.0\Editor\VisualScripting.Core\Dependencies\YamlDotNet\Unity.VisualScripting.YamlDotNet.dll
Symbol file LoadedFromMemory doesn't match image C:\Users\500DX\OneDrive\Documents\GitHub\Hunt-Dev2\Library\PackageCache\com.unity.visualscripting@1.8.0\Editor\VisualScripting.Core\Dependencies\DotNetZip\Unity.VisualScripting.IonicZip.dll
Native extension for WindowsStandalone target not found
Refreshing native plugins compatible for Editor in 1.42 ms, found 3 plugins.
Preloading 0 native plugins for Editor in 0.00 ms.
Mono: successfully reloaded assembly
- Completed reload, in  1.183 seconds
Domain Reload Profiling:
	ReloadAssembly (1184ms)
		BeginReloadAssembly (221ms)
			ExecutionOrderSort (0ms)
			DisableScriptedObjects (14ms)
			BackupInstance (0ms)
			ReleaseScriptingObjects (0ms)
			CreateAndSetChildDomain (75ms)
		EndReloadAssembly (859ms)
			LoadAssemblies (107ms)
			RebuildTransferFunctionScriptingTraits (0ms)
			SetupTypeCache (234ms)
			ReleaseScriptCaches (1ms)
			RebuildScriptCaches (39ms)
			SetupLoadedEditorAssemblies (460ms)
				LogAssemblyErrors (0ms)
				InitializePlatformSupportModulesInManaged (13ms)
				SetLoadedEditorAssemblies (1ms)
				RefreshPlugins (1ms)
				BeforeProcessingInitializeOnLoad (65ms)
				ProcessInitializeOnLoadAttributes (354ms)
				ProcessInitializeOnLoadMethodAttributes (18ms)
				AfterProcessingInitializeOnLoad (8ms)
				EditorAssembliesLoaded (0ms)
			ExecutionOrderSort2 (0ms)
			AwakeInstancesAfterBackupRestoration (12ms)
Platform modules already initialized, skipping
Refreshing native plugins compatible for Editor in 4.21 ms, found 3 plugins.
Preloading 0 native plugins for Editor in 0.00 ms.
Unloading 3205 Unused Serialized files (Serialized files now loaded: 0)
Unloading 30 unused Assets / (24.7 KB). Loaded Objects now: 3717.
Memory consumption went from 144.9 MB to 144.9 MB.
Total: 3.473200 ms (FindLiveObjects: 0.276600 ms CreateObjectMapping: 0.298000 ms MarkObjects: 2.821900 ms  DeleteObjects: 0.076000 ms)

AssetImportParameters requested are different than current active one (requested -> active):
  custom:video-decoder-ogg-theora: a1e56fd34408186e4bbccfd4996cb3dc -> 
  custom:container-muxer-webm: aa71ff27fc2769a1b78a27578f13a17b -> 
  custom:container-demuxer-webm: 4f35f7cbe854078d1ac9338744f61a02 -> 
  custom:video-encoder-webm-vp8: eb34c28f22e8b96e1ab97ce403110664 -> 
  custom:audio-encoder-webm-vorbis: bf7c407c2cedff20999df2af8eb42d56 -> 
  custom:framework-win-MediaFoundation: 216162199b28c13a410421893ffa2e32 -> 
  custom:container-demuxer-ogg: 62fdf1f143b41e24485cea50d1cbac27 -> 
  custom:video-decoder-webm-vp8: 9c59270c3fd7afecdb556c50c9e8de78 -> 
  custom:audio-decoder-ogg-vorbis: bf7c407c2cedff20999df2af8eb42d56 -> 
