Using pre-set license
Built from '2021.3/staging' branch; Version is '2021.3.8f1 (b30333d56e81) revision 11731763'; Using compiler version '192829333'; Build Type 'Release'
OS: 'Windows 10  (10.0.19044) 64bit Professional' Language: 'ru' Physical Memory: 32665 MB
BatchMode: 1, IsHumanControllingUs: 0, StartBugReporterOnCrash: 0, Is64bit: 1, IsPro: 1

COMMAND LINE ARGUMENTS:
C:\Program Files\Unity\Hub\Editor\2021.3.8f1\Editor\Unity.exe
-adb2
-batchMode
-noUpm
-name
AssetImportWorker2
-projectPath
C:/Users/500DX/OneDrive/Documents/GitHub/Hunt-Dev2
-logFile
Logs/AssetImportWorker2.log
-srvPort
<<<<<<< Updated upstream
50395
Successfully changed project path to: C:/Users/KOBAN13/Documents/GitHub/Hunt-Dev
C:/Users/KOBAN13/Documents/GitHub/Hunt-Dev
=======
50037
Successfully changed project path to: C:/Users/500DX/OneDrive/Documents/GitHub/Hunt-Dev2
C:/Users/500DX/OneDrive/Documents/GitHub/Hunt-Dev2
>>>>>>> Stashed changes
[UnityMemory] Configuration Parameters - Can be set up in boot.config
    "memorysetup-bucket-allocator-granularity=16"
    "memorysetup-bucket-allocator-bucket-count=8"
    "memorysetup-bucket-allocator-block-size=33554432"
    "memorysetup-bucket-allocator-block-count=8"
    "memorysetup-main-allocator-block-size=16777216"
    "memorysetup-thread-allocator-block-size=16777216"
    "memorysetup-gfx-main-allocator-block-size=16777216"
    "memorysetup-gfx-thread-allocator-block-size=16777216"
    "memorysetup-cache-allocator-block-size=4194304"
    "memorysetup-typetree-allocator-block-size=2097152"
    "memorysetup-profiler-bucket-allocator-granularity=16"
    "memorysetup-profiler-bucket-allocator-bucket-count=8"
    "memorysetup-profiler-bucket-allocator-block-size=33554432"
    "memorysetup-profiler-bucket-allocator-block-count=8"
    "memorysetup-profiler-allocator-block-size=16777216"
    "memorysetup-profiler-editor-allocator-block-size=1048576"
    "memorysetup-temp-allocator-size-main=16777216"
    "memorysetup-job-temp-allocator-block-size=2097152"
    "memorysetup-job-temp-allocator-block-size-background=1048576"
    "memorysetup-job-temp-allocator-reduction-small-platforms=262144"
    "memorysetup-temp-allocator-size-background-worker=32768"
    "memorysetup-temp-allocator-size-job-worker=262144"
    "memorysetup-temp-allocator-size-preload-manager=33554432"
    "memorysetup-temp-allocator-size-nav-mesh-worker=65536"
    "memorysetup-temp-allocator-size-audio-worker=65536"
    "memorysetup-temp-allocator-size-cloud-worker=32768"
    "memorysetup-temp-allocator-size-gi-baking-worker=262144"
    "memorysetup-temp-allocator-size-gfx=262144"
<<<<<<< Updated upstream
Refreshing native plugins compatible for Editor in 95.91 ms, found 3 plugins.
=======
Refreshing native plugins compatible for Editor in 109.44 ms, found 3 plugins.
>>>>>>> Stashed changes
Preloading 0 native plugins for Editor in 0.00 ms.
Initialize engine version: 2021.3.8f1 (b30333d56e81)
[Subsystems] Discovering subsystems at path C:/Program Files/Unity/Hub/Editor/2021.3.8f1/Editor/Data/Resources/UnitySubsystems
[Subsystems] Discovering subsystems at path C:/Users/500DX/OneDrive/Documents/GitHub/Hunt-Dev2/Assets
GfxDevice: creating device client; threaded=0; jobified=0
Direct3D:
    Version:  Direct3D 11.0 [level 11.1]
    Renderer: NVIDIA GeForce RTX 3070 Ti (ID=0x2482)
    Vendor:   NVIDIA
    VRAM:     8041 MB
    Driver:   31.0.15.1694
Initialize mono
Mono path[0] = 'C:/Program Files/Unity/Hub/Editor/2021.3.8f1/Editor/Data/Managed'
Mono path[1] = 'C:/Program Files/Unity/Hub/Editor/2021.3.8f1/Editor/Data/MonoBleedingEdge/lib/mono/unityjit-win32'
Mono config path = 'C:/Program Files/Unity/Hub/Editor/2021.3.8f1/Editor/Data/MonoBleedingEdge/etc'
<<<<<<< Updated upstream
Using monoOptions --debugger-agent=transport=dt_socket,embedding=1,server=y,suspend=n,address=127.0.0.1:56628
=======
Using monoOptions --debugger-agent=transport=dt_socket,embedding=1,server=y,suspend=n,address=127.0.0.1:56376
>>>>>>> Stashed changes
Begin MonoManager ReloadAssembly
Registering precompiled unity dll's ...
Register platform support module: C:/Program Files/Unity/Hub/Editor/2021.3.8f1/Editor/Data/PlaybackEngines/WindowsStandaloneSupport/UnityEditor.WindowsStandalone.Extensions.dll
<<<<<<< Updated upstream
Registered in 0.007034 seconds.
Native extension for WindowsStandalone target not found
Native extension for WebGL target not found
Refreshing native plugins compatible for Editor in 97.41 ms, found 3 plugins.
Preloading 0 native plugins for Editor in 0.00 ms.
Mono: successfully reloaded assembly
- Completed reload, in  0.609 seconds
Domain Reload Profiling:
	ReloadAssembly (609ms)
		BeginReloadAssembly (67ms)
=======
Registered in 0.006697 seconds.
Native extension for WindowsStandalone target not found
Refreshing native plugins compatible for Editor in 116.74 ms, found 3 plugins.
Preloading 0 native plugins for Editor in 0.00 ms.
Mono: successfully reloaded assembly
- Completed reload, in  0.637 seconds
Domain Reload Profiling:
	ReloadAssembly (638ms)
		BeginReloadAssembly (74ms)
>>>>>>> Stashed changes
			ExecutionOrderSort (0ms)
			DisableScriptedObjects (0ms)
			BackupInstance (0ms)
			ReleaseScriptingObjects (0ms)
			CreateAndSetChildDomain (1ms)
<<<<<<< Updated upstream
		EndReloadAssembly (455ms)
			LoadAssemblies (64ms)
			RebuildTransferFunctionScriptingTraits (0ms)
			SetupTypeCache (76ms)
			ReleaseScriptCaches (0ms)
			RebuildScriptCaches (20ms)
			SetupLoadedEditorAssemblies (316ms)
=======
		EndReloadAssembly (465ms)
			LoadAssemblies (72ms)
			RebuildTransferFunctionScriptingTraits (0ms)
			SetupTypeCache (102ms)
			ReleaseScriptCaches (0ms)
			RebuildScriptCaches (25ms)
			SetupLoadedEditorAssemblies (287ms)
>>>>>>> Stashed changes
				LogAssemblyErrors (0ms)
				InitializePlatformSupportModulesInManaged (8ms)
				SetLoadedEditorAssemblies (0ms)
<<<<<<< Updated upstream
				RefreshPlugins (98ms)
				BeforeProcessingInitializeOnLoad (1ms)
				ProcessInitializeOnLoadAttributes (98ms)
				ProcessInitializeOnLoadMethodAttributes (111ms)
=======
				RefreshPlugins (117ms)
				BeforeProcessingInitializeOnLoad (1ms)
				ProcessInitializeOnLoadAttributes (118ms)
				ProcessInitializeOnLoadMethodAttributes (43ms)
>>>>>>> Stashed changes
				AfterProcessingInitializeOnLoad (0ms)
				EditorAssembliesLoaded (0ms)
			ExecutionOrderSort2 (0ms)
			AwakeInstancesAfterBackupRestoration (0ms)
Platform modules already initialized, skipping
Registering precompiled user dll's ...
<<<<<<< Updated upstream
Registered in 0.004363 seconds.
=======
Registered in 0.003973 seconds.
>>>>>>> Stashed changes
Begin MonoManager ReloadAssembly
Symbol file LoadedFromMemory doesn't match image C:\Users\500DX\OneDrive\Documents\GitHub\Hunt-Dev2\Library\PackageCache\com.unity.visualscripting@1.8.0\Editor\VisualScripting.Core\Dependencies\YamlDotNet\Unity.VisualScripting.YamlDotNet.dll
Symbol file LoadedFromMemory doesn't match image C:\Users\500DX\OneDrive\Documents\GitHub\Hunt-Dev2\Library\PackageCache\com.unity.visualscripting@1.8.0\Editor\VisualScripting.Core\Dependencies\DotNetZip\Unity.VisualScripting.IonicZip.dll
Native extension for WindowsStandalone target not found
<<<<<<< Updated upstream
Native extension for WebGL target not found
Refreshing native plugins compatible for Editor in 1.31 ms, found 3 plugins.
Preloading 0 native plugins for Editor in 0.00 ms.
Mono: successfully reloaded assembly
Package Manager log level set to [2]
- Completed reload, in  0.737 seconds
Domain Reload Profiling:
	ReloadAssembly (737ms)
		BeginReloadAssembly (85ms)
=======
Refreshing native plugins compatible for Editor in 1.11 ms, found 3 plugins.
Preloading 0 native plugins for Editor in 0.00 ms.
Mono: successfully reloaded assembly
Package Manager log level set to [2]
- Completed reload, in  0.990 seconds
Domain Reload Profiling:
	ReloadAssembly (991ms)
		BeginReloadAssembly (105ms)
>>>>>>> Stashed changes
			ExecutionOrderSort (0ms)
			DisableScriptedObjects (6ms)
			BackupInstance (0ms)
			ReleaseScriptingObjects (0ms)
<<<<<<< Updated upstream
			CreateAndSetChildDomain (16ms)
		EndReloadAssembly (565ms)
			LoadAssemblies (59ms)
			RebuildTransferFunctionScriptingTraits (0ms)
			SetupTypeCache (152ms)
			ReleaseScriptCaches (1ms)
			RebuildScriptCaches (35ms)
			SetupLoadedEditorAssemblies (288ms)
				LogAssemblyErrors (0ms)
				InitializePlatformSupportModulesInManaged (6ms)
				SetLoadedEditorAssemblies (0ms)
				RefreshPlugins (1ms)
				BeforeProcessingInitializeOnLoad (66ms)
				ProcessInitializeOnLoadAttributes (189ms)
				ProcessInitializeOnLoadMethodAttributes (16ms)
				AfterProcessingInitializeOnLoad (9ms)
				EditorAssembliesLoaded (0ms)
			ExecutionOrderSort2 (0ms)
			AwakeInstancesAfterBackupRestoration (4ms)
Platform modules already initialized, skipping
========================================================================
Worker process is ready to serve import requests
Launched and connected shader compiler UnityShaderCompiler.exe after 0.63 seconds
Refreshing native plugins compatible for Editor in 1.58 ms, found 3 plugins.
Preloading 0 native plugins for Editor in 0.00 ms.
Unloading 3225 Unused Serialized files (Serialized files now loaded: 0)
Unloading 37 unused Assets / (56.2 KB). Loaded Objects now: 3704.
Memory consumption went from 141.0 MB to 141.0 MB.
Total: 3.716200 ms (FindLiveObjects: 0.406800 ms CreateObjectMapping: 0.076900 ms MarkObjects: 3.136000 ms  DeleteObjects: 0.093800 ms)
=======
			CreateAndSetChildDomain (14ms)
		EndReloadAssembly (786ms)
			LoadAssemblies (73ms)
			RebuildTransferFunctionScriptingTraits (0ms)
			SetupTypeCache (180ms)
			ReleaseScriptCaches (0ms)
			RebuildScriptCaches (41ms)
			SetupLoadedEditorAssemblies (457ms)
				LogAssemblyErrors (0ms)
				InitializePlatformSupportModulesInManaged (5ms)
				SetLoadedEditorAssemblies (0ms)
				RefreshPlugins (1ms)
				BeforeProcessingInitializeOnLoad (70ms)
				ProcessInitializeOnLoadAttributes (356ms)
				ProcessInitializeOnLoadMethodAttributes (17ms)
				AfterProcessingInitializeOnLoad (7ms)
				EditorAssembliesLoaded (0ms)
			ExecutionOrderSort2 (0ms)
			AwakeInstancesAfterBackupRestoration (11ms)
Platform modules already initialized, skipping
========================================================================
Worker process is ready to serve import requests
Launched and connected shader compiler UnityShaderCompiler.exe after 0.09 seconds
Refreshing native plugins compatible for Editor in 1.32 ms, found 3 plugins.
Preloading 0 native plugins for Editor in 0.00 ms.
Unloading 3227 Unused Serialized files (Serialized files now loaded: 0)
Unloading 37 unused Assets / (56.5 KB). Loaded Objects now: 3706.
Memory consumption went from 142.2 MB to 142.1 MB.
Total: 2.595900 ms (FindLiveObjects: 0.249500 ms CreateObjectMapping: 0.235400 ms MarkObjects: 2.043600 ms  DeleteObjects: 0.067000 ms)
>>>>>>> Stashed changes

AssetImportParameters requested are different than current active one (requested -> active):
  custom:video-decoder-ogg-theora: a1e56fd34408186e4bbccfd4996cb3dc -> 
  custom:container-muxer-webm: aa71ff27fc2769a1b78a27578f13a17b -> 
  custom:container-demuxer-webm: 4f35f7cbe854078d1ac9338744f61a02 -> 
  custom:video-encoder-webm-vp8: eb34c28f22e8b96e1ab97ce403110664 -> 
  custom:audio-encoder-webm-vorbis: bf7c407c2cedff20999df2af8eb42d56 -> 
  custom:framework-win-MediaFoundation: 216162199b28c13a410421893ffa2e32 -> 
  custom:container-demuxer-ogg: 62fdf1f143b41e24485cea50d1cbac27 -> 
  custom:video-decoder-webm-vp8: 9c59270c3fd7afecdb556c50c9e8de78 -> 
  custom:audio-decoder-ogg-vorbis: bf7c407c2cedff20999df2af8eb42d56 -> 
========================================================================
Received Import Request.
<<<<<<< Updated upstream
  Time since last request: 48600.217983 seconds.
  path: Assets/Scripts/Prefabs/Prefabs/Weapons/Gerber StrongArm.prefab
  artifactKey: Guid(3d1044dbccd4fd245b36eabd9cfbd0ea) Importer(815301076,1909f56bfc062723c751e8b465ee728b)
Start importing Assets/Scripts/Prefabs/Prefabs/Weapons/Gerber StrongArm.prefab using Guid(3d1044dbccd4fd245b36eabd9cfbd0ea) Importer(815301076,1909f56bfc062723c751e8b465ee728b)  -> (artifact id: '3c968b7da2ccb15c28171a2daebe233a') in 0.097632 seconds 
=======
  Time since last request: 57711.968926 seconds.
  path: Assets/Supercyan Free Forest Sample/TerrainLayers/forestpack_moss_light_terrainlayer.terrainlayer
  artifactKey: Guid(b8bc1310bbf53544a889924a5126d8d7) Importer(815301076,1909f56bfc062723c751e8b465ee728b)
Start importing Assets/Supercyan Free Forest Sample/TerrainLayers/forestpack_moss_light_terrainlayer.terrainlayer using Guid(b8bc1310bbf53544a889924a5126d8d7) Importer(815301076,1909f56bfc062723c751e8b465ee728b)  -> (artifact id: 'd70ac21c0ba406524d6fa237f53d0a19') in 0.080853 seconds 
========================================================================
Received Import Request.
  Time since last request: 0.029767 seconds.
  path: Assets/EmaceArt/Slavic World Free/Terrain/TerrainSetting/layer_Flower_GrassFlower_Grass_Free.terrainlayer
  artifactKey: Guid(a3bd71a05ccb1d1469b6b0d166096e0d) Importer(815301076,1909f56bfc062723c751e8b465ee728b)
Start importing Assets/EmaceArt/Slavic World Free/Terrain/TerrainSetting/layer_Flower_GrassFlower_Grass_Free.terrainlayer using Guid(a3bd71a05ccb1d1469b6b0d166096e0d) Importer(815301076,1909f56bfc062723c751e8b465ee728b)  -> (artifact id: '6375afe33bcb6d17b6722ac6bd663ae6') in 0.031331 seconds 
========================================================================
Received Import Request.
  Time since last request: 0.000028 seconds.
  path: Assets/EmaceArt/Slavic World Free/Terrain/_TerrainAutoUpgrade_V2/layer_Flower_GrassFlower_Grass_NM312cdf1c675cb011.terrainlayer
  artifactKey: Guid(e061a76f3ae4144478bd2e17201ec1f9) Importer(815301076,1909f56bfc062723c751e8b465ee728b)
Start importing Assets/EmaceArt/Slavic World Free/Terrain/_TerrainAutoUpgrade_V2/layer_Flower_GrassFlower_Grass_NM312cdf1c675cb011.terrainlayer using Guid(e061a76f3ae4144478bd2e17201ec1f9) Importer(815301076,1909f56bfc062723c751e8b465ee728b)  -> (artifact id: 'd29de7fab841141dcae73e63f55af0ac') in 0.017065 seconds 
========================================================================
Received Import Request.
  Time since last request: 23.302717 seconds.
  path: Assets/polyperfect/Poly Universal Pack/- Textures/Nature/grass-02-nrm.png
  artifactKey: Guid(ca254f27ba58b464a85278ed7b266aca) Importer(815301076,1909f56bfc062723c751e8b465ee728b)
Start importing Assets/polyperfect/Poly Universal Pack/- Textures/Nature/grass-02-nrm.png using Guid(ca254f27ba58b464a85278ed7b266aca) Importer(815301076,1909f56bfc062723c751e8b465ee728b)  -> (artifact id: 'babfc988172d8da5110b9e2bee4db1c1') in 0.033339 seconds 
========================================================================
Received Prepare
Registering precompiled user dll's ...
Registered in 0.003603 seconds.
Begin MonoManager ReloadAssembly
Symbol file LoadedFromMemory doesn't match image C:\Users\500DX\OneDrive\Documents\GitHub\Hunt-Dev2\Library\PackageCache\com.unity.visualscripting@1.8.0\Editor\VisualScripting.Core\Dependencies\YamlDotNet\Unity.VisualScripting.YamlDotNet.dll
Symbol file LoadedFromMemory doesn't match image C:\Users\500DX\OneDrive\Documents\GitHub\Hunt-Dev2\Library\PackageCache\com.unity.visualscripting@1.8.0\Editor\VisualScripting.Core\Dependencies\DotNetZip\Unity.VisualScripting.IonicZip.dll
Native extension for WindowsStandalone target not found
Refreshing native plugins compatible for Editor in 1.20 ms, found 3 plugins.
Preloading 0 native plugins for Editor in 0.00 ms.
Mono: successfully reloaded assembly
- Completed reload, in  1.023 seconds
Domain Reload Profiling:
	ReloadAssembly (1023ms)
		BeginReloadAssembly (126ms)
			ExecutionOrderSort (0ms)
			DisableScriptedObjects (5ms)
			BackupInstance (0ms)
			ReleaseScriptingObjects (0ms)
			CreateAndSetChildDomain (28ms)
		EndReloadAssembly (803ms)
			LoadAssemblies (90ms)
			RebuildTransferFunctionScriptingTraits (0ms)
			SetupTypeCache (204ms)
			ReleaseScriptCaches (1ms)
			RebuildScriptCaches (41ms)
			SetupLoadedEditorAssemblies (431ms)
				LogAssemblyErrors (0ms)
				InitializePlatformSupportModulesInManaged (13ms)
				SetLoadedEditorAssemblies (0ms)
				RefreshPlugins (1ms)
				BeforeProcessingInitializeOnLoad (61ms)
				ProcessInitializeOnLoadAttributes (329ms)
				ProcessInitializeOnLoadMethodAttributes (16ms)
				AfterProcessingInitializeOnLoad (9ms)
				EditorAssembliesLoaded (0ms)
			ExecutionOrderSort2 (0ms)
			AwakeInstancesAfterBackupRestoration (11ms)
Platform modules already initialized, skipping
Refreshing native plugins compatible for Editor in 3.64 ms, found 3 plugins.
Preloading 0 native plugins for Editor in 0.00 ms.
Unloading 3205 Unused Serialized files (Serialized files now loaded: 0)
Unloading 30 unused Assets / (24.6 KB). Loaded Objects now: 3717.
Memory consumption went from 144.8 MB to 144.7 MB.
Total: 2.643900 ms (FindLiveObjects: 0.224300 ms CreateObjectMapping: 0.185800 ms MarkObjects: 2.208400 ms  DeleteObjects: 0.024800 ms)

AssetImportParameters requested are different than current active one (requested -> active):
  custom:video-decoder-ogg-theora: a1e56fd34408186e4bbccfd4996cb3dc -> 
  custom:container-muxer-webm: aa71ff27fc2769a1b78a27578f13a17b -> 
  custom:container-demuxer-webm: 4f35f7cbe854078d1ac9338744f61a02 -> 
  custom:video-encoder-webm-vp8: eb34c28f22e8b96e1ab97ce403110664 -> 
  custom:audio-encoder-webm-vorbis: bf7c407c2cedff20999df2af8eb42d56 -> 
  custom:framework-win-MediaFoundation: 216162199b28c13a410421893ffa2e32 -> 
  custom:container-demuxer-ogg: 62fdf1f143b41e24485cea50d1cbac27 -> 
  custom:video-decoder-webm-vp8: 9c59270c3fd7afecdb556c50c9e8de78 -> 
  custom:audio-decoder-ogg-vorbis: bf7c407c2cedff20999df2af8eb42d56 -> 
========================================================================
Received Import Request.
  Time since last request: 1344.415153 seconds.
  path: Assets/polyperfect/Poly Universal Pack/- Prefabs/Farm/Crates Farm
  artifactKey: Guid(e94288f679caa354fb562c0d73358cc6) Importer(815301076,1909f56bfc062723c751e8b465ee728b)
Start importing Assets/polyperfect/Poly Universal Pack/- Prefabs/Farm/Crates Farm using Guid(e94288f679caa354fb562c0d73358cc6) Importer(815301076,1909f56bfc062723c751e8b465ee728b)  -> (artifact id: 'fb5704020d7f4b4dc517c02db9854999') in 0.006956 seconds 
========================================================================
Received Import Request.
  Time since last request: 0.607033 seconds.
  path: Assets/polyperfect/Poly Universal Pack/- Prefabs/Farm/Crates Farm/crate-plastic-big-corn-a.prefab
  artifactKey: Guid(54a545eec0c008e48af80b02591975a3) Importer(815301076,1909f56bfc062723c751e8b465ee728b)
Start importing Assets/polyperfect/Poly Universal Pack/- Prefabs/Farm/Crates Farm/crate-plastic-big-corn-a.prefab using Guid(54a545eec0c008e48af80b02591975a3) Importer(815301076,1909f56bfc062723c751e8b465ee728b)  -> (artifact id: 'a7fa208fabce20a1ab7bdb292e30ee67') in 0.102285 seconds 
========================================================================
Received Import Request.
  Time since last request: 0.021216 seconds.
  path: Assets/polyperfect/Poly Universal Pack/- Prefabs/Farm/Crates Farm/crate-plastic-big-leek-a.prefab
  artifactKey: Guid(16747440084f87242b77b5a10395c985) Importer(815301076,1909f56bfc062723c751e8b465ee728b)
Start importing Assets/polyperfect/Poly Universal Pack/- Prefabs/Farm/Crates Farm/crate-plastic-big-leek-a.prefab using Guid(16747440084f87242b77b5a10395c985) Importer(815301076,1909f56bfc062723c751e8b465ee728b)  -> (artifact id: 'c9bf8f61f1517f8ee9be737efd0c1d8c') in 0.015274 seconds 
========================================================================
Received Import Request.
  Time since last request: 0.094089 seconds.
  path: Assets/polyperfect/Poly Universal Pack/- Prefabs/Farm/Crates Farm/crate-plastic-big-sunflower-heads.prefab
  artifactKey: Guid(8763eaa7112f3da4ba27871c37b3a704) Importer(815301076,1909f56bfc062723c751e8b465ee728b)
Start importing Assets/polyperfect/Poly Universal Pack/- Prefabs/Farm/Crates Farm/crate-plastic-big-sunflower-heads.prefab using Guid(8763eaa7112f3da4ba27871c37b3a704) Importer(815301076,1909f56bfc062723c751e8b465ee728b)  -> (artifact id: '0a5440b61918b54738bcf6922f151d85') in 0.016540 seconds 
========================================================================
Received Import Request.
  Time since last request: 0.000021 seconds.
  path: Assets/polyperfect/Poly Universal Pack/- Prefabs/Farm/Crates Farm/crate-wood-medium-paper-strawberries.prefab
  artifactKey: Guid(1d94809c3cbfa944c8ec99ba415dbf70) Importer(815301076,1909f56bfc062723c751e8b465ee728b)
Start importing Assets/polyperfect/Poly Universal Pack/- Prefabs/Farm/Crates Farm/crate-wood-medium-paper-strawberries.prefab using Guid(1d94809c3cbfa944c8ec99ba415dbf70) Importer(815301076,1909f56bfc062723c751e8b465ee728b)  -> (artifact id: '866b41a9649381a9510fd4248259de8d') in 0.016905 seconds 
========================================================================
Received Import Request.
  Time since last request: 0.000034 seconds.
  path: Assets/polyperfect/Poly Universal Pack/- Prefabs/Farm/Crates Farm/crate-plastic-small-paper-leek.prefab
  artifactKey: Guid(796fc04c471483d42b937132c84c2049) Importer(815301076,1909f56bfc062723c751e8b465ee728b)
Start importing Assets/polyperfect/Poly Universal Pack/- Prefabs/Farm/Crates Farm/crate-plastic-small-paper-leek.prefab using Guid(796fc04c471483d42b937132c84c2049) Importer(815301076,1909f56bfc062723c751e8b465ee728b)  -> (artifact id: '2229f76cb821abfee8d5705a5d038d72') in 0.024829 seconds 
========================================================================
Received Import Request.
  Time since last request: 0.000029 seconds.
  path: Assets/polyperfect/Poly Universal Pack/- Prefabs/Farm/Crates Farm/crate-plastic-small-leek-b.prefab
  artifactKey: Guid(92db7b525f8eaf74d92bb1ba9eb2a5b2) Importer(815301076,1909f56bfc062723c751e8b465ee728b)
Start importing Assets/polyperfect/Poly Universal Pack/- Prefabs/Farm/Crates Farm/crate-plastic-small-leek-b.prefab using Guid(92db7b525f8eaf74d92bb1ba9eb2a5b2) Importer(815301076,1909f56bfc062723c751e8b465ee728b)  -> (artifact id: '55d7a3b03e789636424e356b73f70412') in 0.018523 seconds 
========================================================================
Received Import Request.
  Time since last request: 0.000025 seconds.
  path: Assets/polyperfect/Poly Universal Pack/- Prefabs/Farm/Crates Farm/crate-wood-medium-paper-sunflower-seeds.prefab
  artifactKey: Guid(327ee498f25b0e44c9df04fe6c984ff4) Importer(815301076,1909f56bfc062723c751e8b465ee728b)
Start importing Assets/polyperfect/Poly Universal Pack/- Prefabs/Farm/Crates Farm/crate-wood-medium-paper-sunflower-seeds.prefab using Guid(327ee498f25b0e44c9df04fe6c984ff4) Importer(815301076,1909f56bfc062723c751e8b465ee728b)  -> (artifact id: '7fd44ded829bfbdb42ff44e591eb1cc8') in 0.019553 seconds 
========================================================================
Received Import Request.
  Time since last request: 0.000020 seconds.
  path: Assets/polyperfect/Poly Universal Pack/- Prefabs/Farm/Crates Farm/crate-wood-medium-sunflower-flowers.prefab
  artifactKey: Guid(14c46726e78e02d42bf173e81128a944) Importer(815301076,1909f56bfc062723c751e8b465ee728b)
Start importing Assets/polyperfect/Poly Universal Pack/- Prefabs/Farm/Crates Farm/crate-wood-medium-sunflower-flowers.prefab using Guid(14c46726e78e02d42bf173e81128a944) Importer(815301076,1909f56bfc062723c751e8b465ee728b)  -> (artifact id: '56ff77d7534b5b939eddad3beaf761bb') in 0.015738 seconds 
========================================================================
Received Import Request.
  Time since last request: 0.000021 seconds.
  path: Assets/polyperfect/Poly Universal Pack/- Prefabs/Farm/Crates Farm/crate-wood-medium-paper-leek.prefab
  artifactKey: Guid(cb5d437aea340954c9d7206ed09f0b0f) Importer(815301076,1909f56bfc062723c751e8b465ee728b)
Start importing Assets/polyperfect/Poly Universal Pack/- Prefabs/Farm/Crates Farm/crate-wood-medium-paper-leek.prefab using Guid(cb5d437aea340954c9d7206ed09f0b0f) Importer(815301076,1909f56bfc062723c751e8b465ee728b)  -> (artifact id: '3954e16d9e17d695b0f0f4d142a2c3f0') in 0.016534 seconds 
========================================================================
Received Import Request.
  Time since last request: 0.000028 seconds.
  path: Assets/polyperfect/Poly Universal Pack/- Prefabs/Farm/Crates Farm/crate-wood-big.prefab
  artifactKey: Guid(780b7d3fbeb1da34c90f1ec37766a40c) Importer(815301076,1909f56bfc062723c751e8b465ee728b)
Start importing Assets/polyperfect/Poly Universal Pack/- Prefabs/Farm/Crates Farm/crate-wood-big.prefab using Guid(780b7d3fbeb1da34c90f1ec37766a40c) Importer(815301076,1909f56bfc062723c751e8b465ee728b)  -> (artifact id: '7349243843d9fa4ac226b5ea8e0f23f4') in 0.017293 seconds 
========================================================================
Received Import Request.
  Time since last request: 0.000014 seconds.
  path: Assets/polyperfect/Poly Universal Pack/- Prefabs/Farm/Crates Farm/crate-wood-medium-apples-green.prefab
  artifactKey: Guid(53d6d205714e4bd4bb66f31a6ae38059) Importer(815301076,1909f56bfc062723c751e8b465ee728b)
Start importing Assets/polyperfect/Poly Universal Pack/- Prefabs/Farm/Crates Farm/crate-wood-medium-apples-green.prefab using Guid(53d6d205714e4bd4bb66f31a6ae38059) Importer(815301076,1909f56bfc062723c751e8b465ee728b)  -> (artifact id: '8b5f9ae8f5ed686d105a6e149e573173') in 0.014849 seconds 
========================================================================
Received Import Request.
  Time since last request: 0.000016 seconds.
  path: Assets/polyperfect/Poly Universal Pack/- Prefabs/Farm/Crates Farm/crate-plastic-small-hazelnuts.prefab
  artifactKey: Guid(0702ee06ec214c04ba823970cb0d331c) Importer(815301076,1909f56bfc062723c751e8b465ee728b)
Start importing Assets/polyperfect/Poly Universal Pack/- Prefabs/Farm/Crates Farm/crate-plastic-small-hazelnuts.prefab using Guid(0702ee06ec214c04ba823970cb0d331c) Importer(815301076,1909f56bfc062723c751e8b465ee728b)  -> (artifact id: 'dc9e939fa2b3e88158ee000224e8ecb6') in 0.016167 seconds 
========================================================================
Received Import Request.
  Time since last request: 0.000015 seconds.
  path: Assets/polyperfect/Poly Universal Pack/- Prefabs/Farm/Crates Farm/crate-plastic-big-potatoes-a.prefab
  artifactKey: Guid(cff83ec16623015488be922ae6f9c271) Importer(815301076,1909f56bfc062723c751e8b465ee728b)
Start importing Assets/polyperfect/Poly Universal Pack/- Prefabs/Farm/Crates Farm/crate-plastic-big-potatoes-a.prefab using Guid(cff83ec16623015488be922ae6f9c271) Importer(815301076,1909f56bfc062723c751e8b465ee728b)  -> (artifact id: '38c7caeda79c1454d2ff18ef5a54a3e3') in 0.020412 seconds 
========================================================================
Received Import Request.
  Time since last request: 0.000027 seconds.
  path: Assets/polyperfect/Poly Universal Pack/- Prefabs/Farm/Crates Farm/crate-plastic-big-tomatoes.prefab
  artifactKey: Guid(5d4f2cf7455ce3d499bb04cd09f60f17) Importer(815301076,1909f56bfc062723c751e8b465ee728b)
Start importing Assets/polyperfect/Poly Universal Pack/- Prefabs/Farm/Crates Farm/crate-plastic-big-tomatoes.prefab using Guid(5d4f2cf7455ce3d499bb04cd09f60f17) Importer(815301076,1909f56bfc062723c751e8b465ee728b)  -> (artifact id: 'bcc69fb7cc9fe733d9b5838ebd37c2b8') in 0.019042 seconds 
========================================================================
Received Import Request.
  Time since last request: 0.000029 seconds.
  path: Assets/polyperfect/Poly Universal Pack/- Prefabs/Farm/Crates Farm/crate-wood-medium-leek-a.prefab
  artifactKey: Guid(68491d6e914fd014f902136e7143ac42) Importer(815301076,1909f56bfc062723c751e8b465ee728b)
Start importing Assets/polyperfect/Poly Universal Pack/- Prefabs/Farm/Crates Farm/crate-wood-medium-leek-a.prefab using Guid(68491d6e914fd014f902136e7143ac42) Importer(815301076,1909f56bfc062723c751e8b465ee728b)  -> (artifact id: 'a12f1f49b351318b4bb35f818d3303be') in 0.016641 seconds 
========================================================================
Received Import Request.
  Time since last request: 0.000025 seconds.
  path: Assets/polyperfect/Poly Universal Pack/- Prefabs/Farm/Crates Farm/crate-wood-medium-apples-mixed.prefab
  artifactKey: Guid(b76e5aa01205add45a68d88e49477f2a) Importer(815301076,1909f56bfc062723c751e8b465ee728b)
Start importing Assets/polyperfect/Poly Universal Pack/- Prefabs/Farm/Crates Farm/crate-wood-medium-apples-mixed.prefab using Guid(b76e5aa01205add45a68d88e49477f2a) Importer(815301076,1909f56bfc062723c751e8b465ee728b)  -> (artifact id: '6e8f6929a9dc004d5649dd11b832d9af') in 0.015844 seconds 
========================================================================
Received Import Request.
  Time since last request: 0.000019 seconds.
  path: Assets/polyperfect/Poly Universal Pack/- Prefabs/Farm/Crates Farm/crate-plastic-small-leek-a.prefab
  artifactKey: Guid(a3d8d1ce005e83644afaf5052dca8108) Importer(815301076,1909f56bfc062723c751e8b465ee728b)
Start importing Assets/polyperfect/Poly Universal Pack/- Prefabs/Farm/Crates Farm/crate-plastic-small-leek-a.prefab using Guid(a3d8d1ce005e83644afaf5052dca8108) Importer(815301076,1909f56bfc062723c751e8b465ee728b)  -> (artifact id: '050c10710bd7b4421a5030e57a3fd3dc') in 0.014932 seconds 
========================================================================
Received Import Request.
  Time since last request: 0.000018 seconds.
  path: Assets/polyperfect/Poly Universal Pack/- Prefabs/Farm/Crates Farm/crate-plastic-small.prefab
  artifactKey: Guid(2448995c6cd91ba49b8a84ecb9c77c3b) Importer(815301076,1909f56bfc062723c751e8b465ee728b)
Start importing Assets/polyperfect/Poly Universal Pack/- Prefabs/Farm/Crates Farm/crate-plastic-small.prefab using Guid(2448995c6cd91ba49b8a84ecb9c77c3b) Importer(815301076,1909f56bfc062723c751e8b465ee728b)  -> (artifact id: '1c82c6350f6e99957fad7e7e68910727') in 0.016032 seconds 
========================================================================
Received Import Request.
  Time since last request: 0.000017 seconds.
  path: Assets/polyperfect/Poly Universal Pack/- Prefabs/Farm/Crates Farm/crate-plastic-medium.prefab
  artifactKey: Guid(0a3e683070f2c8c438f0ac48037eb7bd) Importer(815301076,1909f56bfc062723c751e8b465ee728b)
Start importing Assets/polyperfect/Poly Universal Pack/- Prefabs/Farm/Crates Farm/crate-plastic-medium.prefab using Guid(0a3e683070f2c8c438f0ac48037eb7bd) Importer(815301076,1909f56bfc062723c751e8b465ee728b)  -> (artifact id: '75229fe49580986ac6ec8910c7b281b8') in 0.016337 seconds 
========================================================================
Received Import Request.
  Time since last request: 0.000028 seconds.
  path: Assets/polyperfect/Poly Universal Pack/- Prefabs/Farm/Crates Farm/crate-wood-medium-leek-b.prefab
  artifactKey: Guid(f3691c652a918ee4e918b4b2a32ba936) Importer(815301076,1909f56bfc062723c751e8b465ee728b)
Start importing Assets/polyperfect/Poly Universal Pack/- Prefabs/Farm/Crates Farm/crate-wood-medium-leek-b.prefab using Guid(f3691c652a918ee4e918b4b2a32ba936) Importer(815301076,1909f56bfc062723c751e8b465ee728b)  -> (artifact id: 'ca17e4c8ca4c611791e1c62bce53a740') in 0.014963 seconds 
========================================================================
Received Import Request.
  Time since last request: 0.000013 seconds.
  path: Assets/polyperfect/Poly Universal Pack/- Prefabs/Farm/Crates Farm/crate-wood-medium-carrots.prefab
  artifactKey: Guid(7456a36854a14fa4d94c9cf29a8d09fc) Importer(815301076,1909f56bfc062723c751e8b465ee728b)
Start importing Assets/polyperfect/Poly Universal Pack/- Prefabs/Farm/Crates Farm/crate-wood-medium-carrots.prefab using Guid(7456a36854a14fa4d94c9cf29a8d09fc) Importer(815301076,1909f56bfc062723c751e8b465ee728b)  -> (artifact id: 'bfbb8b293cbb603f9d6b7edeb55e8e4d') in 0.015755 seconds 
========================================================================
Received Import Request.
  Time since last request: 0.000021 seconds.
  path: Assets/polyperfect/Poly Universal Pack/- Prefabs/Farm/Crates Farm/crate-plastic-small-carrots.prefab
  artifactKey: Guid(f2ee0738a8aada948a9d7b307a809139) Importer(815301076,1909f56bfc062723c751e8b465ee728b)
Start importing Assets/polyperfect/Poly Universal Pack/- Prefabs/Farm/Crates Farm/crate-plastic-small-carrots.prefab using Guid(f2ee0738a8aada948a9d7b307a809139) Importer(815301076,1909f56bfc062723c751e8b465ee728b)  -> (artifact id: '35f1f8b47c2228cf63680fd68b8a2e21') in 0.021608 seconds 
========================================================================
Received Import Request.
  Time since last request: 0.000022 seconds.
  path: Assets/polyperfect/Poly Universal Pack/- Prefabs/Farm/Crates Farm/crate-plastic-small-paper-strawberries.prefab
  artifactKey: Guid(f849243c5b1d65e4abd8af722afe0764) Importer(815301076,1909f56bfc062723c751e8b465ee728b)
Start importing Assets/polyperfect/Poly Universal Pack/- Prefabs/Farm/Crates Farm/crate-plastic-small-paper-strawberries.prefab using Guid(f849243c5b1d65e4abd8af722afe0764) Importer(815301076,1909f56bfc062723c751e8b465ee728b)  -> (artifact id: '21a9af48e1dd87ed0075264cb5da709a') in 0.021746 seconds 
========================================================================
Received Import Request.
  Time since last request: 0.000023 seconds.
  path: Assets/polyperfect/Poly Universal Pack/- Prefabs/Farm/Crates Farm/crate-wood-medium-paper-carrots.prefab
  artifactKey: Guid(d3dd06507953c024ebfd143cf544b878) Importer(815301076,1909f56bfc062723c751e8b465ee728b)
Start importing Assets/polyperfect/Poly Universal Pack/- Prefabs/Farm/Crates Farm/crate-wood-medium-paper-carrots.prefab using Guid(d3dd06507953c024ebfd143cf544b878) Importer(815301076,1909f56bfc062723c751e8b465ee728b)  -> (artifact id: 'ec7f0cc610d7c0e3e77e6f0c11c978f5') in 0.022333 seconds 
========================================================================
Received Import Request.
  Time since last request: 0.000017 seconds.
  path: Assets/polyperfect/Poly Universal Pack/- Prefabs/Farm/Crates Farm/crate-wood-medium-potatoes-a.prefab
  artifactKey: Guid(1761915107c630f4bab953592d7babcd) Importer(815301076,1909f56bfc062723c751e8b465ee728b)
Start importing Assets/polyperfect/Poly Universal Pack/- Prefabs/Farm/Crates Farm/crate-wood-medium-potatoes-a.prefab using Guid(1761915107c630f4bab953592d7babcd) Importer(815301076,1909f56bfc062723c751e8b465ee728b)  -> (artifact id: '8889db65d1ad98984b604a907966f76d') in 0.017092 seconds 
========================================================================
Received Import Request.
  Time since last request: 0.000026 seconds.
  path: Assets/polyperfect/Poly Universal Pack/- Prefabs/Farm/Crates Farm/crate-wood-big-pumpkin-a.prefab
  artifactKey: Guid(d3c8707cf12562040996e4659fe7b925) Importer(815301076,1909f56bfc062723c751e8b465ee728b)
Start importing Assets/polyperfect/Poly Universal Pack/- Prefabs/Farm/Crates Farm/crate-wood-big-pumpkin-a.prefab using Guid(d3c8707cf12562040996e4659fe7b925) Importer(815301076,1909f56bfc062723c751e8b465ee728b)  -> (artifact id: '5ab68c8014c580a7745b9d3802499fbf') in 0.022269 seconds 
========================================================================
Received Import Request.
  Time since last request: 0.000035 seconds.
  path: Assets/polyperfect/Poly Universal Pack/- Prefabs/Farm/Crates Farm/crate-wood-medium-strawberries.prefab
  artifactKey: Guid(9e402a3493e299d47918a1712a5f5424) Importer(815301076,1909f56bfc062723c751e8b465ee728b)
Start importing Assets/polyperfect/Poly Universal Pack/- Prefabs/Farm/Crates Farm/crate-wood-medium-strawberries.prefab using Guid(9e402a3493e299d47918a1712a5f5424) Importer(815301076,1909f56bfc062723c751e8b465ee728b)  -> (artifact id: 'c2a08e1442dc05641d12a3a63ce00749') in 0.016241 seconds 
========================================================================
Received Import Request.
  Time since last request: 3.665160 seconds.
  path: Assets/polyperfect/Poly Universal Pack/- Prefabs/Farm/Planters Farm/planter-box-1x3m-a-farm.prefab
  artifactKey: Guid(0f6ccbe361bc25842ada4d72e2c9ad7b) Importer(815301076,1909f56bfc062723c751e8b465ee728b)
Start importing Assets/polyperfect/Poly Universal Pack/- Prefabs/Farm/Planters Farm/planter-box-1x3m-a-farm.prefab using Guid(0f6ccbe361bc25842ada4d72e2c9ad7b) Importer(815301076,1909f56bfc062723c751e8b465ee728b)  -> (artifact id: '7ab4138a79c62d9e152cdb3641a35832') in 0.019990 seconds 
========================================================================
Received Import Request.
  Time since last request: 0.000015 seconds.
  path: Assets/polyperfect/Poly Universal Pack/- Prefabs/Farm/Planters Farm/planter-box-dirt-2x2m-farm.prefab
  artifactKey: Guid(de7b99ed4cd83a34b87593d473b2d887) Importer(815301076,1909f56bfc062723c751e8b465ee728b)
Start importing Assets/polyperfect/Poly Universal Pack/- Prefabs/Farm/Planters Farm/planter-box-dirt-2x2m-farm.prefab using Guid(de7b99ed4cd83a34b87593d473b2d887) Importer(815301076,1909f56bfc062723c751e8b465ee728b)  -> (artifact id: '8fd0ee31515409bc0de4de2212ec9a83') in 0.017622 seconds 
========================================================================
Received Import Request.
  Time since last request: 0.000027 seconds.
  path: Assets/polyperfect/Poly Universal Pack/- Prefabs/Farm/Planters Farm/planter-box-dirt-small-a-farm.prefab
  artifactKey: Guid(5592c641b8ab4d24bb290e0023eed780) Importer(815301076,1909f56bfc062723c751e8b465ee728b)
Start importing Assets/polyperfect/Poly Universal Pack/- Prefabs/Farm/Planters Farm/planter-box-dirt-small-a-farm.prefab using Guid(5592c641b8ab4d24bb290e0023eed780) Importer(815301076,1909f56bfc062723c751e8b465ee728b)  -> (artifact id: 'ac31bc8d97c8603c025d5205a4fa9e55') in 0.021516 seconds 
========================================================================
Received Import Request.
  Time since last request: 0.000026 seconds.
  path: Assets/polyperfect/Poly Universal Pack/- Prefabs/Farm/Planters Farm/planter-box-small-a-farm.prefab
  artifactKey: Guid(d3b6345fa5883e6459c0d6fdcf843aff) Importer(815301076,1909f56bfc062723c751e8b465ee728b)
Start importing Assets/polyperfect/Poly Universal Pack/- Prefabs/Farm/Planters Farm/planter-box-small-a-farm.prefab using Guid(d3b6345fa5883e6459c0d6fdcf843aff) Importer(815301076,1909f56bfc062723c751e8b465ee728b)  -> (artifact id: 'c29cf76be126df04b0bb3aaefdc173ff') in 0.018333 seconds 
========================================================================
Received Import Request.
  Time since last request: 0.000013 seconds.
  path: Assets/polyperfect/Poly Universal Pack/- Prefabs/Farm/Planters Farm/planter-box-u-3x3m-a-farm.prefab
  artifactKey: Guid(091ec3ef61835d64c8c66c2d6189d2c6) Importer(815301076,1909f56bfc062723c751e8b465ee728b)
Start importing Assets/polyperfect/Poly Universal Pack/- Prefabs/Farm/Planters Farm/planter-box-u-3x3m-a-farm.prefab using Guid(091ec3ef61835d64c8c66c2d6189d2c6) Importer(815301076,1909f56bfc062723c751e8b465ee728b)  -> (artifact id: '6eb24e9faaf3f491896204f2b3f701d8') in 0.020907 seconds 
========================================================================
Received Import Request.
  Time since last request: 0.000018 seconds.
  path: Assets/polyperfect/Poly Universal Pack/- Prefabs/Farm/Planters Farm/planter-box-a-farm.prefab
  artifactKey: Guid(114e19adb8faeb246b6fc3ddeb79ee06) Importer(815301076,1909f56bfc062723c751e8b465ee728b)
Start importing Assets/polyperfect/Poly Universal Pack/- Prefabs/Farm/Planters Farm/planter-box-a-farm.prefab using Guid(114e19adb8faeb246b6fc3ddeb79ee06) Importer(815301076,1909f56bfc062723c751e8b465ee728b)  -> (artifact id: '6f7401ff500a92c9c5aab960f6f82d6c') in 0.019051 seconds 
========================================================================
Received Import Request.
  Time since last request: 0.000015 seconds.
  path: Assets/polyperfect/Poly Universal Pack/- Prefabs/Farm/Planters Farm/planter-box-u-dirt-3x3m-farm.prefab
  artifactKey: Guid(c23ac1afec7a01a4f8d47c6f736feac5) Importer(815301076,1909f56bfc062723c751e8b465ee728b)
Start importing Assets/polyperfect/Poly Universal Pack/- Prefabs/Farm/Planters Farm/planter-box-u-dirt-3x3m-farm.prefab using Guid(c23ac1afec7a01a4f8d47c6f736feac5) Importer(815301076,1909f56bfc062723c751e8b465ee728b)  -> (artifact id: '8eb92e879f7a6ddbfa76bec49b20b8b1') in 0.023961 seconds 
========================================================================
Received Import Request.
  Time since last request: 2.177695 seconds.
  path: Assets/polyperfect/Poly Universal Pack/- Prefabs/Farm/Roads Farm/road-dirt-a-turn-20x20m.prefab
  artifactKey: Guid(dec5d29143fbaff4a9126ab0f3678bb8) Importer(815301076,1909f56bfc062723c751e8b465ee728b)
Start importing Assets/polyperfect/Poly Universal Pack/- Prefabs/Farm/Roads Farm/road-dirt-a-turn-20x20m.prefab using Guid(dec5d29143fbaff4a9126ab0f3678bb8) Importer(815301076,1909f56bfc062723c751e8b465ee728b)  -> (artifact id: '4cc017b19bf04e5e517e481d6ac4370a') in 0.019436 seconds 
========================================================================
Received Import Request.
  Time since last request: 8.449752 seconds.
  path: Assets/polyperfect/Poly Universal Pack/- Prefabs/Farm/Bags Farm/bag-logo-lying-full-b-farm.prefab
  artifactKey: Guid(b2566851a5db86f4baa327ebe4cad79d) Importer(815301076,1909f56bfc062723c751e8b465ee728b)
Start importing Assets/polyperfect/Poly Universal Pack/- Prefabs/Farm/Bags Farm/bag-logo-lying-full-b-farm.prefab using Guid(b2566851a5db86f4baa327ebe4cad79d) Importer(815301076,1909f56bfc062723c751e8b465ee728b)  -> (artifact id: '16bf4401112393176d489ee47decee4c') in 0.019208 seconds 
========================================================================
Received Import Request.
  Time since last request: 0.000013 seconds.
  path: Assets/polyperfect/Poly Universal Pack/- Prefabs/Farm/Bags Farm/bag-logo-standing-farm.prefab
  artifactKey: Guid(1a7f1752799da40439cbf508e655e9b7) Importer(815301076,1909f56bfc062723c751e8b465ee728b)
Start importing Assets/polyperfect/Poly Universal Pack/- Prefabs/Farm/Bags Farm/bag-logo-standing-farm.prefab using Guid(1a7f1752799da40439cbf508e655e9b7) Importer(815301076,1909f56bfc062723c751e8b465ee728b)  -> (artifact id: 'cc9770de050bdd7a28ec70600d21ce63') in 0.020450 seconds 
========================================================================
Received Import Request.
  Time since last request: 0.000026 seconds.
  path: Assets/polyperfect/Poly Universal Pack/- Prefabs/Farm/Bags Farm/bag-standing-open-farm.prefab
  artifactKey: Guid(29c3e7208ac7d0f4e81ec449f96f3e14) Importer(815301076,1909f56bfc062723c751e8b465ee728b)
Start importing Assets/polyperfect/Poly Universal Pack/- Prefabs/Farm/Bags Farm/bag-standing-open-farm.prefab using Guid(29c3e7208ac7d0f4e81ec449f96f3e14) Importer(815301076,1909f56bfc062723c751e8b465ee728b)  -> (artifact id: '6eb8edf5b102ac25c74950ce746925b3') in 0.021713 seconds 
========================================================================
Received Import Request.
  Time since last request: 0.000040 seconds.
  path: Assets/polyperfect/Poly Universal Pack/- Prefabs/Farm/Bags Farm/bag-lying-full-b-farm.prefab
  artifactKey: Guid(a23eed02269b9db4bac1df75d61d40d8) Importer(815301076,1909f56bfc062723c751e8b465ee728b)
Start importing Assets/polyperfect/Poly Universal Pack/- Prefabs/Farm/Bags Farm/bag-lying-full-b-farm.prefab using Guid(a23eed02269b9db4bac1df75d61d40d8) Importer(815301076,1909f56bfc062723c751e8b465ee728b)  -> (artifact id: '3e691b0f79075e8609262257a152ef30') in 0.019128 seconds 
========================================================================
Received Import Request.
  Time since last request: 0.000027 seconds.
  path: Assets/polyperfect/Poly Universal Pack/- Prefabs/Farm/Bags Farm/bag-logo-tied-farm.prefab
  artifactKey: Guid(5bcc9f2ba7e21c74996e1aba454fc9b8) Importer(815301076,1909f56bfc062723c751e8b465ee728b)
Start importing Assets/polyperfect/Poly Universal Pack/- Prefabs/Farm/Bags Farm/bag-logo-tied-farm.prefab using Guid(5bcc9f2ba7e21c74996e1aba454fc9b8) Importer(815301076,1909f56bfc062723c751e8b465ee728b)  -> (artifact id: '55ea01b5c2872bff44caea29b7063e5f') in 0.018444 seconds 
========================================================================
Received Import Request.
  Time since last request: 0.000024 seconds.
  path: Assets/polyperfect/Poly Universal Pack/- Prefabs/Farm/Bags Farm/bag-lying-spilled-a-farm.prefab
  artifactKey: Guid(816af35b2d632c448962a44305c71a3e) Importer(815301076,1909f56bfc062723c751e8b465ee728b)
Start importing Assets/polyperfect/Poly Universal Pack/- Prefabs/Farm/Bags Farm/bag-lying-spilled-a-farm.prefab using Guid(816af35b2d632c448962a44305c71a3e) Importer(815301076,1909f56bfc062723c751e8b465ee728b)  -> (artifact id: 'b3c769b040ee3c51e09795eae62736c0') in 0.015617 seconds 
========================================================================
Received Import Request.
  Time since last request: 2.378550 seconds.
  path: Assets/polyperfect/Poly Universal Pack/- Prefabs/Farm/Vehicles Farm/cultipacker.prefab
  artifactKey: Guid(a6b6855e2cfdb5d48a5b28ea34717c54) Importer(815301076,1909f56bfc062723c751e8b465ee728b)
Start importing Assets/polyperfect/Poly Universal Pack/- Prefabs/Farm/Vehicles Farm/cultipacker.prefab using Guid(a6b6855e2cfdb5d48a5b28ea34717c54) Importer(815301076,1909f56bfc062723c751e8b465ee728b)  -> (artifact id: 'b7956649238f369b6a344b395efc854b') in 0.021809 seconds 
========================================================================
Received Import Request.
  Time since last request: 0.000015 seconds.
  path: Assets/polyperfect/Poly Universal Pack/- Prefabs/Farm/Vehicles Farm/liquid-tank.prefab
  artifactKey: Guid(6cc3c39528fd7b84eada37a662234212) Importer(815301076,1909f56bfc062723c751e8b465ee728b)
Start importing Assets/polyperfect/Poly Universal Pack/- Prefabs/Farm/Vehicles Farm/liquid-tank.prefab using Guid(6cc3c39528fd7b84eada37a662234212) Importer(815301076,1909f56bfc062723c751e8b465ee728b)  -> (artifact id: '08eb359e4e6348e8aaa960d934ea428e') in 0.029042 seconds 
========================================================================
Received Import Request.
  Time since last request: 0.000017 seconds.
  path: Assets/polyperfect/Poly Universal Pack/- Prefabs/Farm/Vehicles Farm/tractor-big.prefab
  artifactKey: Guid(25fef3fe62d450f4f9a0ebd24da53b67) Importer(815301076,1909f56bfc062723c751e8b465ee728b)
Start importing Assets/polyperfect/Poly Universal Pack/- Prefabs/Farm/Vehicles Farm/tractor-big.prefab using Guid(25fef3fe62d450f4f9a0ebd24da53b67) Importer(815301076,1909f56bfc062723c751e8b465ee728b)  -> (artifact id: '80508d1f1e52820ed876dcc2c21e7306') in 0.034873 seconds 
========================================================================
Received Import Request.
  Time since last request: 0.000025 seconds.
  path: Assets/polyperfect/Poly Universal Pack/- Prefabs/Farm/Vehicles Farm/hay-baler.prefab
  artifactKey: Guid(5c0b50c744ef29a40bc0eb65036d81fe) Importer(815301076,1909f56bfc062723c751e8b465ee728b)
Start importing Assets/polyperfect/Poly Universal Pack/- Prefabs/Farm/Vehicles Farm/hay-baler.prefab using Guid(5c0b50c744ef29a40bc0eb65036d81fe) Importer(815301076,1909f56bfc062723c751e8b465ee728b)  -> (artifact id: 'ff8087f3e241b638de58439faab65b77') in 0.049337 seconds 
========================================================================
Received Import Request.
  Time since last request: 38.161107 seconds.
  path: Assets/polyperfect/Poly Universal Pack/- Prefabs/Farm/Tools Farm/boot-rain-dirty-a.prefab
  artifactKey: Guid(854f916ad98e6fd4d8ee7392e823b8c5) Importer(815301076,1909f56bfc062723c751e8b465ee728b)
Start importing Assets/polyperfect/Poly Universal Pack/- Prefabs/Farm/Tools Farm/boot-rain-dirty-a.prefab using Guid(854f916ad98e6fd4d8ee7392e823b8c5) Importer(815301076,1909f56bfc062723c751e8b465ee728b)  -> (artifact id: '52371439c9f183db0a2f8ca092600047') in 0.022822 seconds 
========================================================================
Received Import Request.
  Time since last request: 0.000014 seconds.
  path: Assets/polyperfect/Poly Universal Pack/- Prefabs/Farm/Tools Farm/pot-saucer-clay-big-a.prefab
  artifactKey: Guid(1c827b42664258441ac5dd6cc19b05a3) Importer(815301076,1909f56bfc062723c751e8b465ee728b)
Start importing Assets/polyperfect/Poly Universal Pack/- Prefabs/Farm/Tools Farm/pot-saucer-clay-big-a.prefab using Guid(1c827b42664258441ac5dd6cc19b05a3) Importer(815301076,1909f56bfc062723c751e8b465ee728b)  -> (artifact id: '26328440463f9ac86f3c030a0729a68b') in 0.024227 seconds 
========================================================================
Received Import Request.
  Time since last request: 0.000020 seconds.
  path: Assets/polyperfect/Poly Universal Pack/- Prefabs/Farm/Tools Farm/rope-floor-a.prefab
  artifactKey: Guid(cdcdb9e2d130100449c56511ec6ebd28) Importer(815301076,1909f56bfc062723c751e8b465ee728b)
Start importing Assets/polyperfect/Poly Universal Pack/- Prefabs/Farm/Tools Farm/rope-floor-a.prefab using Guid(cdcdb9e2d130100449c56511ec6ebd28) Importer(815301076,1909f56bfc062723c751e8b465ee728b)  -> (artifact id: '8f1bc514a3c100f57b72f1b054f56e97') in 0.017637 seconds 
========================================================================
Received Import Request.
  Time since last request: 0.000017 seconds.
  path: Assets/polyperfect/Poly Universal Pack/- Prefabs/Farm/Tools Farm/wash-tub-metal.prefab
  artifactKey: Guid(653d519cf3811ed4fb8114fbefc37871) Importer(815301076,1909f56bfc062723c751e8b465ee728b)
Start importing Assets/polyperfect/Poly Universal Pack/- Prefabs/Farm/Tools Farm/wash-tub-metal.prefab using Guid(653d519cf3811ed4fb8114fbefc37871) Importer(815301076,1909f56bfc062723c751e8b465ee728b)  -> (artifact id: '859f68e74842b70d30e9cd8bdb19d596') in 0.021671 seconds 
========================================================================
Received Import Request.
  Time since last request: 0.000018 seconds.
  path: Assets/polyperfect/Poly Universal Pack/- Prefabs/Farm/Tools Farm/whetstone.prefab
  artifactKey: Guid(b78c443a82819dd4d9f8799fa3e95b11) Importer(815301076,1909f56bfc062723c751e8b465ee728b)
Start importing Assets/polyperfect/Poly Universal Pack/- Prefabs/Farm/Tools Farm/whetstone.prefab using Guid(b78c443a82819dd4d9f8799fa3e95b11) Importer(815301076,1909f56bfc062723c751e8b465ee728b)  -> (artifact id: '9118e33e4eab3e567a2bbbdb180cd1ab') in 0.020170 seconds 
========================================================================
Received Import Request.
  Time since last request: 0.000020 seconds.
  path: Assets/polyperfect/Poly Universal Pack/- Prefabs/Farm/Tools Farm/can-watering-metal-a.prefab
  artifactKey: Guid(445ccc41de1cc7b4881de457334294b2) Importer(815301076,1909f56bfc062723c751e8b465ee728b)
Start importing Assets/polyperfect/Poly Universal Pack/- Prefabs/Farm/Tools Farm/can-watering-metal-a.prefab using Guid(445ccc41de1cc7b4881de457334294b2) Importer(815301076,1909f56bfc062723c751e8b465ee728b)  -> (artifact id: '7a619abe7340e18cdcf73325b00d8b02') in 0.020663 seconds 
========================================================================
Received Import Request.
  Time since last request: 0.000017 seconds.
  path: Assets/polyperfect/Poly Universal Pack/- Prefabs/Farm/Tools Farm/ladder-wood-tall.prefab
  artifactKey: Guid(cea955b049ceb334a96ee3b13bf3f317) Importer(815301076,1909f56bfc062723c751e8b465ee728b)
Start importing Assets/polyperfect/Poly Universal Pack/- Prefabs/Farm/Tools Farm/ladder-wood-tall.prefab using Guid(cea955b049ceb334a96ee3b13bf3f317) Importer(815301076,1909f56bfc062723c751e8b465ee728b)  -> (artifact id: '9fcd0f60bac0c454aa0294866eb5ac59') in 0.020033 seconds 
========================================================================
Received Import Request.
  Time since last request: 0.000018 seconds.
  path: Assets/polyperfect/Poly Universal Pack/- Prefabs/Farm/Tools Farm/rope-hang-b.prefab
  artifactKey: Guid(8171ecf02fceee848b07efb52f30429d) Importer(815301076,1909f56bfc062723c751e8b465ee728b)
Start importing Assets/polyperfect/Poly Universal Pack/- Prefabs/Farm/Tools Farm/rope-hang-b.prefab using Guid(8171ecf02fceee848b07efb52f30429d) Importer(815301076,1909f56bfc062723c751e8b465ee728b)  -> (artifact id: 'c1c2d23b6aba9287040b7b4ab6217141') in 0.022929 seconds 
========================================================================
Received Import Request.
  Time since last request: 0.000014 seconds.
  path: Assets/polyperfect/Poly Universal Pack/- Prefabs/Farm/Tools Farm/pot-clay-stack-b.prefab
  artifactKey: Guid(407ae1d2bc1e967469834af45eb63939) Importer(815301076,1909f56bfc062723c751e8b465ee728b)
Start importing Assets/polyperfect/Poly Universal Pack/- Prefabs/Farm/Tools Farm/pot-clay-stack-b.prefab using Guid(407ae1d2bc1e967469834af45eb63939) Importer(815301076,1909f56bfc062723c751e8b465ee728b)  -> (artifact id: 'b32426c0e5e36fab2e89d351a012090e') in 0.019806 seconds 
========================================================================
Received Import Request.
  Time since last request: 0.000019 seconds.
  path: Assets/polyperfect/Poly Universal Pack/- Prefabs/Farm/Tools Farm/broom-farm.prefab
  artifactKey: Guid(f1f07ea46596d9949a963d0e6387236b) Importer(815301076,1909f56bfc062723c751e8b465ee728b)
Start importing Assets/polyperfect/Poly Universal Pack/- Prefabs/Farm/Tools Farm/broom-farm.prefab using Guid(f1f07ea46596d9949a963d0e6387236b) Importer(815301076,1909f56bfc062723c751e8b465ee728b)  -> (artifact id: '7fe661c52fe76e2c5641995c0cfba9fc') in 0.019903 seconds 
========================================================================
Received Import Request.
  Time since last request: 0.000022 seconds.
  path: Assets/polyperfect/Poly Universal Pack/- Prefabs/Farm/Tools Farm/pot-clay-medium-b.prefab
  artifactKey: Guid(83b6ad0869857244088d6412313ee720) Importer(815301076,1909f56bfc062723c751e8b465ee728b)
Start importing Assets/polyperfect/Poly Universal Pack/- Prefabs/Farm/Tools Farm/pot-clay-medium-b.prefab using Guid(83b6ad0869857244088d6412313ee720) Importer(815301076,1909f56bfc062723c751e8b465ee728b)  -> (artifact id: '2bde8ffedb66218020a7b4200e964d16') in 0.020191 seconds 
========================================================================
Received Import Request.
  Time since last request: 0.000027 seconds.
  path: Assets/polyperfect/Poly Universal Pack/- Prefabs/Farm/Tools Farm/bottle-spray-bugs.prefab
  artifactKey: Guid(1c166526e97da7d4a82c1cc6920ff0cb) Importer(815301076,1909f56bfc062723c751e8b465ee728b)
Start importing Assets/polyperfect/Poly Universal Pack/- Prefabs/Farm/Tools Farm/bottle-spray-bugs.prefab using Guid(1c166526e97da7d4a82c1cc6920ff0cb) Importer(815301076,1909f56bfc062723c751e8b465ee728b)  -> (artifact id: 'faaca0bd9b3915fc974ffcdb10f4bfc9') in 0.022956 seconds 
========================================================================
Received Import Request.
  Time since last request: 0.000024 seconds.
  path: Assets/polyperfect/Poly Universal Pack/- Prefabs/Farm/Tools Farm/shovel-gardening-round.prefab
  artifactKey: Guid(f1338513e043f7e4c8d4e7e7ecd548ae) Importer(815301076,1909f56bfc062723c751e8b465ee728b)
Start importing Assets/polyperfect/Poly Universal Pack/- Prefabs/Farm/Tools Farm/shovel-gardening-round.prefab using Guid(f1338513e043f7e4c8d4e7e7ecd548ae) Importer(815301076,1909f56bfc062723c751e8b465ee728b)  -> (artifact id: '8e90ea0ffd8562e7500ed33ca03bc656') in 0.019351 seconds 
========================================================================
Received Import Request.
  Time since last request: 0.000032 seconds.
  path: Assets/polyperfect/Poly Universal Pack/- Prefabs/Farm/Tools Farm/shears-a.prefab
  artifactKey: Guid(32345e19a359a5149a0536a7b00582c1) Importer(815301076,1909f56bfc062723c751e8b465ee728b)
Start importing Assets/polyperfect/Poly Universal Pack/- Prefabs/Farm/Tools Farm/shears-a.prefab using Guid(32345e19a359a5149a0536a7b00582c1) Importer(815301076,1909f56bfc062723c751e8b465ee728b)  -> (artifact id: '8d4253f0439c5d9786c937293722061b') in 0.019662 seconds 
========================================================================
Received Import Request.
  Time since last request: 0.000040 seconds.
  path: Assets/polyperfect/Poly Universal Pack/- Prefabs/Farm/Tools Farm/weeder-gardening.prefab
  artifactKey: Guid(a0a66413c900c8041887c723778f9c64) Importer(815301076,1909f56bfc062723c751e8b465ee728b)
Start importing Assets/polyperfect/Poly Universal Pack/- Prefabs/Farm/Tools Farm/weeder-gardening.prefab using Guid(a0a66413c900c8041887c723778f9c64) Importer(815301076,1909f56bfc062723c751e8b465ee728b)  -> (artifact id: '756a8639e566371dc75496968e0af99d') in 0.020747 seconds 
========================================================================
Received Import Request.
  Time since last request: 0.000030 seconds.
  path: Assets/polyperfect/Poly Universal Pack/- Prefabs/Farm/Tools Farm/step-stool-farm.prefab
  artifactKey: Guid(9b7357ed146225e4f9a3ab1422c506f9) Importer(815301076,1909f56bfc062723c751e8b465ee728b)
Start importing Assets/polyperfect/Poly Universal Pack/- Prefabs/Farm/Tools Farm/step-stool-farm.prefab using Guid(9b7357ed146225e4f9a3ab1422c506f9) Importer(815301076,1909f56bfc062723c751e8b465ee728b)  -> (artifact id: 'a06f15462b40081cb0aba90ccee3e6ae') in 0.020502 seconds 
========================================================================
Received Import Request.
  Time since last request: 7.457711 seconds.
  path: Assets/polyperfect/Poly Universal Pack/- Prefabs/Farm/Crops Farm/apple-red-green.prefab
  artifactKey: Guid(498d81e41928ddb4eb79bf7443502730) Importer(815301076,1909f56bfc062723c751e8b465ee728b)
Start importing Assets/polyperfect/Poly Universal Pack/- Prefabs/Farm/Crops Farm/apple-red-green.prefab using Guid(498d81e41928ddb4eb79bf7443502730) Importer(815301076,1909f56bfc062723c751e8b465ee728b)  -> (artifact id: '25777bea543ab50623b9ec93af59f74c') in 0.022782 seconds 
========================================================================
Received Import Request.
  Time since last request: 0.000021 seconds.
  path: Assets/polyperfect/Poly Universal Pack/- Prefabs/Farm/Crops Farm/carrot-plant-dead.prefab
  artifactKey: Guid(387b7b0b2b01616409646385b6d899c7) Importer(815301076,1909f56bfc062723c751e8b465ee728b)
Start importing Assets/polyperfect/Poly Universal Pack/- Prefabs/Farm/Crops Farm/carrot-plant-dead.prefab using Guid(387b7b0b2b01616409646385b6d899c7) Importer(815301076,1909f56bfc062723c751e8b465ee728b)  -> (artifact id: '168bc8188d37791bccc9de9c31fcf58a') in 0.022486 seconds 
========================================================================
Received Import Request.
  Time since last request: 0.000014 seconds.
  path: Assets/polyperfect/Poly Universal Pack/- Prefabs/Farm/Crops Farm/potato-a.prefab
  artifactKey: Guid(1a9155a9324ff5e4b8179d1766b879e9) Importer(815301076,1909f56bfc062723c751e8b465ee728b)
Start importing Assets/polyperfect/Poly Universal Pack/- Prefabs/Farm/Crops Farm/potato-a.prefab using Guid(1a9155a9324ff5e4b8179d1766b879e9) Importer(815301076,1909f56bfc062723c751e8b465ee728b)  -> (artifact id: '0248607c64c4d829c0c1305c0968683d') in 0.022153 seconds 
========================================================================
Received Import Request.
  Time since last request: 0.000015 seconds.
  path: Assets/polyperfect/Poly Universal Pack/- Prefabs/Farm/Crops Farm/corn-sprout-a.prefab
  artifactKey: Guid(f8cec52740222b74f9410dc0e5a48ac2) Importer(815301076,1909f56bfc062723c751e8b465ee728b)
Start importing Assets/polyperfect/Poly Universal Pack/- Prefabs/Farm/Crops Farm/corn-sprout-a.prefab using Guid(f8cec52740222b74f9410dc0e5a48ac2) Importer(815301076,1909f56bfc062723c751e8b465ee728b)  -> (artifact id: '593427c8bf94c9ccecd5a7467a2d4473') in 0.022909 seconds 
========================================================================
Received Import Request.
  Time since last request: 0.000018 seconds.
  path: Assets/polyperfect/Poly Universal Pack/- Prefabs/Farm/Crops Farm/hay-wheelbarrow-wood-dry.prefab
  artifactKey: Guid(dfddef8c03b10fe4a9a1c6c7da0e4020) Importer(815301076,1909f56bfc062723c751e8b465ee728b)
Start importing Assets/polyperfect/Poly Universal Pack/- Prefabs/Farm/Crops Farm/hay-wheelbarrow-wood-dry.prefab using Guid(dfddef8c03b10fe4a9a1c6c7da0e4020) Importer(815301076,1909f56bfc062723c751e8b465ee728b)  -> (artifact id: '2f7b502e2c037e8da0ee9e71f49cedbf') in 0.024553 seconds 
========================================================================
Received Import Request.
  Time since last request: 0.000016 seconds.
  path: Assets/polyperfect/Poly Universal Pack/- Prefabs/Farm/Crops Farm/haybale-square-big.prefab
  artifactKey: Guid(ae259d9f2e78cdd4fba98cce48c11747) Importer(815301076,1909f56bfc062723c751e8b465ee728b)
Start importing Assets/polyperfect/Poly Universal Pack/- Prefabs/Farm/Crops Farm/haybale-square-big.prefab using Guid(ae259d9f2e78cdd4fba98cce48c11747) Importer(815301076,1909f56bfc062723c751e8b465ee728b)  -> (artifact id: '54424a85d4279ba3a4c1c7e2e36ee7da') in 0.022020 seconds 
========================================================================
Received Import Request.
  Time since last request: 0.000019 seconds.
  path: Assets/polyperfect/Poly Universal Pack/- Prefabs/Farm/Crops Farm/sunflower-plant-ripe-b.prefab
  artifactKey: Guid(d947fe64c6e3c1745ad0824d2768ab34) Importer(815301076,1909f56bfc062723c751e8b465ee728b)
Start importing Assets/polyperfect/Poly Universal Pack/- Prefabs/Farm/Crops Farm/sunflower-plant-ripe-b.prefab using Guid(d947fe64c6e3c1745ad0824d2768ab34) Importer(815301076,1909f56bfc062723c751e8b465ee728b)  -> (artifact id: '9bb43dd050f56898cedcdb62c329451b') in 0.019834 seconds 
========================================================================
Received Import Request.
  Time since last request: 0.000021 seconds.
  path: Assets/polyperfect/Poly Universal Pack/- Prefabs/Farm/Crops Farm/salad-dead-b.prefab
  artifactKey: Guid(033084b19e4685340bf3394dfb988f98) Importer(815301076,1909f56bfc062723c751e8b465ee728b)
Start importing Assets/polyperfect/Poly Universal Pack/- Prefabs/Farm/Crops Farm/salad-dead-b.prefab using Guid(033084b19e4685340bf3394dfb988f98) Importer(815301076,1909f56bfc062723c751e8b465ee728b)  -> (artifact id: '251ec16f0117ec2206a9945d7f6069f7') in 0.020921 seconds 
========================================================================
Received Import Request.
  Time since last request: 0.000032 seconds.
  path: Assets/polyperfect/Poly Universal Pack/- Prefabs/Farm/Crops Farm/strawberry-plant-ripe-b.prefab
  artifactKey: Guid(d6b65f64dc39430478c750f7ce17720d) Importer(815301076,1909f56bfc062723c751e8b465ee728b)
Start importing Assets/polyperfect/Poly Universal Pack/- Prefabs/Farm/Crops Farm/strawberry-plant-ripe-b.prefab using Guid(d6b65f64dc39430478c750f7ce17720d) Importer(815301076,1909f56bfc062723c751e8b465ee728b)  -> (artifact id: '275fbce9c78514a0d3ef83b817c0a459') in 0.019809 seconds 
========================================================================
Received Import Request.
  Time since last request: 0.000016 seconds.
  path: Assets/polyperfect/Poly Universal Pack/- Prefabs/Farm/Crops Farm/potato-plant-ripe-b.prefab
  artifactKey: Guid(420a14e2c84057a419c2892c8a6c03c2) Importer(815301076,1909f56bfc062723c751e8b465ee728b)
Start importing Assets/polyperfect/Poly Universal Pack/- Prefabs/Farm/Crops Farm/potato-plant-ripe-b.prefab using Guid(420a14e2c84057a419c2892c8a6c03c2) Importer(815301076,1909f56bfc062723c751e8b465ee728b)  -> (artifact id: 'edefedffc42496c61c0424c8457ca120') in 0.024830 seconds 
========================================================================
Received Import Request.
  Time since last request: 0.000030 seconds.
  path: Assets/polyperfect/Poly Universal Pack/- Prefabs/Farm/Crops Farm/grass-pile-large.prefab
  artifactKey: Guid(523dfb85ffa25324d8b21d32a468cf80) Importer(815301076,1909f56bfc062723c751e8b465ee728b)
Start importing Assets/polyperfect/Poly Universal Pack/- Prefabs/Farm/Crops Farm/grass-pile-large.prefab using Guid(523dfb85ffa25324d8b21d32a468cf80) Importer(815301076,1909f56bfc062723c751e8b465ee728b)  -> (artifact id: 'e4458270159b9452ec879a123a3761d1') in 0.019744 seconds 
========================================================================
Received Import Request.
  Time since last request: 0.000035 seconds.
  path: Assets/polyperfect/Poly Universal Pack/- Prefabs/Farm/Crops Farm/tomato-ripe-group-a.prefab
  artifactKey: Guid(e4d37d2ab106859429398de844207d55) Importer(815301076,1909f56bfc062723c751e8b465ee728b)
Start importing Assets/polyperfect/Poly Universal Pack/- Prefabs/Farm/Crops Farm/tomato-ripe-group-a.prefab using Guid(e4d37d2ab106859429398de844207d55) Importer(815301076,1909f56bfc062723c751e8b465ee728b)  -> (artifact id: 'fa037b984765014d51fb712b77d0ed1f') in 0.017157 seconds 
========================================================================
Received Import Request.
  Time since last request: 0.000024 seconds.
  path: Assets/polyperfect/Poly Universal Pack/- Prefabs/Farm/Crops Farm/carrot-plant-sapling-root.prefab
  artifactKey: Guid(20731da2635e3d24c99080cdb28e3f87) Importer(815301076,1909f56bfc062723c751e8b465ee728b)
Start importing Assets/polyperfect/Poly Universal Pack/- Prefabs/Farm/Crops Farm/carrot-plant-sapling-root.prefab using Guid(20731da2635e3d24c99080cdb28e3f87) Importer(815301076,1909f56bfc062723c751e8b465ee728b)  -> (artifact id: 'f5ada0249d21228fe512139f51929644') in 0.019870 seconds 
========================================================================
Received Import Request.
  Time since last request: 0.000019 seconds.
  path: Assets/polyperfect/Poly Universal Pack/- Prefabs/Farm/Crops Farm/sunflower-plant-flowering.prefab
  artifactKey: Guid(7b31c5967f6e06644a5030c1bd3bb0c5) Importer(815301076,1909f56bfc062723c751e8b465ee728b)
Start importing Assets/polyperfect/Poly Universal Pack/- Prefabs/Farm/Crops Farm/sunflower-plant-flowering.prefab using Guid(7b31c5967f6e06644a5030c1bd3bb0c5) Importer(815301076,1909f56bfc062723c751e8b465ee728b)  -> (artifact id: '53ff62613a54d880288af4a40cd37ee8') in 0.020523 seconds 
========================================================================
Received Import Request.
  Time since last request: 0.000045 seconds.
  path: Assets/polyperfect/Poly Universal Pack/- Prefabs/Farm/Crops Farm/strawberry-plant-ripe-a.prefab
  artifactKey: Guid(3ec1766fd50ac784a9469ac31a9921b8) Importer(815301076,1909f56bfc062723c751e8b465ee728b)
Start importing Assets/polyperfect/Poly Universal Pack/- Prefabs/Farm/Crops Farm/strawberry-plant-ripe-a.prefab using Guid(3ec1766fd50ac784a9469ac31a9921b8) Importer(815301076,1909f56bfc062723c751e8b465ee728b)  -> (artifact id: 'a923e7277f42f7c2a372e667bc5739fc') in 0.017061 seconds 
========================================================================
Received Import Request.
  Time since last request: 0.000027 seconds.
  path: Assets/polyperfect/Poly Universal Pack/- Prefabs/Farm/Crops Farm/sunflower-plant-ripe-a.prefab
  artifactKey: Guid(3d0b16bfb400ff84ab4b504c9e30f69a) Importer(815301076,1909f56bfc062723c751e8b465ee728b)
Start importing Assets/polyperfect/Poly Universal Pack/- Prefabs/Farm/Crops Farm/sunflower-plant-ripe-a.prefab using Guid(3d0b16bfb400ff84ab4b504c9e30f69a) Importer(815301076,1909f56bfc062723c751e8b465ee728b)  -> (artifact id: 'f15fa0d4e028bff39d6eb011b64b184c') in 0.018308 seconds 
========================================================================
Received Import Request.
  Time since last request: 0.000027 seconds.
  path: Assets/polyperfect/Poly Universal Pack/- Prefabs/Farm/Crops Farm/sunflower-plant-young.prefab
  artifactKey: Guid(b81961b2f292e1940a8577e4b0ab04f0) Importer(815301076,1909f56bfc062723c751e8b465ee728b)
Start importing Assets/polyperfect/Poly Universal Pack/- Prefabs/Farm/Crops Farm/sunflower-plant-young.prefab using Guid(b81961b2f292e1940a8577e4b0ab04f0) Importer(815301076,1909f56bfc062723c751e8b465ee728b)  -> (artifact id: '39fd06079b74929bf831130c5a414199') in 0.017429 seconds 
========================================================================
Received Import Request.
  Time since last request: 0.000037 seconds.
  path: Assets/polyperfect/Poly Universal Pack/- Prefabs/Farm/Crops Farm/pumpkin-flowering-a.prefab
  artifactKey: Guid(5f3cdfe4029cff74a818795b707612b2) Importer(815301076,1909f56bfc062723c751e8b465ee728b)
Start importing Assets/polyperfect/Poly Universal Pack/- Prefabs/Farm/Crops Farm/pumpkin-flowering-a.prefab using Guid(5f3cdfe4029cff74a818795b707612b2) Importer(815301076,1909f56bfc062723c751e8b465ee728b)  -> (artifact id: '2b60277eda83545f58c133ef496a44ce') in 0.020415 seconds 
========================================================================
Received Import Request.
  Time since last request: 0.000023 seconds.
  path: Assets/polyperfect/Poly Universal Pack/- Prefabs/Farm/Crops Farm/carrot-plant-young-root.prefab
  artifactKey: Guid(234a5f03609cfec40b53fc65cd34f43a) Importer(815301076,1909f56bfc062723c751e8b465ee728b)
Start importing Assets/polyperfect/Poly Universal Pack/- Prefabs/Farm/Crops Farm/carrot-plant-young-root.prefab using Guid(234a5f03609cfec40b53fc65cd34f43a) Importer(815301076,1909f56bfc062723c751e8b465ee728b)  -> (artifact id: '5f0148ec188be63b8dcddb9b41a840d8') in 0.019948 seconds 
========================================================================
Received Import Request.
  Time since last request: 0.000017 seconds.
  path: Assets/polyperfect/Poly Universal Pack/- Prefabs/Farm/Crops Farm/potato-d.prefab
  artifactKey: Guid(7a3d9ae174b7e8b4a97d9ca7d6dbc281) Importer(815301076,1909f56bfc062723c751e8b465ee728b)
Start importing Assets/polyperfect/Poly Universal Pack/- Prefabs/Farm/Crops Farm/potato-d.prefab using Guid(7a3d9ae174b7e8b4a97d9ca7d6dbc281) Importer(815301076,1909f56bfc062723c751e8b465ee728b)  -> (artifact id: '5b0ba835a0fd5538e369c6d08488b1e3') in 0.018769 seconds 
========================================================================
Received Import Request.
  Time since last request: 0.000021 seconds.
  path: Assets/polyperfect/Poly Universal Pack/- Prefabs/Farm/Crops Farm/leek-harvested-a.prefab
  artifactKey: Guid(5b82e3caf692bb247bf5742215bfdffe) Importer(815301076,1909f56bfc062723c751e8b465ee728b)
Start importing Assets/polyperfect/Poly Universal Pack/- Prefabs/Farm/Crops Farm/leek-harvested-a.prefab using Guid(5b82e3caf692bb247bf5742215bfdffe) Importer(815301076,1909f56bfc062723c751e8b465ee728b)  -> (artifact id: 'ac27b9ff1d708477de33dad51048c87b') in 0.019388 seconds 
========================================================================
Received Import Request.
  Time since last request: 0.000019 seconds.
  path: Assets/polyperfect/Poly Universal Pack/- Prefabs/Farm/Crops Farm/sunflower-plant-mature-b.prefab
  artifactKey: Guid(1a8ba80a507d42e4284ccb9eef8135d0) Importer(815301076,1909f56bfc062723c751e8b465ee728b)
Start importing Assets/polyperfect/Poly Universal Pack/- Prefabs/Farm/Crops Farm/sunflower-plant-mature-b.prefab using Guid(1a8ba80a507d42e4284ccb9eef8135d0) Importer(815301076,1909f56bfc062723c751e8b465ee728b)  -> (artifact id: '0f2ef9f7cc1dc09c92fd268d835cf023') in 0.018164 seconds 
========================================================================
Received Import Request.
  Time since last request: 0.000028 seconds.
  path: Assets/polyperfect/Poly Universal Pack/- Prefabs/Farm/Crops Farm/potato-b.prefab
  artifactKey: Guid(f3b204bfee458d94abbaaca14729b1c6) Importer(815301076,1909f56bfc062723c751e8b465ee728b)
Start importing Assets/polyperfect/Poly Universal Pack/- Prefabs/Farm/Crops Farm/potato-b.prefab using Guid(f3b204bfee458d94abbaaca14729b1c6) Importer(815301076,1909f56bfc062723c751e8b465ee728b)  -> (artifact id: 'e3caae46db105a336000227252b97481') in 0.021047 seconds 
========================================================================
Received Import Request.
  Time since last request: 0.000031 seconds.
  path: Assets/polyperfect/Poly Universal Pack/- Prefabs/Farm/Crops Farm/pumpkin-dead-b.prefab
  artifactKey: Guid(9b599709631969a45a0f678d9ae79fd5) Importer(815301076,1909f56bfc062723c751e8b465ee728b)
Start importing Assets/polyperfect/Poly Universal Pack/- Prefabs/Farm/Crops Farm/pumpkin-dead-b.prefab using Guid(9b599709631969a45a0f678d9ae79fd5) Importer(815301076,1909f56bfc062723c751e8b465ee728b)  -> (artifact id: '582b954f74efda630b3266307ec4f839') in 0.019026 seconds 
========================================================================
Received Import Request.
  Time since last request: 0.000033 seconds.
  path: Assets/polyperfect/Poly Universal Pack/- Prefabs/Farm/Crops Farm/hazelnut-bunch.prefab
  artifactKey: Guid(3be3257e39af7774dba93411f6d3f227) Importer(815301076,1909f56bfc062723c751e8b465ee728b)
Start importing Assets/polyperfect/Poly Universal Pack/- Prefabs/Farm/Crops Farm/hazelnut-bunch.prefab using Guid(3be3257e39af7774dba93411f6d3f227) Importer(815301076,1909f56bfc062723c751e8b465ee728b)  -> (artifact id: 'bd212a6aede131de43adb0b8bc36213e') in 0.016718 seconds 
========================================================================
Received Import Request.
  Time since last request: 0.000021 seconds.
  path: Assets/polyperfect/Poly Universal Pack/- Prefabs/Farm/Crops Farm/strawberry-a.prefab
  artifactKey: Guid(9431874dbab9bbb478c89334e4cb8298) Importer(815301076,1909f56bfc062723c751e8b465ee728b)
Start importing Assets/polyperfect/Poly Universal Pack/- Prefabs/Farm/Crops Farm/strawberry-a.prefab using Guid(9431874dbab9bbb478c89334e4cb8298) Importer(815301076,1909f56bfc062723c751e8b465ee728b)  -> (artifact id: '62076855d948fdc1acaae0f429f816fe') in 0.020284 seconds 
========================================================================
Received Import Request.
  Time since last request: 0.000036 seconds.
  path: Assets/polyperfect/Poly Universal Pack/- Prefabs/Farm/Crops Farm/strawberry-plant-dead.prefab
  artifactKey: Guid(cfd6631ded3f2b943b89b316758db276) Importer(815301076,1909f56bfc062723c751e8b465ee728b)
Start importing Assets/polyperfect/Poly Universal Pack/- Prefabs/Farm/Crops Farm/strawberry-plant-dead.prefab using Guid(cfd6631ded3f2b943b89b316758db276) Importer(815301076,1909f56bfc062723c751e8b465ee728b)  -> (artifact id: '8cd217805c4d60919a8c70b44be49c23') in 0.021305 seconds 
========================================================================
Received Import Request.
  Time since last request: 0.246699 seconds.
  path: Assets/polyperfect/Poly Universal Pack/- Prefabs/Farm/Crops Farm/watermelon-b.prefab
  artifactKey: Guid(53b75db2931014d48be4201ead72639a) Importer(815301076,1909f56bfc062723c751e8b465ee728b)
Start importing Assets/polyperfect/Poly Universal Pack/- Prefabs/Farm/Crops Farm/watermelon-b.prefab using Guid(53b75db2931014d48be4201ead72639a) Importer(815301076,1909f56bfc062723c751e8b465ee728b)  -> (artifact id: '4e0c7bef37f3bd66488f913e0af4d540') in 0.020904 seconds 
========================================================================
Received Import Request.
  Time since last request: 0.000017 seconds.
  path: Assets/polyperfect/Poly Universal Pack/- Prefabs/Farm/Crops Farm/watermelon-quarter.prefab
  artifactKey: Guid(a2eebb3931dc414469db7fc91413461e) Importer(815301076,1909f56bfc062723c751e8b465ee728b)
Start importing Assets/polyperfect/Poly Universal Pack/- Prefabs/Farm/Crops Farm/watermelon-quarter.prefab using Guid(a2eebb3931dc414469db7fc91413461e) Importer(815301076,1909f56bfc062723c751e8b465ee728b)  -> (artifact id: '5f5eff0d5bbecec83e116a39f93c97c8') in 0.021683 seconds 
========================================================================
Received Import Request.
  Time since last request: 0.000039 seconds.
  path: Assets/polyperfect/Poly Universal Pack/- Prefabs/Farm/Crops Farm/watermelon-plant-sprout.prefab
  artifactKey: Guid(222cd786b69e1404ea5194f13fa609fa) Importer(815301076,1909f56bfc062723c751e8b465ee728b)
Start importing Assets/polyperfect/Poly Universal Pack/- Prefabs/Farm/Crops Farm/watermelon-plant-sprout.prefab using Guid(222cd786b69e1404ea5194f13fa609fa) Importer(815301076,1909f56bfc062723c751e8b465ee728b)  -> (artifact id: 'af432240013de7455e8e48ed6f43089f') in 0.020645 seconds 
========================================================================
Received Import Request.
  Time since last request: 0.000013 seconds.
  path: Assets/polyperfect/Poly Universal Pack/- Prefabs/Farm/Crops Farm/watermelon-plant-seedling.prefab
  artifactKey: Guid(c1e5694ec4bbb314090f147d485c45bb) Importer(815301076,1909f56bfc062723c751e8b465ee728b)
Start importing Assets/polyperfect/Poly Universal Pack/- Prefabs/Farm/Crops Farm/watermelon-plant-seedling.prefab using Guid(c1e5694ec4bbb314090f147d485c45bb) Importer(815301076,1909f56bfc062723c751e8b465ee728b)  -> (artifact id: 'a5cab0f56ea218f948d7ce01ae54d3c1') in 0.022709 seconds 
>>>>>>> Stashed changes
Editor requested this worker to shutdown with reason: Scaling down because of idle timeout
AssetImportWorker is now disconnected from the server
Process exiting
Exiting without the bug reporter. Application will terminate with return code 0