Using pre-set license
Built from '2021.3/staging' branch; Version is '2021.3.8f1 (b30333d56e81) revision 11731763'; Using compiler version '192829333'; Build Type 'Release'
OS: 'Windows 10  (10.0.19044) 64bit Professional' Language: 'ru' Physical Memory: 32665 MB
BatchMode: 1, IsHumanControllingUs: 0, StartBugReporterOnCrash: 0, Is64bit: 1, IsPro: 1

COMMAND LINE ARGUMENTS:
C:\Program Files\Unity\Hub\Editor\2021.3.8f1\Editor\Unity.exe
-adb2
-batchMode
-noUpm
-name
AssetImportWorker9
-projectPath
C:/Users/500DX/OneDrive/Documents/GitHub/Hunt-Dev2
-logFile
Logs/AssetImportWorker9.log
-srvPort
50037
Successfully changed project path to: C:/Users/500DX/OneDrive/Documents/GitHub/Hunt-Dev2
C:/Users/500DX/OneDrive/Documents/GitHub/Hunt-Dev2
[UnityMemory] Configuration Parameters - Can be set up in boot.config
    "memorysetup-bucket-allocator-granularity=16"
    "memorysetup-bucket-allocator-bucket-count=8"
    "memorysetup-bucket-allocator-block-size=33554432"
    "memorysetup-bucket-allocator-block-count=8"
    "memorysetup-main-allocator-block-size=16777216"
    "memorysetup-thread-allocator-block-size=16777216"
    "memorysetup-gfx-main-allocator-block-size=16777216"
    "memorysetup-gfx-thread-allocator-block-size=16777216"
    "memorysetup-cache-allocator-block-size=4194304"
    "memorysetup-typetree-allocator-block-size=2097152"
    "memorysetup-profiler-bucket-allocator-granularity=16"
    "memorysetup-profiler-bucket-allocator-bucket-count=8"
    "memorysetup-profiler-bucket-allocator-block-size=33554432"
    "memorysetup-profiler-bucket-allocator-block-count=8"
    "memorysetup-profiler-allocator-block-size=16777216"
    "memorysetup-profiler-editor-allocator-block-size=1048576"
    "memorysetup-temp-allocator-size-main=16777216"
    "memorysetup-job-temp-allocator-block-size=2097152"
    "memorysetup-job-temp-allocator-block-size-background=1048576"
    "memorysetup-job-temp-allocator-reduction-small-platforms=262144"
    "memorysetup-temp-allocator-size-background-worker=32768"
    "memorysetup-temp-allocator-size-job-worker=262144"
    "memorysetup-temp-allocator-size-preload-manager=33554432"
    "memorysetup-temp-allocator-size-nav-mesh-worker=65536"
    "memorysetup-temp-allocator-size-audio-worker=65536"
    "memorysetup-temp-allocator-size-cloud-worker=32768"
    "memorysetup-temp-allocator-size-gi-baking-worker=262144"
    "memorysetup-temp-allocator-size-gfx=262144"
Refreshing native plugins compatible for Editor in 135.22 ms, found 3 plugins.
Preloading 0 native plugins for Editor in 0.00 ms.
Initialize engine version: 2021.3.8f1 (b30333d56e81)
[Subsystems] Discovering subsystems at path C:/Program Files/Unity/Hub/Editor/2021.3.8f1/Editor/Data/Resources/UnitySubsystems
[Subsystems] Discovering subsystems at path C:/Users/500DX/OneDrive/Documents/GitHub/Hunt-Dev2/Assets
GfxDevice: creating device client; threaded=0; jobified=0
Direct3D:
    Version:  Direct3D 11.0 [level 11.1]
    Renderer: NVIDIA GeForce RTX 3070 Ti (ID=0x2482)
    Vendor:   NVIDIA
    VRAM:     8041 MB
    Driver:   31.0.15.1694
Initialize mono
Mono path[0] = 'C:/Program Files/Unity/Hub/Editor/2021.3.8f1/Editor/Data/Managed'
Mono path[1] = 'C:/Program Files/Unity/Hub/Editor/2021.3.8f1/Editor/Data/MonoBleedingEdge/lib/mono/unityjit-win32'
Mono config path = 'C:/Program Files/Unity/Hub/Editor/2021.3.8f1/Editor/Data/MonoBleedingEdge/etc'
Using monoOptions --debugger-agent=transport=dt_socket,embedding=1,server=y,suspend=n,address=127.0.0.1:56684
Begin MonoManager ReloadAssembly
Registering precompiled unity dll's ...
Register platform support module: C:/Program Files/Unity/Hub/Editor/2021.3.8f1/Editor/Data/PlaybackEngines/WindowsStandaloneSupport/UnityEditor.WindowsStandalone.Extensions.dll
Registered in 0.008086 seconds.
Native extension for WindowsStandalone target not found
Refreshing native plugins compatible for Editor in 131.39 ms, found 3 plugins.
Preloading 0 native plugins for Editor in 0.00 ms.
Mono: successfully reloaded assembly
- Completed reload, in  0.758 seconds
Domain Reload Profiling:
	ReloadAssembly (759ms)
		BeginReloadAssembly (88ms)
			ExecutionOrderSort (0ms)
			DisableScriptedObjects (0ms)
			BackupInstance (0ms)
			ReleaseScriptingObjects (0ms)
			CreateAndSetChildDomain (1ms)
		EndReloadAssembly (549ms)
			LoadAssemblies (85ms)
			RebuildTransferFunctionScriptingTraits (0ms)
			SetupTypeCache (115ms)
			ReleaseScriptCaches (0ms)
			RebuildScriptCaches (29ms)
			SetupLoadedEditorAssemblies (347ms)
				LogAssemblyErrors (0ms)
				InitializePlatformSupportModulesInManaged (8ms)
				SetLoadedEditorAssemblies (0ms)
				RefreshPlugins (131ms)
				BeforeProcessingInitializeOnLoad (2ms)
				ProcessInitializeOnLoadAttributes (151ms)
				ProcessInitializeOnLoadMethodAttributes (55ms)
				AfterProcessingInitializeOnLoad (0ms)
				EditorAssembliesLoaded (0ms)
			ExecutionOrderSort2 (0ms)
			AwakeInstancesAfterBackupRestoration (0ms)
Platform modules already initialized, skipping
Registering precompiled user dll's ...
Registered in 0.004864 seconds.
Begin MonoManager ReloadAssembly
Symbol file LoadedFromMemory doesn't match image C:\Users\500DX\OneDrive\Documents\GitHub\Hunt-Dev2\Library\PackageCache\com.unity.visualscripting@1.8.0\Editor\VisualScripting.Core\Dependencies\YamlDotNet\Unity.VisualScripting.YamlDotNet.dll
Symbol file LoadedFromMemory doesn't match image C:\Users\500DX\OneDrive\Documents\GitHub\Hunt-Dev2\Library\PackageCache\com.unity.visualscripting@1.8.0\Editor\VisualScripting.Core\Dependencies\DotNetZip\Unity.VisualScripting.IonicZip.dll
Native extension for WindowsStandalone target not found
Refreshing native plugins compatible for Editor in 1.12 ms, found 3 plugins.
Preloading 0 native plugins for Editor in 0.00 ms.
Mono: successfully reloaded assembly
Package Manager log level set to [2]
- Completed reload, in  1.110 seconds
Domain Reload Profiling:
	ReloadAssembly (1111ms)
		BeginReloadAssembly (108ms)
			ExecutionOrderSort (0ms)
			DisableScriptedObjects (5ms)
			BackupInstance (0ms)
			ReleaseScriptingObjects (0ms)
			CreateAndSetChildDomain (16ms)
		EndReloadAssembly (895ms)
			LoadAssemblies (79ms)
			RebuildTransferFunctionScriptingTraits (0ms)
			SetupTypeCache (199ms)
			ReleaseScriptCaches (1ms)
			RebuildScriptCaches (48ms)
			SetupLoadedEditorAssemblies (527ms)
				LogAssemblyErrors (0ms)
				InitializePlatformSupportModulesInManaged (10ms)
				SetLoadedEditorAssemblies (0ms)
				RefreshPlugins (1ms)
				BeforeProcessingInitializeOnLoad (78ms)
				ProcessInitializeOnLoadAttributes (412ms)
				ProcessInitializeOnLoadMethodAttributes (18ms)
				AfterProcessingInitializeOnLoad (7ms)
				EditorAssembliesLoaded (0ms)
			ExecutionOrderSort2 (0ms)
			AwakeInstancesAfterBackupRestoration (11ms)
Platform modules already initialized, skipping
========================================================================
Worker process is ready to serve import requests
Launched and connected shader compiler UnityShaderCompiler.exe after 0.09 seconds
Refreshing native plugins compatible for Editor in 1.06 ms, found 3 plugins.
Preloading 0 native plugins for Editor in 0.00 ms.
Unloading 3227 Unused Serialized files (Serialized files now loaded: 0)
Unloading 37 unused Assets / (56.5 KB). Loaded Objects now: 3707.
Memory consumption went from 142.3 MB to 142.3 MB.
Total: 2.595500 ms (FindLiveObjects: 0.220600 ms CreateObjectMapping: 0.189600 ms MarkObjects: 2.111500 ms  DeleteObjects: 0.073100 ms)

AssetImportParameters requested are different than current active one (requested -> active):
  custom:video-decoder-ogg-theora: a1e56fd34408186e4bbccfd4996cb3dc -> 
  custom:container-muxer-webm: aa71ff27fc2769a1b78a27578f13a17b -> 
  custom:container-demuxer-webm: 4f35f7cbe854078d1ac9338744f61a02 -> 
  custom:video-encoder-webm-vp8: eb34c28f22e8b96e1ab97ce403110664 -> 
  custom:audio-encoder-webm-vorbis: bf7c407c2cedff20999df2af8eb42d56 -> 
  custom:framework-win-MediaFoundation: 216162199b28c13a410421893ffa2e32 -> 
  custom:container-demuxer-ogg: 62fdf1f143b41e24485cea50d1cbac27 -> 
  custom:video-decoder-webm-vp8: 9c59270c3fd7afecdb556c50c9e8de78 -> 
  custom:audio-decoder-ogg-vorbis: bf7c407c2cedff20999df2af8eb42d56 -> 
========================================================================
Received Import Request.
  Time since last request: 60097.142026 seconds.
  path: Assets/polyperfect/Poly Universal Pack/- Textures/Nature/grass-01-ao.png
  artifactKey: Guid(9195b0bba485ad34d978645cd09c8aa2) Importer(815301076,1909f56bfc062723c751e8b465ee728b)
Start importing Assets/polyperfect/Poly Universal Pack/- Textures/Nature/grass-01-ao.png using Guid(9195b0bba485ad34d978645cd09c8aa2) Importer(815301076,1909f56bfc062723c751e8b465ee728b)  -> (artifact id: 'd201f1b79332754257880ed067cb7237') in 0.080096 seconds 
========================================================================
Received Import Request.
  Time since last request: 0.000017 seconds.
  path: Assets/polyperfect/Poly Universal Pack/- Textures/Nature/grass-mask.tga
  artifactKey: Guid(52c93c7045c4a234d8d07ca22bf779fb) Importer(815301076,1909f56bfc062723c751e8b465ee728b)
Start importing Assets/polyperfect/Poly Universal Pack/- Textures/Nature/grass-mask.tga using Guid(52c93c7045c4a234d8d07ca22bf779fb) Importer(815301076,1909f56bfc062723c751e8b465ee728b)  -> (artifact id: 'a9496415d06710977f8e4ae2a1e35c83') in 0.025637 seconds 
========================================================================
Received Import Request.
  Time since last request: 0.000016 seconds.
  path: Assets/polyperfect/Poly Universal Pack/- Textures/Farm/ground-dirt-flat-alb.png
  artifactKey: Guid(3a185e1087965cb4c9209cca955270e6) Importer(815301076,1909f56bfc062723c751e8b465ee728b)
Start importing Assets/polyperfect/Poly Universal Pack/- Textures/Farm/ground-dirt-flat-alb.png using Guid(3a185e1087965cb4c9209cca955270e6) Importer(815301076,1909f56bfc062723c751e8b465ee728b)  -> (artifact id: 'c4951c7fdbcb2eed097dd36470333375') in 0.013100 seconds 
========================================================================
Received Import Request.
  Time since last request: 0.000018 seconds.
  path: Assets/polyperfect/Poly Universal Pack/- Textures/Farm/ground-dirt-cultivated-alb.png
  artifactKey: Guid(c02b1eb7cb7a75a449acd20d22676c81) Importer(815301076,1909f56bfc062723c751e8b465ee728b)
Start importing Assets/polyperfect/Poly Universal Pack/- Textures/Farm/ground-dirt-cultivated-alb.png using Guid(c02b1eb7cb7a75a449acd20d22676c81) Importer(815301076,1909f56bfc062723c751e8b465ee728b)  -> (artifact id: '7f981fea02c70d27713824d4cd355b16') in 0.016564 seconds 
========================================================================
Received Import Request.
  Time since last request: 0.000023 seconds.
  path: Assets/polyperfect/Poly Universal Pack/- Textures/Farm/ground-dirt-harvested-mask.tga
  artifactKey: Guid(f83f00625cb906644bc9e0d8b88788fc) Importer(815301076,1909f56bfc062723c751e8b465ee728b)
Start importing Assets/polyperfect/Poly Universal Pack/- Textures/Farm/ground-dirt-harvested-mask.tga using Guid(f83f00625cb906644bc9e0d8b88788fc) Importer(815301076,1909f56bfc062723c751e8b465ee728b)  -> (artifact id: '2208f0a1e5220ea8840ef5ac51ec00a3') in 0.014146 seconds 
========================================================================
Received Import Request.
  Time since last request: 0.000021 seconds.
  path: Assets/polyperfect/Poly Universal Pack/- Textures/Farm/ground-dirt-plowed-ao.png
  artifactKey: Guid(5d2d30f5b6b82af4898eefffb33e42e7) Importer(815301076,1909f56bfc062723c751e8b465ee728b)
Start importing Assets/polyperfect/Poly Universal Pack/- Textures/Farm/ground-dirt-plowed-ao.png using Guid(5d2d30f5b6b82af4898eefffb33e42e7) Importer(815301076,1909f56bfc062723c751e8b465ee728b)  -> (artifact id: 'bf3d14bd82f1edf8230c22bc3eabcc2a') in 0.013439 seconds 
========================================================================
Received Import Request.
  Time since last request: 0.000024 seconds.
  path: Assets/polyperfect/Poly Universal Pack/- Textures/Farm/ground-dirt-flat-nrm.png
  artifactKey: Guid(894bf7dbe05dcc44abeb13aa3aba51a2) Importer(815301076,1909f56bfc062723c751e8b465ee728b)
Start importing Assets/polyperfect/Poly Universal Pack/- Textures/Farm/ground-dirt-flat-nrm.png using Guid(894bf7dbe05dcc44abeb13aa3aba51a2) Importer(815301076,1909f56bfc062723c751e8b465ee728b)  -> (artifact id: '617d15cc1ea682f0e8c54670b7b6cbd5') in 0.037036 seconds 
========================================================================
Received Import Request.
  Time since last request: 0.000015 seconds.
  path: Assets/polyperfect/Poly Universal Pack/- Textures/Farm/ground-dirt-flat-mask.tga
  artifactKey: Guid(fc02e163325a68f4695e1f537697c6cf) Importer(815301076,1909f56bfc062723c751e8b465ee728b)
Start importing Assets/polyperfect/Poly Universal Pack/- Textures/Farm/ground-dirt-flat-mask.tga using Guid(fc02e163325a68f4695e1f537697c6cf) Importer(815301076,1909f56bfc062723c751e8b465ee728b)  -> (artifact id: 'bc4f696f72ff2e3b388e1acbd75bdf7a') in 0.012699 seconds 
========================================================================
Received Import Request.
  Time since last request: 0.000013 seconds.
  path: Assets/polyperfect/Poly Universal Pack/- Textures/Farm/ground-dirt-harvested-disp.png
  artifactKey: Guid(b00523926d683fe49a147904d199012c) Importer(815301076,1909f56bfc062723c751e8b465ee728b)
Start importing Assets/polyperfect/Poly Universal Pack/- Textures/Farm/ground-dirt-harvested-disp.png using Guid(b00523926d683fe49a147904d199012c) Importer(815301076,1909f56bfc062723c751e8b465ee728b)  -> (artifact id: 'e4c27044f99080d2b3af73ebedf1b783') in 0.010953 seconds 
========================================================================
Received Import Request.
  Time since last request: 0.000017 seconds.
  path: Assets/polyperfect/Poly Universal Pack/- Textures/Farm/ground-dirt-plowed-alb.png
  artifactKey: Guid(0308857cf2ca0b44daea3156338b18fb) Importer(815301076,1909f56bfc062723c751e8b465ee728b)
Start importing Assets/polyperfect/Poly Universal Pack/- Textures/Farm/ground-dirt-plowed-alb.png using Guid(0308857cf2ca0b44daea3156338b18fb) Importer(815301076,1909f56bfc062723c751e8b465ee728b)  -> (artifact id: '645b118810eeb333d6b6c6f89c6575e4') in 0.010803 seconds 
========================================================================
Received Import Request.
  Time since last request: 0.164254 seconds.
  path: Assets/polyperfect/Poly Universal Pack/- Textures/Nature/ice-ao.png
  artifactKey: Guid(30784215116cd8745bb31054f13fdae4) Importer(815301076,1909f56bfc062723c751e8b465ee728b)
Start importing Assets/polyperfect/Poly Universal Pack/- Textures/Nature/ice-ao.png using Guid(30784215116cd8745bb31054f13fdae4) Importer(815301076,1909f56bfc062723c751e8b465ee728b)  -> (artifact id: '6393093cd1b64ab3fcf765361f6e49b2') in 0.014712 seconds 
========================================================================
Received Import Request.
  Time since last request: 0.000016 seconds.
  path: Assets/polyperfect/Poly Universal Pack/- Textures/Nature/ice-snowy-spec.tga
  artifactKey: Guid(364b0d5b82260eb45901683c36c0b1fb) Importer(815301076,1909f56bfc062723c751e8b465ee728b)
Start importing Assets/polyperfect/Poly Universal Pack/- Textures/Nature/ice-snowy-spec.tga using Guid(364b0d5b82260eb45901683c36c0b1fb) Importer(815301076,1909f56bfc062723c751e8b465ee728b)  -> (artifact id: '34e633e4b3e3f8f1ff3b4c1f66ccb3e1') in 0.014301 seconds 
========================================================================
Received Import Request.
  Time since last request: 0.000020 seconds.
  path: Assets/polyperfect/Poly Universal Pack/- Textures/Nature/ice-snowy-displ.png
  artifactKey: Guid(cfd4a07dfcf9d004a870e46a2ef823d0) Importer(815301076,1909f56bfc062723c751e8b465ee728b)
Start importing Assets/polyperfect/Poly Universal Pack/- Textures/Nature/ice-snowy-displ.png using Guid(cfd4a07dfcf9d004a870e46a2ef823d0) Importer(815301076,1909f56bfc062723c751e8b465ee728b)  -> (artifact id: 'e94c342556ea0cbeec7d8dd6dcfa7753') in 0.009958 seconds 
========================================================================
Received Import Request.
  Time since last request: 0.000014 seconds.
  path: Assets/polyperfect/Poly Universal Pack/- Textures/Nature/ice-spec.png
  artifactKey: Guid(2bc9f18caa346584b9747843abfc7f49) Importer(815301076,1909f56bfc062723c751e8b465ee728b)
Start importing Assets/polyperfect/Poly Universal Pack/- Textures/Nature/ice-spec.png using Guid(2bc9f18caa346584b9747843abfc7f49) Importer(815301076,1909f56bfc062723c751e8b465ee728b)  -> (artifact id: '3dd84efb909fc34888cc7be86ebf0705') in 0.015713 seconds 
========================================================================
Received Import Request.
  Time since last request: 0.000020 seconds.
  path: Packages/com.unity.collab-proxy/Editor/PlasticSCM/Assets/Images/iconaddedlocal.png
  artifactKey: Guid(9a1ab8af8c446204e989a90f18305caf) Importer(815301076,1909f56bfc062723c751e8b465ee728b)
Start importing Packages/com.unity.collab-proxy/Editor/PlasticSCM/Assets/Images/iconaddedlocal.png using Guid(9a1ab8af8c446204e989a90f18305caf) Importer(815301076,1909f56bfc062723c751e8b465ee728b)  -> (artifact id: '98ae0ee945910c65f278d54ba517d25d') in 0.006815 seconds 
========================================================================
Received Import Request.
  Time since last request: 0.000019 seconds.
  path: Packages/com.unity.collab-proxy/Editor/PlasticSCM/Assets/Images/iconoutofsync.png
  artifactKey: Guid(636d03a8834e3ed4cac3a1cb4b82deaf) Importer(815301076,1909f56bfc062723c751e8b465ee728b)
Start importing Packages/com.unity.collab-proxy/Editor/PlasticSCM/Assets/Images/iconoutofsync.png using Guid(636d03a8834e3ed4cac3a1cb4b82deaf) Importer(815301076,1909f56bfc062723c751e8b465ee728b)  -> (artifact id: '00a8c086d4db0c9dcde643d2f3f769cf') in 0.009498 seconds 
========================================================================
Received Import Request.
  Time since last request: 0.000018 seconds.
  path: Packages/com.unity.collab-proxy/Editor/PlasticSCM/Assets/Images/ignoredoverlay@2x.png
  artifactKey: Guid(999d04c0ea94ccc41b3d80788160695b) Importer(815301076,1909f56bfc062723c751e8b465ee728b)
Start importing Packages/com.unity.collab-proxy/Editor/PlasticSCM/Assets/Images/ignoredoverlay@2x.png using Guid(999d04c0ea94ccc41b3d80788160695b) Importer(815301076,1909f56bfc062723c751e8b465ee728b)  -> (artifact id: '1cfe43ee065955c9243241e4b6158497') in 0.008006 seconds 
========================================================================
Received Import Request.
  Time since last request: 0.000021 seconds.
  path: Packages/com.unity.collab-proxy/Editor/PlasticSCM/Assets/Images/ignored.png
  artifactKey: Guid(595bc97bc8e1e0b46bd4c2148ba3723a) Importer(815301076,1909f56bfc062723c751e8b465ee728b)
Start importing Packages/com.unity.collab-proxy/Editor/PlasticSCM/Assets/Images/ignored.png using Guid(595bc97bc8e1e0b46bd4c2148ba3723a) Importer(815301076,1909f56bfc062723c751e8b465ee728b)  -> (artifact id: '712eb94f7ed8bcbc6b8461f77d3bb808') in 0.009720 seconds 
========================================================================
Received Import Request.
  Time since last request: 0.000021 seconds.
  path: Packages/com.unity.collab-proxy/Editor/PlasticSCM/Assets/Images/icondeletedlocaloverlay@2x.png
  artifactKey: Guid(a3e491f99ea3ad74f8731ca93e84c497) Importer(815301076,1909f56bfc062723c751e8b465ee728b)
Start importing Packages/com.unity.collab-proxy/Editor/PlasticSCM/Assets/Images/icondeletedlocaloverlay@2x.png using Guid(a3e491f99ea3ad74f8731ca93e84c497) Importer(815301076,1909f56bfc062723c751e8b465ee728b)  -> (artifact id: 'dd0209c42d22d0b622d7a1f0d3fc7023') in 0.008704 seconds 
========================================================================
Received Import Request.
  Time since last request: 0.000022 seconds.
  path: Packages/com.unity.mobile.android-logcat/Editor/Textures/Reset.png
  artifactKey: Guid(fa4254dccaa1bfd48b7a3728a40a57af) Importer(815301076,1909f56bfc062723c751e8b465ee728b)
Start importing Packages/com.unity.mobile.android-logcat/Editor/Textures/Reset.png using Guid(fa4254dccaa1bfd48b7a3728a40a57af) Importer(815301076,1909f56bfc062723c751e8b465ee728b)  -> (artifact id: '1ff07c3b7c93b0d16bd16b715a939f40') in 0.006927 seconds 
========================================================================
Received Import Request.
  Time since last request: 0.000015 seconds.
  path: Assets/Supercyan Free Forest Sample/Textures/Skybox/pz.png
  artifactKey: Guid(1f989a13f8ea5bf47a53d25432ab273d) Importer(815301076,1909f56bfc062723c751e8b465ee728b)
Start importing Assets/Supercyan Free Forest Sample/Textures/Skybox/pz.png using Guid(1f989a13f8ea5bf47a53d25432ab273d) Importer(815301076,1909f56bfc062723c751e8b465ee728b)  -> (artifact id: '2263c2c88f60412d00b9e5203ab9fadb') in 0.009810 seconds 
========================================================================
Received Import Request.
  Time since last request: 0.000017 seconds.
  path: Packages/com.unity.collab-proxy/Editor/PlasticSCM/Assets/Images/iconplasticview@2x.png
  artifactKey: Guid(97a4e2b6ae08b1140a5ba9e22953e029) Importer(815301076,1909f56bfc062723c751e8b465ee728b)
Start importing Packages/com.unity.collab-proxy/Editor/PlasticSCM/Assets/Images/iconplasticview@2x.png using Guid(97a4e2b6ae08b1140a5ba9e22953e029) Importer(815301076,1909f56bfc062723c751e8b465ee728b)  -> (artifact id: '85701d2b4964b0aa878aad2e5695ed2e') in 0.006854 seconds 
========================================================================
Received Import Request.
  Time since last request: 0.000015 seconds.
  path: Packages/com.unity.collab-proxy/Editor/PlasticSCM/Assets/Images/iconconflictresolvedoverlay@2x.png
  artifactKey: Guid(309b1d5a294fd6c43ae9cf77656c1852) Importer(815301076,1909f56bfc062723c751e8b465ee728b)
Start importing Packages/com.unity.collab-proxy/Editor/PlasticSCM/Assets/Images/iconconflictresolvedoverlay@2x.png using Guid(309b1d5a294fd6c43ae9cf77656c1852) Importer(815301076,1909f56bfc062723c751e8b465ee728b)  -> (artifact id: '9877188a2c896652428466e976edf271') in 0.006443 seconds 
========================================================================
Received Import Request.
  Time since last request: 0.000015 seconds.
  path: Packages/com.unity.collab-proxy/Editor/PlasticSCM/Assets/Images/loading.png
  artifactKey: Guid(c6b1bcaa3f4767141acd747384dbb276) Importer(815301076,1909f56bfc062723c751e8b465ee728b)
Start importing Packages/com.unity.collab-proxy/Editor/PlasticSCM/Assets/Images/loading.png using Guid(c6b1bcaa3f4767141acd747384dbb276) Importer(815301076,1909f56bfc062723c751e8b465ee728b)  -> (artifact id: '3ea9d5895a68dac8b68b35cd2199d84d') in 0.006969 seconds 
========================================================================
Received Import Request.
  Time since last request: 0.000018 seconds.
  path: Packages/com.unity.collab-proxy/Editor/PlasticSCM/Assets/Images/icondeletedremoteoverlay@2x.png
  artifactKey: Guid(d5c3277b1dbad9448b46c2ec87a2cef8) Importer(815301076,1909f56bfc062723c751e8b465ee728b)
Start importing Packages/com.unity.collab-proxy/Editor/PlasticSCM/Assets/Images/icondeletedremoteoverlay@2x.png using Guid(d5c3277b1dbad9448b46c2ec87a2cef8) Importer(815301076,1909f56bfc062723c751e8b465ee728b)  -> (artifact id: '9905394de2b544df26037cc557299e04') in 0.009123 seconds 
========================================================================
Received Import Request.
  Time since last request: 0.000017 seconds.
  path: Packages/com.unity.collab-proxy/Editor/PlasticSCM/Assets/Images/icondeletedremote.png
  artifactKey: Guid(b85a4b2ec6433d04895612d791edc260) Importer(815301076,1909f56bfc062723c751e8b465ee728b)
Start importing Packages/com.unity.collab-proxy/Editor/PlasticSCM/Assets/Images/icondeletedremote.png using Guid(b85a4b2ec6433d04895612d791edc260) Importer(815301076,1909f56bfc062723c751e8b465ee728b)  -> (artifact id: '6bb127279615c6788e446748106827eb') in 0.007294 seconds 
========================================================================
Received Import Request.
  Time since last request: 0.000016 seconds.
  path: Packages/com.unity.collab-proxy/Editor/PlasticSCM/Assets/Images/icondeletedremote@2x.png
  artifactKey: Guid(70e3ce8ad01f39248a3ea97a35bcf238) Importer(815301076,1909f56bfc062723c751e8b465ee728b)
Start importing Packages/com.unity.collab-proxy/Editor/PlasticSCM/Assets/Images/icondeletedremote@2x.png using Guid(70e3ce8ad01f39248a3ea97a35bcf238) Importer(815301076,1909f56bfc062723c751e8b465ee728b)  -> (artifact id: '44b2ad2874be46d259c8d8ebe7f54ec8') in 0.007276 seconds 
========================================================================
Received Import Request.
  Time since last request: 0.000016 seconds.
  path: Packages/com.unity.collab-proxy/Editor/PlasticSCM/Assets/Images/iconoutofsync@2x.png
  artifactKey: Guid(d7094718bdac022428dd29244922d06b) Importer(815301076,1909f56bfc062723c751e8b465ee728b)
Start importing Packages/com.unity.collab-proxy/Editor/PlasticSCM/Assets/Images/iconoutofsync@2x.png using Guid(d7094718bdac022428dd29244922d06b) Importer(815301076,1909f56bfc062723c751e8b465ee728b)  -> (artifact id: '7160b1d7c058fd69354d80e4500ddf72') in 0.006802 seconds 
========================================================================
Received Import Request.
  Time since last request: 0.000023 seconds.
  path: Packages/com.unity.collab-proxy/Editor/PlasticSCM/Assets/Images/iconconflictedoverlay@2x.png
  artifactKey: Guid(5679a74364f6b4440ab7e7aed55cd95e) Importer(815301076,1909f56bfc062723c751e8b465ee728b)
Start importing Packages/com.unity.collab-proxy/Editor/PlasticSCM/Assets/Images/iconconflictedoverlay@2x.png using Guid(5679a74364f6b4440ab7e7aed55cd95e) Importer(815301076,1909f56bfc062723c751e8b465ee728b)  -> (artifact id: '2318f34b5ab4351753d6d859175e5226') in 0.006340 seconds 
========================================================================
Received Import Request.
  Time since last request: 0.000020 seconds.
  path: Assets/EmaceArt/Slavic World Free/Editor/Resources/Logo.png
  artifactKey: Guid(bca088b7332f06544bcb4909afad8330) Importer(815301076,1909f56bfc062723c751e8b465ee728b)
Start importing Assets/EmaceArt/Slavic World Free/Editor/Resources/Logo.png using Guid(bca088b7332f06544bcb4909afad8330) Importer(815301076,1909f56bfc062723c751e8b465ee728b)  -> (artifact id: '555fe04049b2dae857fe89174da26ec7') in 0.012337 seconds 
========================================================================
Received Import Request.
  Time since last request: 0.000017 seconds.
  path: Packages/com.unity.collab-proxy/Editor/PlasticSCM/Assets/Images/iconplasticnotifyconflict.png
  artifactKey: Guid(a916ed6819efd014588f58e3cfc48196) Importer(815301076,1909f56bfc062723c751e8b465ee728b)
Start importing Packages/com.unity.collab-proxy/Editor/PlasticSCM/Assets/Images/iconplasticnotifyconflict.png using Guid(a916ed6819efd014588f58e3cfc48196) Importer(815301076,1909f56bfc062723c751e8b465ee728b)  -> (artifact id: '2add88d4ffa7201f9697b126db4ae108') in 0.007210 seconds 
========================================================================
Received Import Request.
  Time since last request: 0.000019 seconds.
  path: Assets/Supercyan Free Forest Sample/Textures/Skybox/ny.png
  artifactKey: Guid(8243bd7a07b5d0a4fa6ee10d95e5a578) Importer(815301076,1909f56bfc062723c751e8b465ee728b)
Start importing Assets/Supercyan Free Forest Sample/Textures/Skybox/ny.png using Guid(8243bd7a07b5d0a4fa6ee10d95e5a578) Importer(815301076,1909f56bfc062723c751e8b465ee728b)  -> (artifact id: '233ea44792e7048130e5b391f08ae09d') in 0.009500 seconds 
========================================================================
Received Import Request.
  Time since last request: 1.289960 seconds.
  path: Assets/polyperfect/Poly Universal Pack/- Textures/Nature/rock-alb.png
  artifactKey: Guid(40e374805b2001a41874e896927989bd) Importer(815301076,1909f56bfc062723c751e8b465ee728b)
Start importing Assets/polyperfect/Poly Universal Pack/- Textures/Nature/rock-alb.png using Guid(40e374805b2001a41874e896927989bd) Importer(815301076,1909f56bfc062723c751e8b465ee728b)  -> (artifact id: '316e086fa2a803156913e8c9ebc28bff') in 0.009511 seconds 
========================================================================
Received Import Request.
  Time since last request: 0.000013 seconds.
  path: Assets/polyperfect/Poly Universal Pack/- Textures/Nature/rock-norm.png
  artifactKey: Guid(4cbf06d4165475941aacbacdf3107599) Importer(815301076,1909f56bfc062723c751e8b465ee728b)
Start importing Assets/polyperfect/Poly Universal Pack/- Textures/Nature/rock-norm.png using Guid(4cbf06d4165475941aacbacdf3107599) Importer(815301076,1909f56bfc062723c751e8b465ee728b)  -> (artifact id: '65337f78bacaefa775c5f79195d7e469') in 0.011723 seconds 
========================================================================
Received Import Request.
  Time since last request: 0.000015 seconds.
  path: Assets/polyperfect/Poly Universal Pack/- Textures/Buildings/Roofs/roof-shingles-b-farm-mask.tga
  artifactKey: Guid(6d666e75dc986d143b93f4881efcc436) Importer(815301076,1909f56bfc062723c751e8b465ee728b)
Start importing Assets/polyperfect/Poly Universal Pack/- Textures/Buildings/Roofs/roof-shingles-b-farm-mask.tga using Guid(6d666e75dc986d143b93f4881efcc436) Importer(815301076,1909f56bfc062723c751e8b465ee728b)  -> (artifact id: 'fc6a5be8fb84a2f54f4f56efffd861c1') in 0.014593 seconds 
========================================================================
Received Import Request.
  Time since last request: 0.000019 seconds.
  path: Assets/polyperfect/Poly Universal Pack/- Textures/Buildings/Roofs/roof-aluminium-b-farm-nrm.png
  artifactKey: Guid(6f441db2ee2596049b8e5687c90e0256) Importer(815301076,1909f56bfc062723c751e8b465ee728b)
Start importing Assets/polyperfect/Poly Universal Pack/- Textures/Buildings/Roofs/roof-aluminium-b-farm-nrm.png using Guid(6f441db2ee2596049b8e5687c90e0256) Importer(815301076,1909f56bfc062723c751e8b465ee728b)  -> (artifact id: 'fc113d66358eaa40e378bd266efb4d73') in 0.009537 seconds 
========================================================================
Received Import Request.
  Time since last request: 0.000015 seconds.
  path: Assets/polyperfect/Poly Universal Pack/- Textures/Buildings/Roofs/roof-shingles-c-farm-ao.png
  artifactKey: Guid(5b72e098816f5fc4faa91df3f0183d36) Importer(815301076,1909f56bfc062723c751e8b465ee728b)
Start importing Assets/polyperfect/Poly Universal Pack/- Textures/Buildings/Roofs/roof-shingles-c-farm-ao.png using Guid(5b72e098816f5fc4faa91df3f0183d36) Importer(815301076,1909f56bfc062723c751e8b465ee728b)  -> (artifact id: '07af409ccb954b1240422085cfe8b04a') in 0.013985 seconds 
========================================================================
Received Import Request.
  Time since last request: 0.000023 seconds.
  path: Assets/polyperfect/Poly Universal Pack/- Textures/Buildings/Roofs/roof-aluminium-b-farm-ao.png
  artifactKey: Guid(08a6ec6bc0a507548bfbdc4639029664) Importer(815301076,1909f56bfc062723c751e8b465ee728b)
Start importing Assets/polyperfect/Poly Universal Pack/- Textures/Buildings/Roofs/roof-aluminium-b-farm-ao.png using Guid(08a6ec6bc0a507548bfbdc4639029664) Importer(815301076,1909f56bfc062723c751e8b465ee728b)  -> (artifact id: '71b8c14aa33df5613bd06c281a4777e4') in 0.009686 seconds 
========================================================================
Received Import Request.
  Time since last request: 0.000043 seconds.
  path: Assets/polyperfect/Poly Universal Pack/- Textures/Buildings/Roofs/roof-aluminium-a-farm-nrm.png
  artifactKey: Guid(ab5145e946aed7b40ac2ee9ce105af71) Importer(815301076,1909f56bfc062723c751e8b465ee728b)
Start importing Assets/polyperfect/Poly Universal Pack/- Textures/Buildings/Roofs/roof-aluminium-a-farm-nrm.png using Guid(ab5145e946aed7b40ac2ee9ce105af71) Importer(815301076,1909f56bfc062723c751e8b465ee728b)  -> (artifact id: '3c413988d2e2f23f5a408850317aa567') in 0.016927 seconds 
========================================================================
Received Import Request.
  Time since last request: 0.000026 seconds.
  path: Assets/polyperfect/Poly Universal Pack/- Textures/Buildings/Roofs/roof-shingles-d-farm-alb.png
  artifactKey: Guid(d1598ea208b9c3447ad1d91c4f2b2aa1) Importer(815301076,1909f56bfc062723c751e8b465ee728b)
Start importing Assets/polyperfect/Poly Universal Pack/- Textures/Buildings/Roofs/roof-shingles-d-farm-alb.png using Guid(d1598ea208b9c3447ad1d91c4f2b2aa1) Importer(815301076,1909f56bfc062723c751e8b465ee728b)  -> (artifact id: '9e41e0d23363e706829a4ae1a6fb686d') in 0.014805 seconds 
========================================================================
Received Import Request.
  Time since last request: 0.000020 seconds.
  path: Assets/polyperfect/Poly Universal Pack/- Textures/Buildings/Roofs/roof-shingles-e-farm-alb.png
  artifactKey: Guid(ec60d488666b88d4386d9ed42da88b81) Importer(815301076,1909f56bfc062723c751e8b465ee728b)
Start importing Assets/polyperfect/Poly Universal Pack/- Textures/Buildings/Roofs/roof-shingles-e-farm-alb.png using Guid(ec60d488666b88d4386d9ed42da88b81) Importer(815301076,1909f56bfc062723c751e8b465ee728b)  -> (artifact id: '6fd1c8d476b7c8034f00ee7d273e69a9') in 0.012598 seconds 
========================================================================
Received Import Request.
  Time since last request: 0.000028 seconds.
  path: Assets/polyperfect/Poly Universal Pack/- Textures/Buildings/Roofs/roof-aluminium-a-farm-rough.png
  artifactKey: Guid(32e76285b13f075439ab6972bc337e69) Importer(815301076,1909f56bfc062723c751e8b465ee728b)
Start importing Assets/polyperfect/Poly Universal Pack/- Textures/Buildings/Roofs/roof-aluminium-a-farm-rough.png using Guid(32e76285b13f075439ab6972bc337e69) Importer(815301076,1909f56bfc062723c751e8b465ee728b)  -> (artifact id: 'e3f5393b34b8fd0db67944b5f423c5f6') in 0.009291 seconds 
========================================================================
Received Import Request.
  Time since last request: 0.000026 seconds.
  path: Assets/polyperfect/Poly Universal Pack/- Textures/Buildings/Roofs/roof-shingles-c-farm-disp.png
  artifactKey: Guid(41ba946a454378845a408699601d06c6) Importer(815301076,1909f56bfc062723c751e8b465ee728b)
Start importing Assets/polyperfect/Poly Universal Pack/- Textures/Buildings/Roofs/roof-shingles-c-farm-disp.png using Guid(41ba946a454378845a408699601d06c6) Importer(815301076,1909f56bfc062723c751e8b465ee728b)  -> (artifact id: '8cd5bfd12b812514a6cd47ba739ae3bd') in 0.013071 seconds 
========================================================================
Received Import Request.
  Time since last request: 0.000033 seconds.
  path: Assets/polyperfect/Poly Universal Pack/- Textures/Buildings/Roofs/roof-shingles-d-farm-mask.tga
  artifactKey: Guid(4759ef9ae8d440147a0379b0dab09610) Importer(815301076,1909f56bfc062723c751e8b465ee728b)
Start importing Assets/polyperfect/Poly Universal Pack/- Textures/Buildings/Roofs/roof-shingles-d-farm-mask.tga using Guid(4759ef9ae8d440147a0379b0dab09610) Importer(815301076,1909f56bfc062723c751e8b465ee728b)  -> (artifact id: '1d9714c0c271fea6d4b44e105d210d99') in 0.015055 seconds 
========================================================================
Received Import Request.
  Time since last request: 0.000023 seconds.
  path: Assets/polyperfect/Poly Universal Pack/- Textures/Buildings/Roofs/roof-aluminium-b-farm-disp.png
  artifactKey: Guid(5955c797692f7f64f8752d934b2e6caa) Importer(815301076,1909f56bfc062723c751e8b465ee728b)
Start importing Assets/polyperfect/Poly Universal Pack/- Textures/Buildings/Roofs/roof-aluminium-b-farm-disp.png using Guid(5955c797692f7f64f8752d934b2e6caa) Importer(815301076,1909f56bfc062723c751e8b465ee728b)  -> (artifact id: '689f4a4b8a10376da5e4b931ccbfe8d8') in 0.009616 seconds 
========================================================================
Received Import Request.
  Time since last request: 4.465631 seconds.
  path: Packages/com.unity.collab-proxy/Editor/PlasticSCM/Assets/Images/secondarytabclose.png
  artifactKey: Guid(03cefa94d5aa9d74993fb2138af9d607) Importer(815301076,1909f56bfc062723c751e8b465ee728b)
Start importing Packages/com.unity.collab-proxy/Editor/PlasticSCM/Assets/Images/secondarytabclose.png using Guid(03cefa94d5aa9d74993fb2138af9d607) Importer(815301076,1909f56bfc062723c751e8b465ee728b)  -> (artifact id: '29d2091bc95aa39049d9a81f9babb24c') in 0.007729 seconds 
========================================================================
Received Import Request.
  Time since last request: 0.000012 seconds.
  path: Assets/TextMesh Pro/Examples & Extras/Textures/Small Crate_normal.jpg
  artifactKey: Guid(8878a782f4334ecbbcf683b3ac780966) Importer(815301076,1909f56bfc062723c751e8b465ee728b)
Start importing Assets/TextMesh Pro/Examples & Extras/Textures/Small Crate_normal.jpg using Guid(8878a782f4334ecbbcf683b3ac780966) Importer(815301076,1909f56bfc062723c751e8b465ee728b)  -> (artifact id: 'a17316cc80eb6b2554c8bccab3c091cb') in 0.012963 seconds 
========================================================================
Received Import Request.
  Time since last request: 0.000015 seconds.
  path: Packages/com.unity.textmeshpro/Editor Resources/Textures/SectionHeader_Dark.psd
  artifactKey: Guid(fb5730e24283d0c489e5c7d0bee023d9) Importer(815301076,1909f56bfc062723c751e8b465ee728b)
Start importing Packages/com.unity.textmeshpro/Editor Resources/Textures/SectionHeader_Dark.psd using Guid(fb5730e24283d0c489e5c7d0bee023d9) Importer(815301076,1909f56bfc062723c751e8b465ee728b)  -> (artifact id: '5525684661edb61e110092112669d880') in 0.010279 seconds 
========================================================================
Received Import Request.
  Time since last request: 0.000015 seconds.
  path: Assets/polyperfect/Poly Universal Pack/- Textures/Nature/sidewalk-paved-alb.png
  artifactKey: Guid(8aa10aa1fadffc74db9a9fc70a7aabac) Importer(815301076,1909f56bfc062723c751e8b465ee728b)
Start importing Assets/polyperfect/Poly Universal Pack/- Textures/Nature/sidewalk-paved-alb.png using Guid(8aa10aa1fadffc74db9a9fc70a7aabac) Importer(815301076,1909f56bfc062723c751e8b465ee728b)  -> (artifact id: '0f90e0734dfb5ac171a421a86c255fab') in 0.009605 seconds 
========================================================================
Received Import Request.
  Time since last request: 0.166649 seconds.
  path: Assets/polyperfect/Poly Universal Pack/- Textures/Nature/snow-flat-displ.png
  artifactKey: Guid(e4ea5b6b01838a541a49cca7b53bb3bf) Importer(815301076,1909f56bfc062723c751e8b465ee728b)
Start importing Assets/polyperfect/Poly Universal Pack/- Textures/Nature/snow-flat-displ.png using Guid(e4ea5b6b01838a541a49cca7b53bb3bf) Importer(815301076,1909f56bfc062723c751e8b465ee728b)  -> (artifact id: '39f20a62ab07b971ee0bef52b4a9f513') in 0.011777 seconds 
========================================================================
Received Import Request.
  Time since last request: 0.000017 seconds.
  path: Assets/polyperfect/Poly Universal Pack/- Textures/Nature/snow-flat-nrm.png
  artifactKey: Guid(75b226a4620c2c542b6e8981fc8fe311) Importer(815301076,1909f56bfc062723c751e8b465ee728b)
Start importing Assets/polyperfect/Poly Universal Pack/- Textures/Nature/snow-flat-nrm.png using Guid(75b226a4620c2c542b6e8981fc8fe311) Importer(815301076,1909f56bfc062723c751e8b465ee728b)  -> (artifact id: '44f387a6f2aa6725c417318db423ba9a') in 0.014356 seconds 
========================================================================
Received Import Request.
  Time since last request: 0.000023 seconds.
  path: Assets/Flat Textures Pack/Textures/Summer_Moss.png
  artifactKey: Guid(d625bb8b4a0335542b946bf2cb339c8a) Importer(815301076,1909f56bfc062723c751e8b465ee728b)
Start importing Assets/Flat Textures Pack/Textures/Summer_Moss.png using Guid(d625bb8b4a0335542b946bf2cb339c8a) Importer(815301076,1909f56bfc062723c751e8b465ee728b)  -> (artifact id: '683030dd4adba3e2ef36f2c153568dfe') in 0.010804 seconds 
========================================================================
Received Import Request.
  Time since last request: 0.000022 seconds.
  path: Assets/Flat Textures Pack/Textures/Summer_ForestRoad.png
  artifactKey: Guid(5ba259208ad985146a301e08de183a3f) Importer(815301076,1909f56bfc062723c751e8b465ee728b)
Start importing Assets/Flat Textures Pack/Textures/Summer_ForestRoad.png using Guid(5ba259208ad985146a301e08de183a3f) Importer(815301076,1909f56bfc062723c751e8b465ee728b)  -> (artifact id: 'ec12d29c757da3e2c78d7bba09e04024') in 0.010375 seconds 
========================================================================
Received Import Request.
  Time since last request: 0.000022 seconds.
  path: Assets/TextMesh Pro/Examples & Extras/Textures/Text Overflow - Linked Text UI Screenshot.png
  artifactKey: Guid(c76d18757a194d618355f05f815cb0a1) Importer(815301076,1909f56bfc062723c751e8b465ee728b)
Start importing Assets/TextMesh Pro/Examples & Extras/Textures/Text Overflow - Linked Text UI Screenshot.png using Guid(c76d18757a194d618355f05f815cb0a1) Importer(815301076,1909f56bfc062723c751e8b465ee728b)  -> (artifact id: '6e9f9c2c0ccb8462a44f2efa797f5104') in 0.020387 seconds 
========================================================================
Received Import Request.
  Time since last request: 0.000016 seconds.
  path: Assets/polyperfect/Poly Universal Pack/- Textures/Nature/snow-mask.tga
  artifactKey: Guid(66cd0287e5c86a34c9bcb936a32727e1) Importer(815301076,1909f56bfc062723c751e8b465ee728b)
Start importing Assets/polyperfect/Poly Universal Pack/- Textures/Nature/snow-mask.tga using Guid(66cd0287e5c86a34c9bcb936a32727e1) Importer(815301076,1909f56bfc062723c751e8b465ee728b)  -> (artifact id: '1b75a159d5000ee199ca1c04cce58119') in 0.021036 seconds 
========================================================================
Received Import Request.
  Time since last request: 0.000018 seconds.
  path: Packages/com.unity.timeline/Editor/StyleSheets/Images/DarkSkin/TimelineEndPlayback.png
  artifactKey: Guid(c285802d9d414814fad592b90b223f15) Importer(815301076,1909f56bfc062723c751e8b465ee728b)
Start importing Packages/com.unity.timeline/Editor/StyleSheets/Images/DarkSkin/TimelineEndPlayback.png using Guid(c285802d9d414814fad592b90b223f15) Importer(815301076,1909f56bfc062723c751e8b465ee728b)  -> (artifact id: '37d5745670ace615f050724c3360b703') in 0.009949 seconds 
========================================================================
Received Import Request.
  Time since last request: 0.000023 seconds.
  path: Packages/com.unity.timeline/Editor/StyleSheets/Images/Shared/TimelineConnector.png
  artifactKey: Guid(a04f1625bf500f64e97445265dfbcc93) Importer(815301076,1909f56bfc062723c751e8b465ee728b)
Start importing Packages/com.unity.timeline/Editor/StyleSheets/Images/Shared/TimelineConnector.png using Guid(a04f1625bf500f64e97445265dfbcc93) Importer(815301076,1909f56bfc062723c751e8b465ee728b)  -> (artifact id: 'abe6a57dd466139d5e90e064083dcd2b') in 0.012241 seconds 
========================================================================
Received Import Request.
  Time since last request: 0.000022 seconds.
  path: Assets/EmaceArt/Slavic World Free/Terrain/TerrainSetting/Slavica Terrain Free.asset
  artifactKey: Guid(2bae0ea7abca14b4ea8e253a7f960460) Importer(815301076,1909f56bfc062723c751e8b465ee728b)
Start importing Assets/EmaceArt/Slavic World Free/Terrain/TerrainSetting/Slavica Terrain Free.asset using Guid(2bae0ea7abca14b4ea8e253a7f960460) Importer(815301076,1909f56bfc062723c751e8b465ee728b)  -> (artifact id: 'f37f9eadfb2cfb7f8c5ff5e90ff468ce') in 0.023401 seconds 
========================================================================
Received Import Request.
  Time since last request: 0.000019 seconds.
  path: Packages/com.unity.collab-proxy/Editor/PlasticSCM/Assets/Images/step2.png
  artifactKey: Guid(cd0b17b71a5c498428ee91dee8a78a88) Importer(815301076,1909f56bfc062723c751e8b465ee728b)
Start importing Packages/com.unity.collab-proxy/Editor/PlasticSCM/Assets/Images/step2.png using Guid(cd0b17b71a5c498428ee91dee8a78a88) Importer(815301076,1909f56bfc062723c751e8b465ee728b)  -> (artifact id: 'fec32b1f3408eadf72bad3c44f935ec8') in 0.008622 seconds 
========================================================================
Received Import Request.
  Time since last request: 0.000025 seconds.
  path: Packages/com.unity.timeline/Editor/StyleSheets/Images/DarkSkin/TimelineAutokey.png
  artifactKey: Guid(92b5e4310629b264dad0fb2cc196d818) Importer(815301076,1909f56bfc062723c751e8b465ee728b)
Start importing Packages/com.unity.timeline/Editor/StyleSheets/Images/DarkSkin/TimelineAutokey.png using Guid(92b5e4310629b264dad0fb2cc196d818) Importer(815301076,1909f56bfc062723c751e8b465ee728b)  -> (artifact id: '0ecf45da3dccc5faf5996afc0465b94e') in 0.010512 seconds 
========================================================================
Received Import Request.
  Time since last request: 0.000015 seconds.
  path: Packages/com.unity.collab-proxy/Editor/PlasticSCM/Assets/Images/stepok@2x.png
  artifactKey: Guid(be340a165cb9c8d4cb50f1deeb51d4ea) Importer(815301076,1909f56bfc062723c751e8b465ee728b)
Start importing Packages/com.unity.collab-proxy/Editor/PlasticSCM/Assets/Images/stepok@2x.png using Guid(be340a165cb9c8d4cb50f1deeb51d4ea) Importer(815301076,1909f56bfc062723c751e8b465ee728b)  -> (artifact id: '1b2bda3474618ecb1d652d202a1038ff') in 0.006693 seconds 
========================================================================
Received Import Request.
  Time since last request: 0.000018 seconds.
  path: Assets/Flat Textures Pack/Textures/Summer_Flowers.png
  artifactKey: Guid(0d0a4eda378924a488fc68a509785635) Importer(815301076,1909f56bfc062723c751e8b465ee728b)
Start importing Assets/Flat Textures Pack/Textures/Summer_Flowers.png using Guid(0d0a4eda378924a488fc68a509785635) Importer(815301076,1909f56bfc062723c751e8b465ee728b)  -> (artifact id: '00d4c72c2291772fe343242dbba70872') in 0.013595 seconds 
========================================================================
Received Import Request.
  Time since last request: 0.000016 seconds.
  path: Packages/com.unity.timeline/Editor/StyleSheets/Images/DarkSkin/TimelineAutokey_active@2x.png
  artifactKey: Guid(183f7b7549219ab47becb461a16df882) Importer(815301076,1909f56bfc062723c751e8b465ee728b)
Start importing Packages/com.unity.timeline/Editor/StyleSheets/Images/DarkSkin/TimelineAutokey_active@2x.png using Guid(183f7b7549219ab47becb461a16df882) Importer(815301076,1909f56bfc062723c751e8b465ee728b)  -> (artifact id: '5f5e5276055ee2a121856bcb49c88b50') in 0.006895 seconds 
========================================================================
Received Import Request.
  Time since last request: 0.000013 seconds.
  path: Packages/com.unity.timeline/Editor/StyleSheets/Images/Shared/TimelineDisplay.png
  artifactKey: Guid(03ae22b9de3989144a9bebf8972b4fad) Importer(815301076,1909f56bfc062723c751e8b465ee728b)
Start importing Packages/com.unity.timeline/Editor/StyleSheets/Images/Shared/TimelineDisplay.png using Guid(03ae22b9de3989144a9bebf8972b4fad) Importer(815301076,1909f56bfc062723c751e8b465ee728b)  -> (artifact id: '912cade94719bb29b2a6986913027d2f') in 0.011207 seconds 
========================================================================
Received Import Request.
  Time since last request: 0.000020 seconds.
  path: Packages/com.unity.timeline/Editor/StyleSheets/Images/DarkSkin/TimelineAutokey@2x.png
  artifactKey: Guid(af24c542434a025448222d576f61a956) Importer(815301076,1909f56bfc062723c751e8b465ee728b)
Start importing Packages/com.unity.timeline/Editor/StyleSheets/Images/DarkSkin/TimelineAutokey@2x.png using Guid(af24c542434a025448222d576f61a956) Importer(815301076,1909f56bfc062723c751e8b465ee728b)  -> (artifact id: 'b0de3088710360419241d1fb99ccb28c') in 0.006417 seconds 
========================================================================
Received Import Request.
  Time since last request: 0.000034 seconds.
  path: Packages/com.unity.timeline/Editor/StyleSheets/Images/LightSkin/TimelineActivation.png
  artifactKey: Guid(2887294cc7f1fe840bff6e349409648d) Importer(815301076,1909f56bfc062723c751e8b465ee728b)
Start importing Packages/com.unity.timeline/Editor/StyleSheets/Images/LightSkin/TimelineActivation.png using Guid(2887294cc7f1fe840bff6e349409648d) Importer(815301076,1909f56bfc062723c751e8b465ee728b)  -> (artifact id: '63dd47c9c4d4e2fcb39dee9af0a4b37b') in 0.006414 seconds 
========================================================================
Received Import Request.
  Time since last request: 0.570653 seconds.
  path: Packages/com.unity.timeline/Editor/StyleSheets/Images/Icons/TimelineHeaderMarkerIcon.png
  artifactKey: Guid(bf1debab21103154b99778ba6e074175) Importer(815301076,1909f56bfc062723c751e8b465ee728b)
Start importing Packages/com.unity.timeline/Editor/StyleSheets/Images/Icons/TimelineHeaderMarkerIcon.png using Guid(bf1debab21103154b99778ba6e074175) Importer(815301076,1909f56bfc062723c751e8b465ee728b)  -> (artifact id: '9f6ac66a77a449c7647455ea3520502e') in 0.010313 seconds 
========================================================================
Received Import Request.
  Time since last request: 0.000014 seconds.
  path: Packages/com.unity.timeline/Editor/StyleSheets/Images/DarkSkin/TimelineMarkerItem.png
  artifactKey: Guid(c133595e3c100774496e03e66fa69259) Importer(815301076,1909f56bfc062723c751e8b465ee728b)
Start importing Packages/com.unity.timeline/Editor/StyleSheets/Images/DarkSkin/TimelineMarkerItem.png using Guid(c133595e3c100774496e03e66fa69259) Importer(815301076,1909f56bfc062723c751e8b465ee728b)  -> (artifact id: 'af1e0e12db97a51109dd1bb9273b3d6f') in 0.010965 seconds 
========================================================================
Received Import Request.
  Time since last request: 0.000018 seconds.
  path: Packages/com.unity.timeline/Editor/StyleSheets/Images/LightSkin/TimelineLoop.png
  artifactKey: Guid(c7df1e797b21c774f9b859d17f674737) Importer(815301076,1909f56bfc062723c751e8b465ee728b)
Start importing Packages/com.unity.timeline/Editor/StyleSheets/Images/LightSkin/TimelineLoop.png using Guid(c7df1e797b21c774f9b859d17f674737) Importer(815301076,1909f56bfc062723c751e8b465ee728b)  -> (artifact id: '4a5030d12d43ad2f12685e8f8f19eaec') in 0.006586 seconds 
========================================================================
Received Import Request.
  Time since last request: 0.000018 seconds.
  path: Packages/com.unity.timeline/Editor/StyleSheets/Images/DarkSkin/TimelineInfiniteTrackNoShadow.png
  artifactKey: Guid(eae63adb172f1164db61a7f4bdfc3637) Importer(815301076,1909f56bfc062723c751e8b465ee728b)
Start importing Packages/com.unity.timeline/Editor/StyleSheets/Images/DarkSkin/TimelineInfiniteTrackNoShadow.png using Guid(eae63adb172f1164db61a7f4bdfc3637) Importer(815301076,1909f56bfc062723c751e8b465ee728b)  -> (artifact id: 'd3a6b52725827ac483dd506c7a7398a2') in 0.007067 seconds 
========================================================================
Received Import Request.
  Time since last request: 0.000020 seconds.
  path: Packages/com.unity.timeline/Editor/StyleSheets/Images/LightSkin/TimelineKeyframe.png
  artifactKey: Guid(f9fd2f335364cda41937eab39bf20049) Importer(815301076,1909f56bfc062723c751e8b465ee728b)
Start importing Packages/com.unity.timeline/Editor/StyleSheets/Images/LightSkin/TimelineKeyframe.png using Guid(f9fd2f335364cda41937eab39bf20049) Importer(815301076,1909f56bfc062723c751e8b465ee728b)  -> (artifact id: '60e7a2bc268f5839a48ef183b935c779') in 0.007234 seconds 
========================================================================
Received Import Request.
  Time since last request: 0.006382 seconds.
  path: Packages/com.unity.timeline/Editor/StyleSheets/Images/DarkSkin/TimelineMarkerItemSelected.png
  artifactKey: Guid(3dd65256ca8837544b3e738c0d3ee0e2) Importer(815301076,1909f56bfc062723c751e8b465ee728b)
Start importing Packages/com.unity.timeline/Editor/StyleSheets/Images/DarkSkin/TimelineMarkerItemSelected.png using Guid(3dd65256ca8837544b3e738c0d3ee0e2) Importer(815301076,1909f56bfc062723c751e8b465ee728b)  -> (artifact id: '00f8efb9924a3f7d51bf753240b7f713') in 0.009834 seconds 
========================================================================
Received Import Request.
  Time since last request: 0.000017 seconds.
  path: Packages/com.unity.timeline/Editor/StyleSheets/Images/LightSkin/TimelinePingPong.png
  artifactKey: Guid(88d697f38121de443ba144702e5122d9) Importer(815301076,1909f56bfc062723c751e8b465ee728b)
Start importing Packages/com.unity.timeline/Editor/StyleSheets/Images/LightSkin/TimelinePingPong.png using Guid(88d697f38121de443ba144702e5122d9) Importer(815301076,1909f56bfc062723c751e8b465ee728b)  -> (artifact id: '1c9d7ddc3ae75cf428ebdde7a1024119') in 0.009128 seconds 
========================================================================
Received Import Request.
  Time since last request: 0.000025 seconds.
  path: Packages/com.unity.timeline/Editor/StyleSheets/Images/Icons/TimelineSignal.png
  artifactKey: Guid(15845fb26c2846947b4dedb9fb348cc1) Importer(815301076,1909f56bfc062723c751e8b465ee728b)
Start importing Packages/com.unity.timeline/Editor/StyleSheets/Images/Icons/TimelineSignal.png using Guid(15845fb26c2846947b4dedb9fb348cc1) Importer(815301076,1909f56bfc062723c751e8b465ee728b)  -> (artifact id: 'd819d14cf0247c2e2d4979f2a9ce4cd6') in 0.006815 seconds 
========================================================================
Received Import Request.
  Time since last request: 0.000022 seconds.
  path: Packages/com.unity.timeline/Editor/StyleSheets/Images/Shared/TimelineSwatch.png
  artifactKey: Guid(e50018fd67fc156459e4014bdad3f5f6) Importer(815301076,1909f56bfc062723c751e8b465ee728b)
Start importing Packages/com.unity.timeline/Editor/StyleSheets/Images/Shared/TimelineSwatch.png using Guid(e50018fd67fc156459e4014bdad3f5f6) Importer(815301076,1909f56bfc062723c751e8b465ee728b)  -> (artifact id: 'a36a4671663415715436b18b24ad6e53') in 0.012513 seconds 
========================================================================
Received Import Request.
  Time since last request: 0.000015 seconds.
  path: Packages/com.unity.timeline/Editor/StyleSheets/Images/DarkSkin/TimelinePlayRange.png
  artifactKey: Guid(43eeff8a446b32242a4fb1a5c1bd7b8e) Importer(815301076,1909f56bfc062723c751e8b465ee728b)
Start importing Packages/com.unity.timeline/Editor/StyleSheets/Images/DarkSkin/TimelinePlayRange.png using Guid(43eeff8a446b32242a4fb1a5c1bd7b8e) Importer(815301076,1909f56bfc062723c751e8b465ee728b)  -> (artifact id: '497cc0c338892cf60a7eb4d9aeed2cd0') in 0.009153 seconds 
========================================================================
Received Import Request.
  Time since last request: 0.015137 seconds.
  path: Packages/com.unity.timeline/Editor/StyleSheets/Images/Shared/TimelineWarning.png
  artifactKey: Guid(1732e542f535d374bbfa7565fc78414e) Importer(815301076,1909f56bfc062723c751e8b465ee728b)
Start importing Packages/com.unity.timeline/Editor/StyleSheets/Images/Shared/TimelineWarning.png using Guid(1732e542f535d374bbfa7565fc78414e) Importer(815301076,1909f56bfc062723c751e8b465ee728b)  -> (artifact id: '7b063ddeb9eb1bcacbfaf44feb892057') in 0.007168 seconds 
========================================================================
Received Import Request.
  Time since last request: 0.000017 seconds.
  path: Packages/com.unity.timeline/Editor/StyleSheets/Images/Icons/TrackAvatarButtonEnabled.png
  artifactKey: Guid(4bf6507f1346b2746a35384f6a5fd5f9) Importer(815301076,1909f56bfc062723c751e8b465ee728b)
Start importing Packages/com.unity.timeline/Editor/StyleSheets/Images/Icons/TrackAvatarButtonEnabled.png using Guid(4bf6507f1346b2746a35384f6a5fd5f9) Importer(815301076,1909f56bfc062723c751e8b465ee728b)  -> (artifact id: 'b5924d8d3d9f9036b7a94636f0406328') in 0.009083 seconds 
========================================================================
Received Import Request.
  Time since last request: 0.000016 seconds.
  path: Packages/com.unity.timeline/Editor/StyleSheets/Images/Icons/TrackLockButtonDisabled.png
  artifactKey: Guid(fef7487d8b06bba408f70354e2463ce4) Importer(815301076,1909f56bfc062723c751e8b465ee728b)
Start importing Packages/com.unity.timeline/Editor/StyleSheets/Images/Icons/TrackLockButtonDisabled.png using Guid(fef7487d8b06bba408f70354e2463ce4) Importer(815301076,1909f56bfc062723c751e8b465ee728b)  -> (artifact id: '8323168ea41d2ced6fabbc5496d52a1d') in 0.007140 seconds 
========================================================================
Received Import Request.
  Time since last request: 0.000020 seconds.
  path: Packages/com.unity.textmeshpro/Editor Resources/Gizmos/TMP - Input Field Icon.psd
  artifactKey: Guid(3ee40aa79cd242a5b53b0b0ca4f13f0f) Importer(815301076,1909f56bfc062723c751e8b465ee728b)
Start importing Packages/com.unity.textmeshpro/Editor Resources/Gizmos/TMP - Input Field Icon.psd using Guid(3ee40aa79cd242a5b53b0b0ca4f13f0f) Importer(815301076,1909f56bfc062723c751e8b465ee728b)  -> (artifact id: 'e51934bf70a551e8d2a27d5fcf451fa8') in 0.007412 seconds 
========================================================================
Received Import Request.
  Time since last request: 0.000014 seconds.
  path: Packages/com.unity.timeline/Editor/StyleSheets/Images/Icons/TrackCurvesButtonDisabled.png
  artifactKey: Guid(f0f8ff8921b22a74a8c79d955ace248d) Importer(815301076,1909f56bfc062723c751e8b465ee728b)
Start importing Packages/com.unity.timeline/Editor/StyleSheets/Images/Icons/TrackCurvesButtonDisabled.png using Guid(f0f8ff8921b22a74a8c79d955ace248d) Importer(815301076,1909f56bfc062723c751e8b465ee728b)  -> (artifact id: '6cf1b06c3f5f95c4cc3770af9984d1a9') in 0.005989 seconds 
========================================================================
Received Import Request.
  Time since last request: 238.934632 seconds.
  path: Assets/polyperfect/Poly Universal Pack/- Prefabs/Terrains/terrain-plane-hill-20x20m-north-east.prefab
  artifactKey: Guid(83f85cc3521e2e44eb1b8c4217f62ed1) Importer(815301076,1909f56bfc062723c751e8b465ee728b)
Start importing Assets/polyperfect/Poly Universal Pack/- Prefabs/Terrains/terrain-plane-hill-20x20m-north-east.prefab using Guid(83f85cc3521e2e44eb1b8c4217f62ed1) Importer(815301076,1909f56bfc062723c751e8b465ee728b)  -> (artifact id: '88e8de382510d2e77d7bb74ad24de050') in 0.052502 seconds 
========================================================================
Received Import Request.
  Time since last request: 0.058610 seconds.
  path: Assets/polyperfect/Poly Universal Pack/- Prefabs/Terrains/terrain-plane-hill-20x20m-south-west.prefab
  artifactKey: Guid(aeee466aac5982742b91a768cce7446e) Importer(815301076,1909f56bfc062723c751e8b465ee728b)
Start importing Assets/polyperfect/Poly Universal Pack/- Prefabs/Terrains/terrain-plane-hill-20x20m-south-west.prefab using Guid(aeee466aac5982742b91a768cce7446e) Importer(815301076,1909f56bfc062723c751e8b465ee728b)  -> (artifact id: 'b069d93b7ec7abd20705a6f37ef0e71a') in 0.012656 seconds 
========================================================================
Received Import Request.
  Time since last request: 0.095936 seconds.
  path: Assets/polyperfect/Poly Universal Pack/- Prefabs/Terrains/terrain-plane-plain-10x10m.prefab
  artifactKey: Guid(c7909291b4c72e24a9c56b1e63630b68) Importer(815301076,1909f56bfc062723c751e8b465ee728b)
Start importing Assets/polyperfect/Poly Universal Pack/- Prefabs/Terrains/terrain-plane-plain-10x10m.prefab using Guid(c7909291b4c72e24a9c56b1e63630b68) Importer(815301076,1909f56bfc062723c751e8b465ee728b)  -> (artifact id: '886f12ff2c3eda480b9ed70bba1ebb0f') in 0.013342 seconds 
========================================================================
Received Import Request.
  Time since last request: 0.000019 seconds.
  path: Assets/polyperfect/Poly Universal Pack/- Prefabs/Terrains/terrain-plane-valley-20x20m-south-west.prefab
  artifactKey: Guid(f15ca1a0d1fbb104cb2e9c83ffca68f9) Importer(815301076,1909f56bfc062723c751e8b465ee728b)
Start importing Assets/polyperfect/Poly Universal Pack/- Prefabs/Terrains/terrain-plane-valley-20x20m-south-west.prefab using Guid(f15ca1a0d1fbb104cb2e9c83ffca68f9) Importer(815301076,1909f56bfc062723c751e8b465ee728b)  -> (artifact id: '0b4ded816d21851b634d2b89dfb4de76') in 0.013776 seconds 
========================================================================
Received Import Request.
  Time since last request: 0.000015 seconds.
  path: Assets/polyperfect/Poly Universal Pack/- Prefabs/Terrains/terrain-plane-lake-20x20m.prefab
  artifactKey: Guid(ca8d3373e7205ff4e9d3099373d7a234) Importer(815301076,1909f56bfc062723c751e8b465ee728b)
Start importing Assets/polyperfect/Poly Universal Pack/- Prefabs/Terrains/terrain-plane-lake-20x20m.prefab using Guid(ca8d3373e7205ff4e9d3099373d7a234) Importer(815301076,1909f56bfc062723c751e8b465ee728b)  -> (artifact id: '1f469d591c33ce165017ade115bffd37') in 0.021330 seconds 
========================================================================
Received Import Request.
  Time since last request: 0.000015 seconds.
  path: Assets/polyperfect/Poly Universal Pack/- Prefabs/Terrains/terrain-plane-lake-10x10m.prefab
  artifactKey: Guid(bde84510830388f4584d95c3dd91aceb) Importer(815301076,1909f56bfc062723c751e8b465ee728b)
Start importing Assets/polyperfect/Poly Universal Pack/- Prefabs/Terrains/terrain-plane-lake-10x10m.prefab using Guid(bde84510830388f4584d95c3dd91aceb) Importer(815301076,1909f56bfc062723c751e8b465ee728b)  -> (artifact id: 'e7de17e75ab8ada9a58a0b149053f69d') in 0.021753 seconds 
========================================================================
Received Import Request.
  Time since last request: 0.000016 seconds.
  path: Assets/polyperfect/Poly Universal Pack/- Prefabs/Terrains/terrain-plane-slope-20x20m-east.prefab
  artifactKey: Guid(b0fe130afe8f3344bbb826652c96705a) Importer(815301076,1909f56bfc062723c751e8b465ee728b)
Start importing Assets/polyperfect/Poly Universal Pack/- Prefabs/Terrains/terrain-plane-slope-20x20m-east.prefab using Guid(b0fe130afe8f3344bbb826652c96705a) Importer(815301076,1909f56bfc062723c751e8b465ee728b)  -> (artifact id: '82614d919c53343098075f868128da38') in 0.015504 seconds 
========================================================================
Received Import Request.
  Time since last request: 0.000015 seconds.
  path: Assets/polyperfect/Poly Universal Pack/- Prefabs/Terrains/terrain-plane-plain-20x20m.prefab
  artifactKey: Guid(63e626537c4f43840846d41d1c9487d4) Importer(815301076,1909f56bfc062723c751e8b465ee728b)
Start importing Assets/polyperfect/Poly Universal Pack/- Prefabs/Terrains/terrain-plane-plain-20x20m.prefab using Guid(63e626537c4f43840846d41d1c9487d4) Importer(815301076,1909f56bfc062723c751e8b465ee728b)  -> (artifact id: 'b62235e5780964022ede7f1184d622dc') in 0.014960 seconds 
========================================================================
Received Import Request.
  Time since last request: 0.000027 seconds.
  path: Assets/polyperfect/Poly Universal Pack/- Prefabs/Terrains/terrain-plane-valley-20x20m-north-east.prefab
  artifactKey: Guid(13775d30d65ddaa4280a8b065c19dacd) Importer(815301076,1909f56bfc062723c751e8b465ee728b)
Start importing Assets/polyperfect/Poly Universal Pack/- Prefabs/Terrains/terrain-plane-valley-20x20m-north-east.prefab using Guid(13775d30d65ddaa4280a8b065c19dacd) Importer(815301076,1909f56bfc062723c751e8b465ee728b)  -> (artifact id: '7c34d43947c70a9f7f1cd3f3cf047d2d') in 0.013028 seconds 
========================================================================
Received Import Request.
  Time since last request: 0.000023 seconds.
  path: Assets/polyperfect/Poly Universal Pack/- Prefabs/Terrains/terrain-plane-valley-20x20m-north-west.prefab
  artifactKey: Guid(22a77b875be5a0749a4f7eeac68c0ddf) Importer(815301076,1909f56bfc062723c751e8b465ee728b)
Start importing Assets/polyperfect/Poly Universal Pack/- Prefabs/Terrains/terrain-plane-valley-20x20m-north-west.prefab using Guid(22a77b875be5a0749a4f7eeac68c0ddf) Importer(815301076,1909f56bfc062723c751e8b465ee728b)  -> (artifact id: '63e37cea0baefe6a157c10576b71a233') in 0.013997 seconds 
========================================================================
Received Import Request.
  Time since last request: 0.000017 seconds.
  path: Assets/polyperfect/Poly Universal Pack/- Prefabs/Terrains/terrain-plane-river-20x20m-vertical.prefab
  artifactKey: Guid(18fd0201a09951643bdc2df1bd471283) Importer(815301076,1909f56bfc062723c751e8b465ee728b)
Start importing Assets/polyperfect/Poly Universal Pack/- Prefabs/Terrains/terrain-plane-river-20x20m-vertical.prefab using Guid(18fd0201a09951643bdc2df1bd471283) Importer(815301076,1909f56bfc062723c751e8b465ee728b)  -> (artifact id: '9ff78a7eab69f62941162e396040fdbb') in 0.019349 seconds 
========================================================================
Received Import Request.
  Time since last request: 0.000021 seconds.
  path: Assets/polyperfect/Poly Universal Pack/- Prefabs/Terrains/terrain-plane-slope-20x20m-west.prefab
  artifactKey: Guid(beb0e6c0f7776f14ea02126966b3e0d6) Importer(815301076,1909f56bfc062723c751e8b465ee728b)
Start importing Assets/polyperfect/Poly Universal Pack/- Prefabs/Terrains/terrain-plane-slope-20x20m-west.prefab using Guid(beb0e6c0f7776f14ea02126966b3e0d6) Importer(815301076,1909f56bfc062723c751e8b465ee728b)  -> (artifact id: '858a7e440d1a07032648cd512df84847') in 0.014264 seconds 
========================================================================
Received Import Request.
  Time since last request: 14.262486 seconds.
  path: Assets/polyperfect/Poly Universal Pack/- Prefabs/Guns/desert-eagle.prefab
  artifactKey: Guid(bc91dd2807a324b4e993c60401b15abf) Importer(815301076,1909f56bfc062723c751e8b465ee728b)
Start importing Assets/polyperfect/Poly Universal Pack/- Prefabs/Guns/desert-eagle.prefab using Guid(bc91dd2807a324b4e993c60401b15abf) Importer(815301076,1909f56bfc062723c751e8b465ee728b)  -> (artifact id: '29b34cb3e9e311d831e825e2f53668b8') in 0.018379 seconds 
========================================================================
Received Import Request.
  Time since last request: 0.000014 seconds.
  path: Assets/polyperfect/Poly Universal Pack/- Prefabs/Guns/m249.prefab
  artifactKey: Guid(92321fb61ac7f4741a689d468d77c564) Importer(815301076,1909f56bfc062723c751e8b465ee728b)
Start importing Assets/polyperfect/Poly Universal Pack/- Prefabs/Guns/m249.prefab using Guid(92321fb61ac7f4741a689d468d77c564) Importer(815301076,1909f56bfc062723c751e8b465ee728b)  -> (artifact id: '993e48b58959512473798be1944aee99') in 0.019403 seconds 
========================================================================
Received Import Request.
  Time since last request: 0.000014 seconds.
  path: Assets/polyperfect/Poly Universal Pack/- Prefabs/Guns/p90.prefab
  artifactKey: Guid(1cf3f6d62791b3d46a69cf3edb5ab516) Importer(815301076,1909f56bfc062723c751e8b465ee728b)
Start importing Assets/polyperfect/Poly Universal Pack/- Prefabs/Guns/p90.prefab using Guid(1cf3f6d62791b3d46a69cf3edb5ab516) Importer(815301076,1909f56bfc062723c751e8b465ee728b)  -> (artifact id: 'e3ab4962d885f8c5e12b736aea94fd77') in 0.024013 seconds 
========================================================================
Received Import Request.
  Time since last request: 0.000023 seconds.
  path: Assets/polyperfect/Poly Universal Pack/- Prefabs/Guns/svd.prefab
  artifactKey: Guid(a8cd20434f4e38f4aa5ac4aa6d607dbd) Importer(815301076,1909f56bfc062723c751e8b465ee728b)
Start importing Assets/polyperfect/Poly Universal Pack/- Prefabs/Guns/svd.prefab using Guid(a8cd20434f4e38f4aa5ac4aa6d607dbd) Importer(815301076,1909f56bfc062723c751e8b465ee728b)  -> (artifact id: '710ed42046207db52b9f4c8ca8eb1cdc') in 0.018111 seconds 
========================================================================
Received Import Request.
  Time since last request: 0.000012 seconds.
  path: Assets/polyperfect/Poly Universal Pack/- Prefabs/Guns/vector.prefab
  artifactKey: Guid(7ce1fc45ca67a464aae365acd82180a7) Importer(815301076,1909f56bfc062723c751e8b465ee728b)
Start importing Assets/polyperfect/Poly Universal Pack/- Prefabs/Guns/vector.prefab using Guid(7ce1fc45ca67a464aae365acd82180a7) Importer(815301076,1909f56bfc062723c751e8b465ee728b)  -> (artifact id: 'd763081234de731702cc8c1c57f2ee03') in 0.020927 seconds 
========================================================================
Received Import Request.
  Time since last request: 0.000015 seconds.
  path: Assets/polyperfect/Poly Universal Pack/- Prefabs/Guns/m4a4.prefab
  artifactKey: Guid(133bd84bc59fea44481def26f36daa36) Importer(815301076,1909f56bfc062723c751e8b465ee728b)
Start importing Assets/polyperfect/Poly Universal Pack/- Prefabs/Guns/m4a4.prefab using Guid(133bd84bc59fea44481def26f36daa36) Importer(815301076,1909f56bfc062723c751e8b465ee728b)  -> (artifact id: '388925bc20dfa1e654fb9c6284379172') in 0.017283 seconds 
========================================================================
Received Import Request.
  Time since last request: 0.000017 seconds.
  path: Assets/polyperfect/Poly Universal Pack/- Prefabs/Guns/mac-10.prefab
  artifactKey: Guid(b75f5a856cfdd7646a706d8778759435) Importer(815301076,1909f56bfc062723c751e8b465ee728b)
Start importing Assets/polyperfect/Poly Universal Pack/- Prefabs/Guns/mac-10.prefab using Guid(b75f5a856cfdd7646a706d8778759435) Importer(815301076,1909f56bfc062723c751e8b465ee728b)  -> (artifact id: 'e1e06a70bae573e0f149bd945a43b83a') in 0.021039 seconds 
========================================================================
Received Import Request.
  Time since last request: 14.138558 seconds.
  path: Assets/polyperfect/Poly Universal Pack/- Prefabs/Guns/Throwables/grenade-smoke-grey.prefab
  artifactKey: Guid(91d4417a1abdbc64896f93025fdbf3f9) Importer(815301076,1909f56bfc062723c751e8b465ee728b)
Start importing Assets/polyperfect/Poly Universal Pack/- Prefabs/Guns/Throwables/grenade-smoke-grey.prefab using Guid(91d4417a1abdbc64896f93025fdbf3f9) Importer(815301076,1909f56bfc062723c751e8b465ee728b)  -> (artifact id: '06f05feb469d613cf4150185dfbc0de0') in 0.021999 seconds 
========================================================================
Received Import Request.
  Time since last request: 0.000016 seconds.
  path: Assets/polyperfect/Poly Universal Pack/- Prefabs/Guns/Throwables/grenade-smoke-yellow.prefab
  artifactKey: Guid(feacf94b1b87ca94c973f0805352673a) Importer(815301076,1909f56bfc062723c751e8b465ee728b)
Start importing Assets/polyperfect/Poly Universal Pack/- Prefabs/Guns/Throwables/grenade-smoke-yellow.prefab using Guid(feacf94b1b87ca94c973f0805352673a) Importer(815301076,1909f56bfc062723c751e8b465ee728b)  -> (artifact id: '97921cbabf3cf3a95a2afc432003fb1f') in 0.022980 seconds 
========================================================================
Received Import Request.
  Time since last request: 2.381561 seconds.
  path: Assets/polyperfect/Poly Universal Pack/- Prefabs/Guns/Shooting Range/tire-pile-a.prefab
  artifactKey: Guid(21f1fef6309de0b4788fe0510fc34e4e) Importer(815301076,1909f56bfc062723c751e8b465ee728b)
Start importing Assets/polyperfect/Poly Universal Pack/- Prefabs/Guns/Shooting Range/tire-pile-a.prefab using Guid(21f1fef6309de0b4788fe0510fc34e4e) Importer(815301076,1909f56bfc062723c751e8b465ee728b)  -> (artifact id: '607b42e08e4a65a1461ed6972a601172') in 0.024431 seconds 
========================================================================
Received Import Request.
  Time since last request: 0.000013 seconds.
  path: Assets/polyperfect/Poly Universal Pack/- Prefabs/Guns/Shooting Range/tire-pile-c.prefab
  artifactKey: Guid(13296ac40ed6a154c92c294a00393fb7) Importer(815301076,1909f56bfc062723c751e8b465ee728b)
Start importing Assets/polyperfect/Poly Universal Pack/- Prefabs/Guns/Shooting Range/tire-pile-c.prefab using Guid(13296ac40ed6a154c92c294a00393fb7) Importer(815301076,1909f56bfc062723c751e8b465ee728b)  -> (artifact id: '60b565db020d739a1fa1a0aa1a5ed57b') in 0.018652 seconds 
Editor requested this worker to shutdown with reason: Scaling down because of idle timeout
AssetImportWorker is now disconnected from the server
Process exiting
Exiting without the bug reporter. Application will terminate with return code 0